Adding groomed genjets  ak8GenJetsSoftDrop
Adding ungroomed genjets  ak8GenJets
Adding ungroomed patJetsAk8CHSJets
adding grommed jets patJetsAk8CHSJetsSoftDrop
adding grommed jets' subjets patJetsAk8CHSJetsSoftDropSubjets
Adding groomed genjets  ak8GenJetsSoftDrop
Adding ungroomed genjets  ak8GenJetsFat
Adding ungroomed patJetsAk8PuppiJetsFat
adding grommed jets patJetsAk8PuppiJetsSoftDrop
adding grommed jets' subjets patJetsAk8PuppiJetsSoftDropSubjets
Adding groomed genjets  ak8GenJetsPruned
Adding ungroomed genjets  ak8GenJets
adding grommed jets patJetsAk8CHSJetsPruned
adding grommed jets' subjets patJetsAk8CHSJetsPrunedSubjets
Switching PV collection for PF2PAT: cms.InputTag("offlineSlimmedPrimaryVertices")
***********************************
DEBUG 2017-10-27 18:18:15,481: 	 Executing command: 'submit'
DEBUG 2017-10-27 18:18:15,482: 	 Found CRAB cache file /afs/desy.de/user/z/zoiirene/.crab3
DEBUG 2017-10-27 18:18:15,494: 	 Checking credentials
DEBUG 2017-10-27 18:18:15,494: 	 Found proxy file /tmp/x509up_u28517
DEBUG 2017-10-27 18:18:15,495: 	 Getting proxy life time left
DEBUG 2017-10-27 18:18:16,400: 	 Executing : 
 command : voms-proxy-info -file /tmp/x509up_u28517 -timeleft
 output : 42942

 error: 
 retcode : 0
DEBUG 2017-10-27 18:18:17,407: 	 Executing : 
 command : voms-proxy-info -file /tmp/x509up_u28517 -actimeleft
 output : 42941

 error: 
 retcode : 0
DEBUG 2017-10-27 18:18:17,408: 	 Proxy valid for 11:55:42 hours
INFO 2017-10-27 18:18:17,409: 	 Will use CRAB configuration file crab_VBF_Graviton_2000_93X_upgrade2023.py
DEBUG 2017-10-27 18:18:17,409: 	 Loading CRAB configuration file.
DEBUG 2017-10-27 18:18:22,530: 	 Will use CRAB Analysis plugin (i.e. will run an analysis job type).
DEBUG 2017-10-27 18:18:22,649: 	 Executing : 
 command : openssl x509 -in ~/.globus/usercert.pem -subject -noout
 output : subject= /C=DE/O=GermanGrid/OU=uni-hamburg/CN=Zoi Irene

 error: 
 retcode : 0
DEBUG 2017-10-27 18:18:22,650: 	 Checking credentials
DEBUG 2017-10-27 18:18:22,650: 	 Found proxy file /tmp/x509up_u28517
DEBUG 2017-10-27 18:18:22,650: 	 Getting proxy life time left
DEBUG 2017-10-27 18:18:23,656: 	 Executing : 
 command : voms-proxy-info -file /tmp/x509up_u28517 -timeleft
 output : 42935

 error: 
 retcode : 0
DEBUG 2017-10-27 18:18:24,664: 	 Executing : 
 command : voms-proxy-info -file /tmp/x509up_u28517 -actimeleft
 output : 42934

 error: 
 retcode : 0
DEBUG 2017-10-27 18:18:24,665: 	 Proxy valid for 11:55:35 hours
DEBUG 2017-10-27 18:18:25,672: 	 Executing : 
 command : env X509_USER_PROXY=/tmp/x509up_u28517 voms-proxy-info -fqan
 output : /cms/Role=NULL/Capability=NULL
/cms/dcms/Role=NULL/Capability=NULL

 error: 
 retcode : 0
DEBUG 2017-10-27 18:18:27,051: 	 Registering user credentials for server /DC=ch/DC=cern/OU=computers/CN=vocms(045|052|021|031|0118|0118a|0119|0108|0105|0109).cern.ch
DEBUG 2017-10-27 18:18:27,165: 	 Executing : 
 command : openssl x509 -in ~/.globus/usercert.pem -subject -noout
 output : subject= /C=DE/O=GermanGrid/OU=uni-hamburg/CN=Zoi Irene

 error: 
 retcode : 0
DEBUG 2017-10-27 18:18:27,166: 	 Getting myproxy life time left for myproxy.cern.ch
DEBUG 2017-10-27 18:18:27,166: 	 Calculating hash of /C=DE/O=GermanGrid/OU=uni-hamburg/CN=Zoi Irene_cmsweb.cern.ch for credential name
DEBUG 2017-10-27 18:18:27,671: 	 Executing : 
 command : myproxy-info -l 3cd82fca48badc692f8513e62d67e79566e4e718 -s myproxy.cern.ch
 output : username: 3cd82fca48badc692f8513e62d67e79566e4e718
owner: /C=DE/O=GermanGrid/OU=uni-hamburg/CN=Zoi Irene
  renewal policy: /DC=ch/DC=cern/OU=computers/CN=vocms(045|052|021|031|0118|0118a|0119|0108|0105|0109).cern.ch
  trusted retrieval policy: /DC=ch/DC=cern/OU=computers/CN=vocms(045|052|021|031|0118|0118a|0119|0108|0105|0109).cern.ch
  timeleft: 669:44:01  (27.9 days)

 error: 
 retcode : 0
DEBUG 2017-10-27 18:18:27,673: 	 Myproxy is valid: 2411041
DEBUG 2017-10-27 18:18:27,674: 	 Command use: submit
DEBUG 2017-10-27 18:18:27,674: 	 Options use: ['-c', 'crab_VBF_Graviton_2000_93X_upgrade2023.py']
DEBUG 2017-10-27 18:18:29,026: 	 CRABClient version: 3.3.1707.patch1
DEBUG 2017-10-27 18:18:29,026: 	 Instance is prod
DEBUG 2017-10-27 18:18:29,026: 	 Server base url is cmsweb.cern.ch
DEBUG 2017-10-27 18:18:29,026: 	 Command url /crabserver/prod/workflow
DEBUG 2017-10-27 18:18:29,026: 	 Started submission
DEBUG 2017-10-27 18:18:29,026: 	 Working on /nfs/dust/cms/user/zoiirene/UpgradeStudiesGtoWW/framework93X/new932/CMSSW_9_3_2/src/UHH2/scripts/crab/crab_Graviton/crab_VBF_BulkGravToWW_narrow_M-2000_14TeV_PhaseIITDRFall17_noPU_new
DEBUG 2017-10-27 18:18:30,513: 	 Loading required information from the environment
DEBUG 2017-10-27 18:18:30,513: 	 Found CMSSW_9_3_2 for slc6_amd64_gcc630 with base /nfs/dust/cms/user/zoiirene/UpgradeStudiesGtoWW/framework93X/new932/CMSSW_9_3_2
DEBUG 2017-10-27 18:18:30,513: 	 Loading required information from the environment
DEBUG 2017-10-27 18:18:30,513: 	 Found CMSSW_9_3_2 for slc6_amd64_gcc630 with base /nfs/dust/cms/user/zoiirene/UpgradeStudiesGtoWW/framework93X/new932/CMSSW_9_3_2
DEBUG 2017-10-27 18:18:30,525: 	 UNIQUE NAME: tarUUID 50da6f4f-8656-418e-9822-984448a703ee 
DEBUG 2017-10-27 18:18:30,525: 	 self.config: from WMCore.Configuration import Configuration
config = Configuration()
config.section_('General')
config.General.transferLogs = True
config.General.transferOutputs = True
config.General.workArea = 'crab_Graviton'
config.General.requestName = 'VBF_BulkGravToWW_narrow_M-2000_14TeV_PhaseIITDRFall17_noPU_new'
config.section_('JobType')
config.JobType.psetName = '/nfs/dust/cms/user/zoiirene/UpgradeStudiesGtoWW/framework93X/new932/CMSSW_9_3_2/src/UHH2/core/python/ntuplewriter_93X_irene.py'
config.JobType.pluginName = 'Analysis'
config.JobType.outputFiles = ['Ntuple_AK8.root']
config.JobType.maxMemoryMB = 2500
config.JobType.sendExternalFolder = True
config.section_('Data')
config.Data.inputDataset = '/VBF_BulkGravToWW_narrow_M-2000_14TeV-madgraph/PhaseIITDRFall17MiniAOD-noPU_93X_upgrade2023_realistic_v2-v1/MINIAODSIM'
config.Data.allowNonValidInputDataset = True
config.Data.publication = False
config.Data.unitsPerJob = 7500
config.Data.inputDBS = 'global'
config.Data.splitting = 'EventAwareLumiBased'
config.Data.outLFNDirBase = '/store/user/izoi/RunII_93X_v2-v1/'
config.section_('Site')
config.Site.storageSite = 'T2_DE_DESY'
config.section_('User')
config.section_('Debug')

DEBUG 2017-10-27 18:18:30,525: 	 self.config.JobType.psetName: /nfs/dust/cms/user/zoiirene/UpgradeStudiesGtoWW/framework93X/new932/CMSSW_9_3_2/src/UHH2/core/python/ntuplewriter_93X_irene.py
INFO 2017-10-27 18:18:30,526: 	 Importing CMSSW configuration /nfs/dust/cms/user/zoiirene/UpgradeStudiesGtoWW/framework93X/new932/CMSSW_9_3_2/src/UHH2/core/python/ntuplewriter_93X_irene.py
INFO 2017-10-27 18:18:34,663: 	 Finished importing CMSSW configuration /nfs/dust/cms/user/zoiirene/UpgradeStudiesGtoWW/framework93X/new932/CMSSW_9_3_2/src/UHH2/core/python/ntuplewriter_93X_irene.py
DEBUG 2017-10-27 18:18:34,663: 	 Writing CMSSW configuration to /nfs/dust/cms/user/zoiirene/UpgradeStudiesGtoWW/framework93X/new932/CMSSW_9_3_2/src/UHH2/scripts/crab/crab_Graviton/crab_VBF_BulkGravToWW_narrow_M-2000_14TeV_PhaseIITDRFall17_noPU_new/inputs/PSet.py
DEBUG 2017-10-27 18:18:35,947: 	 The following EDM output files will be collected: []
DEBUG 2017-10-27 18:18:35,947: 	 The following TFile output files will be collected: []
DEBUG 2017-10-27 18:18:35,947: 	 The following user output files will be collected: ['Ntuple_AK8.root']
DEBUG 2017-10-27 18:18:35,947: 	 Loading required information from the environment
DEBUG 2017-10-27 18:18:35,947: 	 Found CMSSW_9_3_2 for slc6_amd64_gcc630 with base /nfs/dust/cms/user/zoiirene/UpgradeStudiesGtoWW/framework93X/new932/CMSSW_9_3_2
DEBUG 2017-10-27 18:18:35,947: 	 Making tarball in /nfs/dust/cms/user/zoiirene/UpgradeStudiesGtoWW/framework93X/new932/CMSSW_9_3_2/src/UHH2/scripts/crab/crab_Graviton/crab_VBF_BulkGravToWW_narrow_M-2000_14TeV_PhaseIITDRFall17_noPU_new/inputs/50da6f4f-8656-418e-9822-984448a703eedefault.tgz
DEBUG 2017-10-27 18:18:36,032: 	 Checking directory /nfs/dust/cms/user/zoiirene/UpgradeStudiesGtoWW/framework93X/new932/CMSSW_9_3_2/lib
DEBUG 2017-10-27 18:18:36,032: 	 Adding directory /nfs/dust/cms/user/zoiirene/UpgradeStudiesGtoWW/framework93X/new932/CMSSW_9_3_2/lib to tarball
DEBUG 2017-10-27 18:18:38,316: 	 Checking directory /nfs/dust/cms/user/zoiirene/UpgradeStudiesGtoWW/framework93X/new932/CMSSW_9_3_2/biglib
DEBUG 2017-10-27 18:18:38,317: 	 Adding directory /nfs/dust/cms/user/zoiirene/UpgradeStudiesGtoWW/framework93X/new932/CMSSW_9_3_2/biglib to tarball
DEBUG 2017-10-27 18:18:38,318: 	 Checking directory /nfs/dust/cms/user/zoiirene/UpgradeStudiesGtoWW/framework93X/new932/CMSSW_9_3_2/module
DEBUG 2017-10-27 18:18:38,318: 	 Checking directory /nfs/dust/cms/user/zoiirene/UpgradeStudiesGtoWW/framework93X/new932/CMSSW_9_3_2/external
DEBUG 2017-10-27 18:18:38,318: 	 Adding directory /nfs/dust/cms/user/zoiirene/UpgradeStudiesGtoWW/framework93X/new932/CMSSW_9_3_2/external to tarball
DEBUG 2017-10-27 18:18:41,089: 	 Adding data directory /nfs/dust/cms/user/zoiirene/UpgradeStudiesGtoWW/framework93X/new932/CMSSW_9_3_2/src/UHH2/common/data to tarball
DEBUG 2017-10-27 18:18:44,131: 	 Adding data directory /nfs/dust/cms/user/zoiirene/UpgradeStudiesGtoWW/framework93X/new932/CMSSW_9_3_2/src/UHH2/JetMETObjects/data to tarball
DEBUG 2017-10-27 18:18:46,167: 	 Adding data directory /nfs/dust/cms/user/zoiirene/UpgradeStudiesGtoWW/framework93X/new932/CMSSW_9_3_2/src/UHH2/JetMETObjects/interface to tarball
DEBUG 2017-10-27 18:18:46,380: 	 Uploading archive /nfs/dust/cms/user/zoiirene/UpgradeStudiesGtoWW/framework93X/new932/CMSSW_9_3_2/src/UHH2/scripts/crab/crab_Graviton/crab_VBF_BulkGravToWW_narrow_M-2000_14TeV_PhaseIITDRFall17_noPU_new/inputs/50da6f4f-8656-418e-9822-984448a703eedefault.tgz (12 MB) to the CRAB cache. Using URI https://cmsweb.cern.ch/crabcache
DEBUG 2017-10-27 18:18:51,971: 	 Loading required information from the environment
DEBUG 2017-10-27 18:18:51,971: 	 Found CMSSW_9_3_2 for slc6_amd64_gcc630 with base /nfs/dust/cms/user/zoiirene/UpgradeStudiesGtoWW/framework93X/new932/CMSSW_9_3_2
DEBUG 2017-10-27 18:18:51,972: 	 Making tarball in /nfs/dust/cms/user/zoiirene/UpgradeStudiesGtoWW/framework93X/new932/CMSSW_9_3_2/src/UHH2/scripts/crab/crab_Graviton/crab_VBF_BulkGravToWW_narrow_M-2000_14TeV_PhaseIITDRFall17_noPU_new/inputs/debugFiles.tgz
DEBUG 2017-10-27 18:18:51,985: 	 Uploading archive /nfs/dust/cms/user/zoiirene/UpgradeStudiesGtoWW/framework93X/new932/CMSSW_9_3_2/src/UHH2/scripts/crab/crab_Graviton/crab_VBF_BulkGravToWW_narrow_M-2000_14TeV_PhaseIITDRFall17_noPU_new/inputs/debugFiles.tgz (12 KB) to the CRAB cache. Using URI https://cmsweb.cern.ch/crabcache
DEBUG 2017-10-27 18:18:53,487: 	 Result uploading input files: 03b10f8b88dd15fe56506f8f596dae98185dbbf51d307291eef174d945532fa7.tar.gz 
INFO 2017-10-27 18:18:53,487: 	 Sending the request to the server
DEBUG 2017-10-27 18:18:53,487: 	 Submitting {'maxjobruntime': 1250, 'extrajdl': [], 'ignorelocality': 0, 'savelogsflag': 1, 'useparent': 0, 'asyncdest': 'T2_DE_DESY', 'algoargs': 7500, 'cachefilename': '03b10f8b88dd15fe56506f8f596dae98185dbbf51d307291eef174d945532fa7.tar.gz', 'numcores': 1, 'addoutputfiles': ['Ntuple_AK8.root'], 'generator': 'pythia', 'maxmemory': 2500, 'publishdbsurl': 'https://cmsweb.cern.ch/dbs/prod/phys03/DBSWriter', 'priority': 10, 'jobsw': 'CMSSW_9_3_2', 'edmoutfiles': [], 'userfiles': [], 'primarydataset': '', 'inputdata': '/VBF_BulkGravToWW_narrow_M-2000_14TeV-madgraph/PhaseIITDRFall17MiniAOD-noPU_93X_upgrade2023_realistic_v2-v1/MINIAODSIM', 'lfn': '/store/user/izoi/RunII_93X_v2-v1/', 'dryrun': 0, 'workflow': 'crab_VBF_BulkGravToWW_narrow_M-2000_14TeV_PhaseIITDRFall17_noPU_new', 'cacheurl': u'https://cmsweb.cern.ch/crabcache', 'nonprodsw': 0, 'tfileoutfiles': [], 'oneEventMode': 0, 'debugfilename': '9338db6de43b0d4b1eda8083158a8e3be03e30e5c8c2870c35a1552cfe90f16f.tar.gz', 'saveoutput': 1, 'publication': 0, 'jobarch': 'slc6_amd64_gcc630', 'totalunits': 0, 'splitalgo': 'EventAwareLumiBased', 'ignoreglobalblacklist': 0, 'nonvaliddata': 1, 'dbsurl': 'https://cmsweb.cern.ch/dbs/prod/global/DBSReader', 'publishgroupname': 0, 'jobtype': 'Analysis', 'publishname2': ''} 
DEBUG 2017-10-27 18:18:53,487: 	 Encoded submit request: maxjobruntime=1250&ignorelocality=0&savelogsflag=1&useparent=0&asyncdest=T2_DE_DESY&algoargs=7500&cachefilename=03b10f8b88dd15fe56506f8f596dae98185dbbf51d307291eef174d945532fa7.tar.gz&numcores=1&generator=pythia&maxmemory=2500&publishdbsurl=https%3A%2F%2Fcmsweb.cern.ch%2Fdbs%2Fprod%2Fphys03%2FDBSWriter&priority=10&jobsw=CMSSW_9_3_2&primarydataset=&inputdata=%2FVBF_BulkGravToWW_narrow_M-2000_14TeV-madgraph%2FPhaseIITDRFall17MiniAOD-noPU_93X_upgrade2023_realistic_v2-v1%2FMINIAODSIM&lfn=%2Fstore%2Fuser%2Fizoi%2FRunII_93X_v2-v1%2F&dryrun=0&workflow=crab_VBF_BulkGravToWW_narrow_M-2000_14TeV_PhaseIITDRFall17_noPU_new&cacheurl=https%3A%2F%2Fcmsweb.cern.ch%2Fcrabcache&nonprodsw=0&oneEventMode=0&debugfilename=9338db6de43b0d4b1eda8083158a8e3be03e30e5c8c2870c35a1552cfe90f16f.tar.gz&saveoutput=1&publication=0&jobarch=slc6_amd64_gcc630&totalunits=0&splitalgo=EventAwareLumiBased&ignoreglobalblacklist=0&nonvaliddata=1&dbsurl=https%3A%2F%2Fcmsweb.cern.ch%2Fdbs%2Fprod%2Fglobal%2FDBSReader&publishgroupname=0&jobtype=Analysis&publishname2=&addoutputfiles=Ntuple_AK8.root
DEBUG 2017-10-27 18:18:55,216: 	 Result: {u'result': [{u'RequestName': u'171027_161854:izoi_crab_VBF_BulkGravToWW_narrow_M-2000_14TeV_PhaseIITDRFall17_noPU_new'}]}
INFO 2017-10-27 18:18:55,220: 	 Success: Your task has been delivered to the CRAB3 server.
INFO 2017-10-27 18:18:55,221: 	 Task name: 171027_161854:izoi_crab_VBF_BulkGravToWW_narrow_M-2000_14TeV_PhaseIITDRFall17_noPU_new
INFO 2017-10-27 18:18:55,221: 	 Please use 'crab status' to check how the submission process proceeds.
DEBUG 2017-10-27 18:18:55,221: 	 About to return
INFO 2017-10-27 18:18:55,228: 	 Log file is /nfs/dust/cms/user/zoiirene/UpgradeStudiesGtoWW/framework93X/new932/CMSSW_9_3_2/src/UHH2/scripts/crab/crab_Graviton/crab_VBF_BulkGravToWW_narrow_M-2000_14TeV_PhaseIITDRFall17_noPU_new/crab.log
DEBUG 2017-11-02 15:55:13,356: 	 Executing command: 'resubmit'
DEBUG 2017-11-02 15:55:13,356: 	 Found CRAB cache file /afs/desy.de/user/z/zoiirene/.crab3
DEBUG 2017-11-02 15:55:13,368: 	 Checking credentials
DEBUG 2017-11-02 15:55:13,369: 	 Found proxy file /tmp/x509up_u28517
DEBUG 2017-11-02 15:55:13,369: 	 Getting proxy life time left
DEBUG 2017-11-02 15:55:14,275: 	 Executing : 
 command : voms-proxy-info -file /tmp/x509up_u28517 -timeleft
 output : 42848

 error: 
 retcode : 0
DEBUG 2017-11-02 15:55:15,281: 	 Executing : 
 command : voms-proxy-info -file /tmp/x509up_u28517 -actimeleft
 output : 42846

 error: 
 retcode : 0
DEBUG 2017-11-02 15:55:15,281: 	 Proxy valid for 11:54:08 hours
DEBUG 2017-11-02 15:55:15,405: 	 Executing : 
 command : openssl x509 -in ~/.globus/usercert.pem -subject -noout
 output : subject= /C=DE/O=GermanGrid/OU=uni-hamburg/CN=Zoi Irene

 error: 
 retcode : 0
DEBUG 2017-11-02 15:55:15,405: 	 Checking credentials
DEBUG 2017-11-02 15:55:15,405: 	 Found proxy file /tmp/x509up_u28517
DEBUG 2017-11-02 15:55:15,405: 	 Getting proxy life time left
DEBUG 2017-11-02 15:55:16,311: 	 Executing : 
 command : voms-proxy-info -file /tmp/x509up_u28517 -timeleft
 output : 42846

 error: 
 retcode : 0
DEBUG 2017-11-02 15:55:17,218: 	 Executing : 
 command : voms-proxy-info -file /tmp/x509up_u28517 -actimeleft
 output : 42844

 error: 
 retcode : 0
DEBUG 2017-11-02 15:55:17,218: 	 Proxy valid for 11:54:06 hours
DEBUG 2017-11-02 15:55:18,592: 	 Registering user credentials for server /DC=ch/DC=cern/OU=computers/CN=vocms(045|052|021|031|0118|0118a|0119|0108|0105|0109).cern.ch
DEBUG 2017-11-02 15:55:18,706: 	 Executing : 
 command : openssl x509 -in ~/.globus/usercert.pem -subject -noout
 output : subject= /C=DE/O=GermanGrid/OU=uni-hamburg/CN=Zoi Irene

 error: 
 retcode : 0
DEBUG 2017-11-02 15:55:18,706: 	 Getting myproxy life time left for myproxy.cern.ch
DEBUG 2017-11-02 15:55:18,706: 	 Calculating hash of /C=DE/O=GermanGrid/OU=uni-hamburg/CN=Zoi Irene_cmsweb.cern.ch for credential name
DEBUG 2017-11-02 15:55:19,012: 	 Executing : 
 command : myproxy-info -l 3cd82fca48badc692f8513e62d67e79566e4e718 -s myproxy.cern.ch
 output : username: 3cd82fca48badc692f8513e62d67e79566e4e718
owner: /C=DE/O=GermanGrid/OU=uni-hamburg/CN=Zoi Irene
  renewal policy: /DC=ch/DC=cern/OU=computers/CN=vocms(045|052|021|031|0118|0118a|0119|0108|0105|0109).cern.ch
  trusted retrieval policy: /DC=ch/DC=cern/OU=computers/CN=vocms(045|052|021|031|0118|0118a|0119|0108|0105|0109).cern.ch
  timeleft: 527:07:10  (22.0 days)

 error: 
 retcode : 0
DEBUG 2017-11-02 15:55:19,014: 	 Myproxy is valid: 1897630
DEBUG 2017-11-02 15:55:19,014: 	 Command use: resubmit
DEBUG 2017-11-02 15:55:19,014: 	 Options use: ['-d', 'crab_Graviton/crab_VBF_BulkGravToWW_narrow_M-2000_14TeV_PhaseIITDRFall17_noPU_new']
DEBUG 2017-11-02 15:55:20,436: 	 CRABClient version: 3.3.1707.patch1
DEBUG 2017-11-02 15:55:20,436: 	 Instance is prod
DEBUG 2017-11-02 15:55:20,437: 	 Server base url is cmsweb.cern.ch
DEBUG 2017-11-02 15:55:20,437: 	 Command url /crabserver/prod/workflow
DEBUG 2017-11-02 15:55:20,437: 	 Executing command: 'status'
DEBUG 2017-11-02 15:55:20,437: 	 Found CRAB cache file /afs/desy.de/user/z/zoiirene/.crab3
DEBUG 2017-11-02 15:55:20,448: 	 Checking credentials
DEBUG 2017-11-02 15:55:20,449: 	 Found proxy file /tmp/x509up_u28517
DEBUG 2017-11-02 15:55:20,449: 	 Getting proxy life time left
DEBUG 2017-11-02 15:55:21,355: 	 Executing : 
 command : voms-proxy-info -file /tmp/x509up_u28517 -timeleft
 output : 42841

 error: 
 retcode : 0
DEBUG 2017-11-02 15:55:22,262: 	 Executing : 
 command : voms-proxy-info -file /tmp/x509up_u28517 -actimeleft
 output : 42839

 error: 
 retcode : 0
DEBUG 2017-11-02 15:55:22,263: 	 Proxy valid for 11:54:01 hours
DEBUG 2017-11-02 15:55:22,380: 	 Executing : 
 command : openssl x509 -in ~/.globus/usercert.pem -subject -noout
 output : subject= /C=DE/O=GermanGrid/OU=uni-hamburg/CN=Zoi Irene

 error: 
 retcode : 0
DEBUG 2017-11-02 15:55:22,381: 	 Checking credentials
DEBUG 2017-11-02 15:55:22,381: 	 Found proxy file /tmp/x509up_u28517
DEBUG 2017-11-02 15:55:22,381: 	 Getting proxy life time left
DEBUG 2017-11-02 15:55:23,287: 	 Executing : 
 command : voms-proxy-info -file /tmp/x509up_u28517 -timeleft
 output : 42839

 error: 
 retcode : 0
DEBUG 2017-11-02 15:55:24,294: 	 Executing : 
 command : voms-proxy-info -file /tmp/x509up_u28517 -actimeleft
 output : 42837

 error: 
 retcode : 0
DEBUG 2017-11-02 15:55:24,294: 	 Proxy valid for 11:53:59 hours
DEBUG 2017-11-02 15:55:25,765: 	 Registering user credentials for server /DC=ch/DC=cern/OU=computers/CN=vocms(045|052|021|031|0118|0118a|0119|0108|0105|0109).cern.ch
DEBUG 2017-11-02 15:55:25,874: 	 Executing : 
 command : openssl x509 -in ~/.globus/usercert.pem -subject -noout
 output : subject= /C=DE/O=GermanGrid/OU=uni-hamburg/CN=Zoi Irene

 error: 
 retcode : 0
DEBUG 2017-11-02 15:55:25,875: 	 Getting myproxy life time left for myproxy.cern.ch
DEBUG 2017-11-02 15:55:25,875: 	 Calculating hash of /C=DE/O=GermanGrid/OU=uni-hamburg/CN=Zoi Irene_cmsweb.cern.ch for credential name
DEBUG 2017-11-02 15:55:26,379: 	 Executing : 
 command : myproxy-info -l 3cd82fca48badc692f8513e62d67e79566e4e718 -s myproxy.cern.ch
 output : username: 3cd82fca48badc692f8513e62d67e79566e4e718
owner: /C=DE/O=GermanGrid/OU=uni-hamburg/CN=Zoi Irene
  renewal policy: /DC=ch/DC=cern/OU=computers/CN=vocms(045|052|021|031|0118|0118a|0119|0108|0105|0109).cern.ch
  trusted retrieval policy: /DC=ch/DC=cern/OU=computers/CN=vocms(045|052|021|031|0118|0118a|0119|0108|0105|0109).cern.ch
  timeleft: 527:07:02  (22.0 days)

 error: 
 retcode : 0
DEBUG 2017-11-02 15:55:26,379: 	 Myproxy is valid: 1897622
DEBUG 2017-11-02 15:55:26,379: 	 Command use: status
DEBUG 2017-11-02 15:55:26,379: 	 Options use: []
DEBUG 2017-11-02 15:55:27,810: 	 CRABClient version: 3.3.1707.patch1
DEBUG 2017-11-02 15:55:27,810: 	 Instance is prod
DEBUG 2017-11-02 15:55:27,810: 	 Server base url is cmsweb.cern.ch
DEBUG 2017-11-02 15:55:27,810: 	 Command url /crabserver/prod/workflow
DEBUG 2017-11-02 15:55:29,307: 	 Got information from server oracle database: {u'result': [u'171027_161854:izoi_crab_VBF_BulkGravToWW_narrow_M-2000_14TeV_PhaseIITDRFall17_noPU_new', u'None', u'SUBMITTED', u'2017-10-27 16:18:55.195260', u'None', u'2017-10-27 16:19:47.372309', u'None', u'CMSSW_9_3_2', u'slc6_amd64_gcc630', u'/VBF_BulkGravToWW_narrow_M-2000_14TeV-madgraph/PhaseIITDRFall17MiniAOD-noPU_93X_upgrade2023_realistic_v2-v1/MINIAODSIM', u'[]', u'[]', u'EventAwareLumiBased', u"{'splitOnRun': False, 'events_per_job': 7500, 'halt_job_on_file_boundaries': False, 'runs': [], 'lumis': []}", u'0', u'03b10f8b88dd15fe56506f8f596dae98185dbbf51d307291eef174d945532fa7.tar.gz', u'https://cmsweb.cern.ch/crabcache', u'izoi', u'/C=DE/O=GermanGrid/OU=uni-hamburg/CN=Zoi Irene', u'cms', u'None', u'None', u'crab_VBF_BulkGravToWW_narrow_M-2000_14TeV_PhaseIITDRFall17_noPU_new-00000000000000000000000000000000', u'T2_DE_DESY', u'https://cmsweb.cern.ch/dbs/prod/global/DBSReader', u'https://cmsweb.cern.ch/dbs/prod/phys03/DBSWriter', u'F', u'Analysis', u'{}', u'[]', u'T', u'vocms052', u'[]', u'1250', u'1', u'2500', u'10', u'None', u'http://vocms0195.cern.ch/mon/cms1123/171027_161854:izoi_crab_VBF_BulkGravToWW_narrow_M-2000_14TeV_PhaseIITDRFall17_noPU_new', u'None', u'None', u'[]', u'[]', u'["The input dataset /VBF_BulkGravToWW_narrow_M-2000_14TeV-madgraph/PhaseIITDRFall17MiniAOD-noPU_93X_upgrade2023_realistic_v2-v1/MINIAODSIM is not \'VALID\' but \'PRODUCTION\'. CRAB will check if there are any valid files in the dataset and run only over those files."]', u'pythia', u"['Ntuple_AK8.root']", u'[]', u'[]', u'https://cmsweb.cern.ch/crabserver/prod', u'None', u'0', u'cmsgwms-collector-global.cern.ch:9620,cmssrv221.fnal.gov:9620', u'crab3@vocms0195.cern.ch', u'F', u'[]', u'T', u'/store/user/izoi/RunII_93X_v2-v1/', u'F', u'None', u'F', u'F', u'T', u'None', u'VBF_BulkGravToWW_narrow_M-2000_14TeV-madgraph', u'filetransfers', u'SUBMIT', u'13095034', u'9338db6de43b0d4b1eda8083158a8e3be03e30e5c8c2870c35a1552cfe90f16f.tar.gz', u'131.169.168.55', u'F', u'None'], u'desc': {u'columns': [u'tm_taskname', u'panda_jobset_id', u'tm_task_status', u'tm_start_time', u'tm_start_injection', u'tm_end_injection', u'tm_task_failure', u'tm_job_sw', u'tm_job_arch', u'tm_input_dataset', u'tm_site_whitelist', u'tm_site_blacklist', u'tm_split_algo', u'tm_split_args', u'tm_totalunits', u'tm_user_sandbox', u'tm_cache_url', u'tm_username', u'tm_user_dn', u'tm_user_vo', u'tm_user_role', u'tm_user_group', u'tm_publish_name', u'tm_asyncdest', u'tm_dbs_url', u'tm_publish_dbs_url', u'tm_publication', u'tm_job_type', u'tm_arguments', u'panda_resubmitted_jobs', u'tm_save_logs', u'tw_name', u'tm_user_infiles', u'tm_maxjobruntime', u'tm_numcores', u'tm_maxmemory', u'tm_priority', u'tm_output_dataset', u'tm_user_webdir', u'tm_activity', u'tm_scriptexe', u'tm_scriptargs', u'tm_extrajdl', u'tm_task_warnings', u'tm_generator', u'tm_outfiles', u'tm_tfile_outfiles', u'tm_edm_outfiles', u'tm_asourl', u'tm_events_per_lumi', u'tm_use_parent', u'tm_collector', u'tm_schedd', u'tm_dry_run', u'tm_user_files', u'tm_transfer_outputs', u'tm_output_lfn', u'tm_ignore_locality', u'tm_fail_limit', u'tm_one_event_mode', u'tm_publish_groupname', u'tm_nonvalid_input_dataset', u'tm_secondary_input_dataset', u'tm_primary_dataset', u'tm_asodb', u'tm_task_command', u'clusterid', u'tm_debug_files', u'tm_submitter_ip_addr', u'tm_ignore_global_blacklist', u'tm_last_publication']}}
INFO 2017-11-02 15:55:29,308: 	 CRAB project directory:		/nfs/dust/cms/user/zoiirene/UpgradeStudiesGtoWW/framework93X/new932/CMSSW_9_3_2/src/UHH2/scripts/crab/crab_Graviton/crab_VBF_BulkGravToWW_narrow_M-2000_14TeV_PhaseIITDRFall17_noPU_new
INFO 2017-11-02 15:55:29,308: 	 Task name:			171027_161854:izoi_crab_VBF_BulkGravToWW_narrow_M-2000_14TeV_PhaseIITDRFall17_noPU_new
INFO 2017-11-02 15:55:29,308: 	 Grid scheduler:			crab3@vocms0195.cern.ch
INFO 2017-11-02 15:55:29,308: 	 Status on the CRAB server:	SUBMITTED
INFO 2017-11-02 15:55:29,308: 	 Task URL to use for HELP:	https://cmsweb.cern.ch/crabserver/ui/task/171027_161854%3Aizoi_crab_VBF_BulkGravToWW_narrow_M-2000_14TeV_PhaseIITDRFall17_noPU_new
INFO 2017-11-02 15:55:29,308: 	 Dashboard monitoring URL:	http://dashb-cms-job.cern.ch/dashboard/templates/task-analysis/#user=izoi&refresh=0&table=Jobs&p=1&records=25&activemenu=2&status=&site=&tid=171027_161854%3Aizoi_crab_VBF_BulkGravToWW_narrow_M-2000_14TeV_PhaseIITDRFall17_noPU_new
WARNING 2017-11-02 15:55:29,308: 	 Warning:			The input dataset /VBF_BulkGravToWW_narrow_M-2000_14TeV-madgraph/PhaseIITDRFall17MiniAOD-noPU_93X_upgrade2023_realistic_v2-v1/MINIAODSIM is not 'VALID' but 'PRODUCTION'. CRAB will check if there are any valid files in the dataset and run only over those files.
DEBUG 2017-11-02 15:55:29,308: 	 The CRAB server submitted your task to the Grid scheduler (cluster ID: 13095034)
DEBUG 2017-11-02 15:55:29,308: 	 Webdir is located at http://vocms0195.cern.ch/mon/cms1123/171027_161854:izoi_crab_VBF_BulkGravToWW_narrow_M-2000_14TeV_PhaseIITDRFall17_noPU_new
DEBUG 2017-11-02 15:55:30,528: 	 Proxied webdir is located at https://cmsweb.cern.ch/scheddmon/0195/cms1123/171027_161854:izoi_crab_VBF_BulkGravToWW_narrow_M-2000_14TeV_PhaseIITDRFall17_noPU_new
DEBUG 2017-11-02 15:55:30,528: 	 Retrieving 'status_cache' file from https://cmsweb.cern.ch/scheddmon/0195/cms1123/171027_161854:izoi_crab_VBF_BulkGravToWW_narrow_M-2000_14TeV_PhaseIITDRFall17_noPU_new/status_cache
DEBUG 2017-11-02 15:55:32,621: 	 Got information from status cache file: {'11': {'Retries': 0, 'WallDurations': [8.0, 1318.0], 'StartTimes': [1509122014.0], 'SubmitTimes': [1509121201.0], 'JobIds': ['13095054.0'], 'EndTimes': [1509123332.0], 'Restarts': 0, 'RecordedSite': True, 'State': 'finished', 'ResidentSetSize': [1024824], 'TotalUserCpuTimeHistory': [1208], 'SiteHistory': ['Unknown', 'T2_BE_IIHE'], 'TotalSysCpuTimeHistory': [13]}, '10': {'Retries': 0, 'WallDurations': [9.0, 4660.0], 'StartTimes': [1509122014.0], 'SubmitTimes': [1509121201.0], 'JobIds': ['13095053.0'], 'EndTimes': [1509126674.0], 'Restarts': 0, 'RecordedSite': True, 'State': 'finished', 'ResidentSetSize': [1134900], 'TotalUserCpuTimeHistory': [4541], 'SiteHistory': ['Unknown', 'T2_BE_IIHE'], 'TotalSysCpuTimeHistory': [36]}, '13': {'Retries': 0, 'WallDurations': [9.0, 3049.0], 'StartTimes': [1509122045.0], 'SubmitTimes': [1509121202.0], 'JobIds': ['13095060.0'], 'EndTimes': [1509125094.0], 'Restarts': 0, 'RecordedSite': True, 'State': 'finished', 'ResidentSetSize': [1135040], 'TotalUserCpuTimeHistory': [2909], 'SiteHistory': ['Unknown', 'T2_US_Caltech'], 'TotalSysCpuTimeHistory': [29]}, '12': {'Retries': 0, 'WallDurations': [8.0, 3097.0], 'StartTimes': [1509122038.0], 'SubmitTimes': [1509121201.0], 'JobIds': ['13095059.0'], 'EndTimes': [1509125135.0], 'Restarts': 0, 'RecordedSite': True, 'State': 'finished', 'ResidentSetSize': [1060260], 'TotalUserCpuTimeHistory': [2984], 'SiteHistory': ['Unknown', 'T2_US_Wisconsin'], 'TotalSysCpuTimeHistory': [28]}, '15': {'Retries': 0, 'WallDurations': [8.0, 2607.0], 'StartTimes': [1509122013.0], 'SubmitTimes': [1509121202.0], 'JobIds': ['13095064.0'], 'EndTimes': [1509124620.0], 'Restarts': 0, 'RecordedSite': True, 'State': 'finished', 'ResidentSetSize': [1051612], 'TotalUserCpuTimeHistory': [2516], 'SiteHistory': ['Unknown', 'T2_DE_RWTH'], 'TotalSysCpuTimeHistory': [21]}, '14': {'Retries': 0, 'WallDurations': [8.0, 2636.0], 'StartTimes': [1509122013.0], 'SubmitTimes': [1509121202.0], 'JobIds': ['13095061.0'], 'EndTimes': [1509124649.0], 'Restarts': 0, 'RecordedSite': True, 'State': 'finished', 'ResidentSetSize': [1058044], 'TotalUserCpuTimeHistory': [2560], 'SiteHistory': ['Unknown', 'T2_DE_RWTH'], 'TotalSysCpuTimeHistory': [20]}, '17': {'Retries': 0, 'WallDurations': [9.0, 4516.0], 'StartTimes': [1509122364.0], 'SubmitTimes': [1509121202.0], 'JobIds': ['13095063.0'], 'EndTimes': [1509126880.0], 'Restarts': 0, 'RecordedSite': True, 'State': 'finished', 'ResidentSetSize': [1108232], 'TotalUserCpuTimeHistory': [4260], 'SiteHistory': ['Unknown', 'T2_US_Wisconsin'], 'TotalSysCpuTimeHistory': [53]}, '16': {'Retries': 0, 'WallDurations': [9.0, 3740.0], 'StartTimes': [1509122363.0], 'SubmitTimes': [1509121202.0], 'JobIds': ['13095065.0'], 'EndTimes': [1509126103.0], 'Restarts': 0, 'RecordedSite': True, 'State': 'finished', 'ResidentSetSize': [1159072], 'TotalUserCpuTimeHistory': [3511], 'SiteHistory': ['Unknown', 'T2_US_Vanderbilt'], 'TotalSysCpuTimeHistory': [84]}, '18': {'Retries': 0, 'WallDurations': [10.0, 1405.0], 'StartTimes': [1509122366.0], 'SubmitTimes': [1509121202.0], 'JobIds': ['13095062.0'], 'EndTimes': [1509123771.0], 'Restarts': 0, 'RecordedSite': True, 'State': 'finished', 'ResidentSetSize': [1099296], 'TotalUserCpuTimeHistory': [1258], 'SiteHistory': ['Unknown', 'T2_US_UCSD'], 'TotalSysCpuTimeHistory': [26]}, '1': {'Retries': 0, 'WallDurations': [10.0, 2913.0], 'StartTimes': [1509122034.0], 'SubmitTimes': [1509121200.0], 'JobIds': ['13095049.0'], 'EndTimes': [1509124947.0], 'Restarts': 0, 'RecordedSite': True, 'State': 'finished', 'ResidentSetSize': [1157580], 'TotalUserCpuTimeHistory': [2801], 'SiteHistory': ['Unknown', 'T2_US_Purdue'], 'TotalSysCpuTimeHistory': [23]}, '3': {'Retries': 0, 'WallDurations': [9.0, 2294.0], 'StartTimes': [1509122037.0], 'SubmitTimes': [1509121201.0], 'JobIds': ['13095056.0'], 'EndTimes': [1509124331.0], 'Restarts': 0, 'RecordedSite': True, 'State': 'finished', 'ResidentSetSize': [1162896], 'TotalUserCpuTimeHistory': [2203], 'SiteHistory': ['Unknown', 'T2_US_Purdue'], 'TotalSysCpuTimeHistory': [18]}, '2': {'Retries': 0, 'WallDurations': [8.0, 2177.0], 'StartTimes': [1509122032.0], 'SubmitTimes': [1509121200.0], 'JobIds': ['13095048.0'], 'EndTimes': [1509124209.0], 'Restarts': 0, 'RecordedSite': True, 'State': 'finished', 'ResidentSetSize': [1156888], 'TotalUserCpuTimeHistory': [2118], 'SiteHistory': ['Unknown', 'T2_US_Purdue'], 'TotalSysCpuTimeHistory': [16]}, '5': {'Retries': 0, 'WallDurations': [10.0, 3312.0], 'StartTimes': [1509122032.0], 'SubmitTimes': [1509121201.0], 'JobIds': ['13095055.0'], 'EndTimes': [1509125344.0], 'Restarts': 0, 'RecordedSite': True, 'State': 'finished', 'ResidentSetSize': [1169948], 'TotalUserCpuTimeHistory': [3128], 'SiteHistory': ['Unknown', 'T2_US_Purdue'], 'TotalSysCpuTimeHistory': [26]}, '4': {'Retries': 0, 'WallDurations': [8.0, 2313.0], 'StartTimes': [1509122032.0], 'SubmitTimes': [1509121201.0], 'JobIds': ['13095051.0'], 'EndTimes': [1509124345.0], 'Restarts': 0, 'RecordedSite': True, 'State': 'finished', 'ResidentSetSize': [1127340], 'TotalUserCpuTimeHistory': [2222], 'SiteHistory': ['Unknown', 'T2_US_Purdue'], 'TotalSysCpuTimeHistory': [19]}, '7': {'Retries': 0, 'WallDurations': [8.0, 3892.0], 'StartTimes': [1509122016.0], 'SubmitTimes': [1509121200.0], 'JobIds': ['13095050.0'], 'EndTimes': [1509125908.0], 'Restarts': 0, 'RecordedSite': True, 'State': 'finished', 'ResidentSetSize': [1146940], 'TotalUserCpuTimeHistory': [3611], 'SiteHistory': ['Unknown', 'T2_US_Vanderbilt'], 'TotalSysCpuTimeHistory': [114]}, '6': {'Retries': 0, 'WallDurations': [8.0, 2266.0], 'StartTimes': [1509122039.0], 'SubmitTimes': [1509121201.0], 'JobIds': ['13095057.0'], 'EndTimes': [1509124305.0], 'Restarts': 0, 'RecordedSite': True, 'State': 'finished', 'ResidentSetSize': [1165004], 'TotalUserCpuTimeHistory': [2201], 'SiteHistory': ['Unknown', 'T2_US_Purdue'], 'TotalSysCpuTimeHistory': [16]}, '9': {'Retries': 0, 'WallDurations': [9.0, 4060.0], 'StartTimes': [1509122014.0], 'SubmitTimes': [1509121201.0], 'JobIds': ['13095058.0'], 'EndTimes': [1509126074.0], 'Restarts': 0, 'RecordedSite': True, 'State': 'finished', 'ResidentSetSize': [1168952], 'TotalUserCpuTimeHistory': [3942], 'SiteHistory': ['Unknown', 'T2_BE_IIHE'], 'TotalSysCpuTimeHistory': [40]}, '8': {'Retries': 0, 'WallDurations': [8.0, 4113.0], 'StartTimes': [1509122014.0], 'SubmitTimes': [1509121201.0], 'JobIds': ['13095052.0'], 'EndTimes': [1509126127.0], 'Restarts': 0, 'RecordedSite': True, 'State': 'finished', 'ResidentSetSize': [1157240], 'TotalUserCpuTimeHistory': [3976], 'SiteHistory': ['Unknown', 'T2_BE_IIHE'], 'TotalSysCpuTimeHistory': [41]}}
INFO 2017-11-02 15:55:32,622: 	 Status on the scheduler:	COMPLETED
INFO 2017-11-02 15:55:32,622: 	 
Jobs status:                    finished      100.0% (18/18)
INFO 2017-11-02 15:55:32,622: 	 
No publication information (publication has been disabled in the CRAB configuration file)
DEBUG 2017-11-02 15:55:32,651: 	 Requesting resubmission of failed jobs in task 171027_161854:izoi_crab_VBF_BulkGravToWW_narrow_M-2000_14TeV_PhaseIITDRFall17_noPU_new
ERROR 2017-11-02 15:55:32,651: 	 Found no jobs to resubmit. Only jobs in status failed can be resubmitted. Jobs in status finished can also be resubmitted, but only if the jobids are specified and the force option is set.
ERROR 2017-11-02 15:55:32,651: 	 Caught exception
Traceback (most recent call last):
  File "/cvmfs/cms.cern.ch/crab3/slc6_amd64_gcc493/cms/crabclient/3.3.1707.patch1/bin/crab", line 160, in <module>
    client()
  File "/cvmfs/cms.cern.ch/crab3/slc6_amd64_gcc493/cms/crabclient/3.3.1707.patch1/bin/crab", line 148, in __call__
    self.cmd()
  File "/cvmfs/cms.cern.ch/crab3/slc6_amd64_gcc493/cms/crabclient/3.3.1707.patch1/lib/python2.7/site-packages/CRABClient/Commands/resubmit.py", line 60, in __call__
    self.jobids = self.processJobIds(jobList)
  File "/cvmfs/cms.cern.ch/crab3/slc6_amd64_gcc493/cms/crabclient/3.3.1707.patch1/lib/python2.7/site-packages/CRABClient/Commands/resubmit.py", line 161, in processJobIds
    raise ConfigurationException(msg)
ConfigurationException: Found no jobs to resubmit. Only jobs in status failed can be resubmitted. Jobs in status finished can also be resubmitted, but only if the jobids are specified and the force option is set.
DEBUG 2017-11-02 17:20:45,041: 	 Executing command: 'status'
DEBUG 2017-11-02 17:20:45,041: 	 Found CRAB cache file /afs/desy.de/user/z/zoiirene/.crab3
DEBUG 2017-11-02 17:20:45,081: 	 Checking credentials
DEBUG 2017-11-02 17:20:45,082: 	 Found proxy file /tmp/x509up_u28517
DEBUG 2017-11-02 17:20:45,082: 	 Getting proxy life time left
DEBUG 2017-11-02 17:20:46,288: 	 Executing : 
 command : voms-proxy-info -file /tmp/x509up_u28517 -timeleft
 output : 37716

 error: 
 retcode : 0
DEBUG 2017-11-02 17:20:47,495: 	 Executing : 
 command : voms-proxy-info -file /tmp/x509up_u28517 -actimeleft
 output : 37714

 error: 
 retcode : 0
DEBUG 2017-11-02 17:20:47,496: 	 Proxy valid for 10:28:36 hours
DEBUG 2017-11-02 17:20:47,748: 	 Executing : 
 command : openssl x509 -in ~/.globus/usercert.pem -subject -noout
 output : subject= /C=DE/O=GermanGrid/OU=uni-hamburg/CN=Zoi Irene

 error: 
 retcode : 0
DEBUG 2017-11-02 17:20:47,748: 	 Checking credentials
DEBUG 2017-11-02 17:20:47,748: 	 Found proxy file /tmp/x509up_u28517
DEBUG 2017-11-02 17:20:47,748: 	 Getting proxy life time left
DEBUG 2017-11-02 17:20:48,955: 	 Executing : 
 command : voms-proxy-info -file /tmp/x509up_u28517 -timeleft
 output : 37714

 error: 
 retcode : 0
DEBUG 2017-11-02 17:20:50,161: 	 Executing : 
 command : voms-proxy-info -file /tmp/x509up_u28517 -actimeleft
 output : 37711

 error: 
 retcode : 0
DEBUG 2017-11-02 17:20:50,162: 	 Proxy valid for 10:28:34 hours
DEBUG 2017-11-02 17:20:51,485: 	 Registering user credentials for server /DC=ch/DC=cern/OU=computers/CN=vocms(045|052|021|031|0118|0118a|0119|0108|0105|0109).cern.ch
DEBUG 2017-11-02 17:20:51,730: 	 Executing : 
 command : openssl x509 -in ~/.globus/usercert.pem -subject -noout
 output : subject= /C=DE/O=GermanGrid/OU=uni-hamburg/CN=Zoi Irene

 error: 
 retcode : 0
DEBUG 2017-11-02 17:20:51,730: 	 Getting myproxy life time left for myproxy.cern.ch
DEBUG 2017-11-02 17:20:51,730: 	 Calculating hash of /C=DE/O=GermanGrid/OU=uni-hamburg/CN=Zoi Irene_cmsweb.cern.ch for credential name
DEBUG 2017-11-02 17:20:52,235: 	 Executing : 
 command : myproxy-info -l 3cd82fca48badc692f8513e62d67e79566e4e718 -s myproxy.cern.ch
 output : username: 3cd82fca48badc692f8513e62d67e79566e4e718
owner: /C=DE/O=GermanGrid/OU=uni-hamburg/CN=Zoi Irene
  renewal policy: /DC=ch/DC=cern/OU=computers/CN=vocms(045|052|021|031|0118|0118a|0119|0108|0105|0109).cern.ch
  trusted retrieval policy: /DC=ch/DC=cern/OU=computers/CN=vocms(045|052|021|031|0118|0118a|0119|0108|0105|0109).cern.ch
  timeleft: 525:41:36  (21.9 days)

 error: 
 retcode : 0
DEBUG 2017-11-02 17:20:52,238: 	 Myproxy is valid: 1892496
DEBUG 2017-11-02 17:20:52,238: 	 Command use: status
DEBUG 2017-11-02 17:20:52,238: 	 Options use: []
DEBUG 2017-11-02 17:20:53,524: 	 CRABClient version: 3.3.1707.patch1
DEBUG 2017-11-02 17:20:53,524: 	 Instance is prod
DEBUG 2017-11-02 17:20:53,524: 	 Server base url is cmsweb.cern.ch
DEBUG 2017-11-02 17:20:53,524: 	 Command url /crabserver/prod/workflow
DEBUG 2017-11-02 17:20:55,141: 	 Got information from server oracle database: {u'result': [u'171027_161854:izoi_crab_VBF_BulkGravToWW_narrow_M-2000_14TeV_PhaseIITDRFall17_noPU_new', u'None', u'SUBMITTED', u'2017-10-27 16:18:55.195260', u'None', u'2017-10-27 16:19:47.372309', u'None', u'CMSSW_9_3_2', u'slc6_amd64_gcc630', u'/VBF_BulkGravToWW_narrow_M-2000_14TeV-madgraph/PhaseIITDRFall17MiniAOD-noPU_93X_upgrade2023_realistic_v2-v1/MINIAODSIM', u'[]', u'[]', u'EventAwareLumiBased', u"{'splitOnRun': False, 'events_per_job': 7500, 'halt_job_on_file_boundaries': False, 'runs': [], 'lumis': []}", u'0', u'03b10f8b88dd15fe56506f8f596dae98185dbbf51d307291eef174d945532fa7.tar.gz', u'https://cmsweb.cern.ch/crabcache', u'izoi', u'/C=DE/O=GermanGrid/OU=uni-hamburg/CN=Zoi Irene', u'cms', u'None', u'None', u'crab_VBF_BulkGravToWW_narrow_M-2000_14TeV_PhaseIITDRFall17_noPU_new-00000000000000000000000000000000', u'T2_DE_DESY', u'https://cmsweb.cern.ch/dbs/prod/global/DBSReader', u'https://cmsweb.cern.ch/dbs/prod/phys03/DBSWriter', u'F', u'Analysis', u'{}', u'[]', u'T', u'vocms052', u'[]', u'1250', u'1', u'2500', u'10', u'None', u'http://vocms0195.cern.ch/mon/cms1123/171027_161854:izoi_crab_VBF_BulkGravToWW_narrow_M-2000_14TeV_PhaseIITDRFall17_noPU_new', u'None', u'None', u'[]', u'[]', u'["The input dataset /VBF_BulkGravToWW_narrow_M-2000_14TeV-madgraph/PhaseIITDRFall17MiniAOD-noPU_93X_upgrade2023_realistic_v2-v1/MINIAODSIM is not \'VALID\' but \'PRODUCTION\'. CRAB will check if there are any valid files in the dataset and run only over those files."]', u'pythia', u"['Ntuple_AK8.root']", u'[]', u'[]', u'https://cmsweb.cern.ch/crabserver/prod', u'None', u'0', u'cmsgwms-collector-global.cern.ch:9620,cmssrv221.fnal.gov:9620', u'crab3@vocms0195.cern.ch', u'F', u'[]', u'T', u'/store/user/izoi/RunII_93X_v2-v1/', u'F', u'None', u'F', u'F', u'T', u'None', u'VBF_BulkGravToWW_narrow_M-2000_14TeV-madgraph', u'filetransfers', u'SUBMIT', u'13095034', u'9338db6de43b0d4b1eda8083158a8e3be03e30e5c8c2870c35a1552cfe90f16f.tar.gz', u'131.169.168.55', u'F', u'None'], u'desc': {u'columns': [u'tm_taskname', u'panda_jobset_id', u'tm_task_status', u'tm_start_time', u'tm_start_injection', u'tm_end_injection', u'tm_task_failure', u'tm_job_sw', u'tm_job_arch', u'tm_input_dataset', u'tm_site_whitelist', u'tm_site_blacklist', u'tm_split_algo', u'tm_split_args', u'tm_totalunits', u'tm_user_sandbox', u'tm_cache_url', u'tm_username', u'tm_user_dn', u'tm_user_vo', u'tm_user_role', u'tm_user_group', u'tm_publish_name', u'tm_asyncdest', u'tm_dbs_url', u'tm_publish_dbs_url', u'tm_publication', u'tm_job_type', u'tm_arguments', u'panda_resubmitted_jobs', u'tm_save_logs', u'tw_name', u'tm_user_infiles', u'tm_maxjobruntime', u'tm_numcores', u'tm_maxmemory', u'tm_priority', u'tm_output_dataset', u'tm_user_webdir', u'tm_activity', u'tm_scriptexe', u'tm_scriptargs', u'tm_extrajdl', u'tm_task_warnings', u'tm_generator', u'tm_outfiles', u'tm_tfile_outfiles', u'tm_edm_outfiles', u'tm_asourl', u'tm_events_per_lumi', u'tm_use_parent', u'tm_collector', u'tm_schedd', u'tm_dry_run', u'tm_user_files', u'tm_transfer_outputs', u'tm_output_lfn', u'tm_ignore_locality', u'tm_fail_limit', u'tm_one_event_mode', u'tm_publish_groupname', u'tm_nonvalid_input_dataset', u'tm_secondary_input_dataset', u'tm_primary_dataset', u'tm_asodb', u'tm_task_command', u'clusterid', u'tm_debug_files', u'tm_submitter_ip_addr', u'tm_ignore_global_blacklist', u'tm_last_publication']}}
INFO 2017-11-02 17:20:55,142: 	 CRAB project directory:		/nfs/dust/cms/user/zoiirene/UpgradeStudiesGtoWW/framework93X/new932/CMSSW_9_3_2/src/UHH2/scripts/crab/crab_Graviton/crab_VBF_BulkGravToWW_narrow_M-2000_14TeV_PhaseIITDRFall17_noPU_new
INFO 2017-11-02 17:20:55,142: 	 Task name:			171027_161854:izoi_crab_VBF_BulkGravToWW_narrow_M-2000_14TeV_PhaseIITDRFall17_noPU_new
INFO 2017-11-02 17:20:55,142: 	 Grid scheduler:			crab3@vocms0195.cern.ch
INFO 2017-11-02 17:20:55,142: 	 Status on the CRAB server:	SUBMITTED
INFO 2017-11-02 17:20:55,142: 	 Task URL to use for HELP:	https://cmsweb.cern.ch/crabserver/ui/task/171027_161854%3Aizoi_crab_VBF_BulkGravToWW_narrow_M-2000_14TeV_PhaseIITDRFall17_noPU_new
INFO 2017-11-02 17:20:55,143: 	 Dashboard monitoring URL:	http://dashb-cms-job.cern.ch/dashboard/templates/task-analysis/#user=izoi&refresh=0&table=Jobs&p=1&records=25&activemenu=2&status=&site=&tid=171027_161854%3Aizoi_crab_VBF_BulkGravToWW_narrow_M-2000_14TeV_PhaseIITDRFall17_noPU_new
WARNING 2017-11-02 17:20:55,143: 	 Warning:			The input dataset /VBF_BulkGravToWW_narrow_M-2000_14TeV-madgraph/PhaseIITDRFall17MiniAOD-noPU_93X_upgrade2023_realistic_v2-v1/MINIAODSIM is not 'VALID' but 'PRODUCTION'. CRAB will check if there are any valid files in the dataset and run only over those files.
DEBUG 2017-11-02 17:20:55,143: 	 The CRAB server submitted your task to the Grid scheduler (cluster ID: 13095034)
DEBUG 2017-11-02 17:20:55,143: 	 Webdir is located at http://vocms0195.cern.ch/mon/cms1123/171027_161854:izoi_crab_VBF_BulkGravToWW_narrow_M-2000_14TeV_PhaseIITDRFall17_noPU_new
DEBUG 2017-11-02 17:20:56,500: 	 Proxied webdir is located at https://cmsweb.cern.ch/scheddmon/0195/cms1123/171027_161854:izoi_crab_VBF_BulkGravToWW_narrow_M-2000_14TeV_PhaseIITDRFall17_noPU_new
DEBUG 2017-11-02 17:20:56,501: 	 Retrieving 'status_cache' file from https://cmsweb.cern.ch/scheddmon/0195/cms1123/171027_161854:izoi_crab_VBF_BulkGravToWW_narrow_M-2000_14TeV_PhaseIITDRFall17_noPU_new/status_cache
DEBUG 2017-11-02 17:20:57,999: 	 Got information from status cache file: {'11': {'Retries': 0, 'WallDurations': [8.0, 1318.0], 'StartTimes': [1509122014.0], 'SubmitTimes': [1509121201.0], 'JobIds': ['13095054.0'], 'EndTimes': [1509123332.0], 'Restarts': 0, 'RecordedSite': True, 'State': 'finished', 'ResidentSetSize': [1024824], 'TotalUserCpuTimeHistory': [1208], 'SiteHistory': ['Unknown', 'T2_BE_IIHE'], 'TotalSysCpuTimeHistory': [13]}, '10': {'Retries': 0, 'WallDurations': [9.0, 4660.0], 'StartTimes': [1509122014.0], 'SubmitTimes': [1509121201.0], 'JobIds': ['13095053.0'], 'EndTimes': [1509126674.0], 'Restarts': 0, 'RecordedSite': True, 'State': 'finished', 'ResidentSetSize': [1134900], 'TotalUserCpuTimeHistory': [4541], 'SiteHistory': ['Unknown', 'T2_BE_IIHE'], 'TotalSysCpuTimeHistory': [36]}, '13': {'Retries': 0, 'WallDurations': [9.0, 3049.0], 'StartTimes': [1509122045.0], 'SubmitTimes': [1509121202.0], 'JobIds': ['13095060.0'], 'EndTimes': [1509125094.0], 'Restarts': 0, 'RecordedSite': True, 'State': 'finished', 'ResidentSetSize': [1135040], 'TotalUserCpuTimeHistory': [2909], 'SiteHistory': ['Unknown', 'T2_US_Caltech'], 'TotalSysCpuTimeHistory': [29]}, '12': {'Retries': 0, 'WallDurations': [8.0, 3097.0], 'StartTimes': [1509122038.0], 'SubmitTimes': [1509121201.0], 'JobIds': ['13095059.0'], 'EndTimes': [1509125135.0], 'Restarts': 0, 'RecordedSite': True, 'State': 'finished', 'ResidentSetSize': [1060260], 'TotalUserCpuTimeHistory': [2984], 'SiteHistory': ['Unknown', 'T2_US_Wisconsin'], 'TotalSysCpuTimeHistory': [28]}, '15': {'Retries': 0, 'WallDurations': [8.0, 2607.0], 'StartTimes': [1509122013.0], 'SubmitTimes': [1509121202.0], 'JobIds': ['13095064.0'], 'EndTimes': [1509124620.0], 'Restarts': 0, 'RecordedSite': True, 'State': 'finished', 'ResidentSetSize': [1051612], 'TotalUserCpuTimeHistory': [2516], 'SiteHistory': ['Unknown', 'T2_DE_RWTH'], 'TotalSysCpuTimeHistory': [21]}, '14': {'Retries': 0, 'WallDurations': [8.0, 2636.0], 'StartTimes': [1509122013.0], 'SubmitTimes': [1509121202.0], 'JobIds': ['13095061.0'], 'EndTimes': [1509124649.0], 'Restarts': 0, 'RecordedSite': True, 'State': 'finished', 'ResidentSetSize': [1058044], 'TotalUserCpuTimeHistory': [2560], 'SiteHistory': ['Unknown', 'T2_DE_RWTH'], 'TotalSysCpuTimeHistory': [20]}, '17': {'Retries': 0, 'WallDurations': [9.0, 4516.0], 'StartTimes': [1509122364.0], 'SubmitTimes': [1509121202.0], 'JobIds': ['13095063.0'], 'EndTimes': [1509126880.0], 'Restarts': 0, 'RecordedSite': True, 'State': 'finished', 'ResidentSetSize': [1108232], 'TotalUserCpuTimeHistory': [4260], 'SiteHistory': ['Unknown', 'T2_US_Wisconsin'], 'TotalSysCpuTimeHistory': [53]}, '16': {'Retries': 0, 'WallDurations': [9.0, 3740.0], 'StartTimes': [1509122363.0], 'SubmitTimes': [1509121202.0], 'JobIds': ['13095065.0'], 'EndTimes': [1509126103.0], 'Restarts': 0, 'RecordedSite': True, 'State': 'finished', 'ResidentSetSize': [1159072], 'TotalUserCpuTimeHistory': [3511], 'SiteHistory': ['Unknown', 'T2_US_Vanderbilt'], 'TotalSysCpuTimeHistory': [84]}, '18': {'Retries': 0, 'WallDurations': [10.0, 1405.0], 'StartTimes': [1509122366.0], 'SubmitTimes': [1509121202.0], 'JobIds': ['13095062.0'], 'EndTimes': [1509123771.0], 'Restarts': 0, 'RecordedSite': True, 'State': 'finished', 'ResidentSetSize': [1099296], 'TotalUserCpuTimeHistory': [1258], 'SiteHistory': ['Unknown', 'T2_US_UCSD'], 'TotalSysCpuTimeHistory': [26]}, '1': {'Retries': 0, 'WallDurations': [10.0, 2913.0], 'StartTimes': [1509122034.0], 'SubmitTimes': [1509121200.0], 'JobIds': ['13095049.0'], 'EndTimes': [1509124947.0], 'Restarts': 0, 'RecordedSite': True, 'State': 'finished', 'ResidentSetSize': [1157580], 'TotalUserCpuTimeHistory': [2801], 'SiteHistory': ['Unknown', 'T2_US_Purdue'], 'TotalSysCpuTimeHistory': [23]}, '3': {'Retries': 0, 'WallDurations': [9.0, 2294.0], 'StartTimes': [1509122037.0], 'SubmitTimes': [1509121201.0], 'JobIds': ['13095056.0'], 'EndTimes': [1509124331.0], 'Restarts': 0, 'RecordedSite': True, 'State': 'finished', 'ResidentSetSize': [1162896], 'TotalUserCpuTimeHistory': [2203], 'SiteHistory': ['Unknown', 'T2_US_Purdue'], 'TotalSysCpuTimeHistory': [18]}, '2': {'Retries': 0, 'WallDurations': [8.0, 2177.0], 'StartTimes': [1509122032.0], 'SubmitTimes': [1509121200.0], 'JobIds': ['13095048.0'], 'EndTimes': [1509124209.0], 'Restarts': 0, 'RecordedSite': True, 'State': 'finished', 'ResidentSetSize': [1156888], 'TotalUserCpuTimeHistory': [2118], 'SiteHistory': ['Unknown', 'T2_US_Purdue'], 'TotalSysCpuTimeHistory': [16]}, '5': {'Retries': 0, 'WallDurations': [10.0, 3312.0], 'StartTimes': [1509122032.0], 'SubmitTimes': [1509121201.0], 'JobIds': ['13095055.0'], 'EndTimes': [1509125344.0], 'Restarts': 0, 'RecordedSite': True, 'State': 'finished', 'ResidentSetSize': [1169948], 'TotalUserCpuTimeHistory': [3128], 'SiteHistory': ['Unknown', 'T2_US_Purdue'], 'TotalSysCpuTimeHistory': [26]}, '4': {'Retries': 0, 'WallDurations': [8.0, 2313.0], 'StartTimes': [1509122032.0], 'SubmitTimes': [1509121201.0], 'JobIds': ['13095051.0'], 'EndTimes': [1509124345.0], 'Restarts': 0, 'RecordedSite': True, 'State': 'finished', 'ResidentSetSize': [1127340], 'TotalUserCpuTimeHistory': [2222], 'SiteHistory': ['Unknown', 'T2_US_Purdue'], 'TotalSysCpuTimeHistory': [19]}, '7': {'Retries': 0, 'WallDurations': [8.0, 3892.0], 'StartTimes': [1509122016.0], 'SubmitTimes': [1509121200.0], 'JobIds': ['13095050.0'], 'EndTimes': [1509125908.0], 'Restarts': 0, 'RecordedSite': True, 'State': 'finished', 'ResidentSetSize': [1146940], 'TotalUserCpuTimeHistory': [3611], 'SiteHistory': ['Unknown', 'T2_US_Vanderbilt'], 'TotalSysCpuTimeHistory': [114]}, '6': {'Retries': 0, 'WallDurations': [8.0, 2266.0], 'StartTimes': [1509122039.0], 'SubmitTimes': [1509121201.0], 'JobIds': ['13095057.0'], 'EndTimes': [1509124305.0], 'Restarts': 0, 'RecordedSite': True, 'State': 'finished', 'ResidentSetSize': [1165004], 'TotalUserCpuTimeHistory': [2201], 'SiteHistory': ['Unknown', 'T2_US_Purdue'], 'TotalSysCpuTimeHistory': [16]}, '9': {'Retries': 0, 'WallDurations': [9.0, 4060.0], 'StartTimes': [1509122014.0], 'SubmitTimes': [1509121201.0], 'JobIds': ['13095058.0'], 'EndTimes': [1509126074.0], 'Restarts': 0, 'RecordedSite': True, 'State': 'finished', 'ResidentSetSize': [1168952], 'TotalUserCpuTimeHistory': [3942], 'SiteHistory': ['Unknown', 'T2_BE_IIHE'], 'TotalSysCpuTimeHistory': [40]}, '8': {'Retries': 0, 'WallDurations': [8.0, 4113.0], 'StartTimes': [1509122014.0], 'SubmitTimes': [1509121201.0], 'JobIds': ['13095052.0'], 'EndTimes': [1509126127.0], 'Restarts': 0, 'RecordedSite': True, 'State': 'finished', 'ResidentSetSize': [1157240], 'TotalUserCpuTimeHistory': [3976], 'SiteHistory': ['Unknown', 'T2_BE_IIHE'], 'TotalSysCpuTimeHistory': [41]}}
INFO 2017-11-02 17:20:58,000: 	 Status on the scheduler:	COMPLETED
INFO 2017-11-02 17:20:58,000: 	 
Jobs status:                    finished      100.0% (18/18)
INFO 2017-11-02 17:20:58,000: 	 
No publication information (publication has been disabled in the CRAB configuration file)
INFO 2017-11-02 17:20:59,006: 	 Log file is /nfs/dust/cms/user/zoiirene/UpgradeStudiesGtoWW/framework93X/new932/CMSSW_9_3_2/src/UHH2/scripts/crab/crab_Graviton/crab_VBF_BulkGravToWW_narrow_M-2000_14TeV_PhaseIITDRFall17_noPU_new/crab.log
