Adding groomed genjets  ak8GenJetsSoftDrop
Adding ungroomed genjets  ak8GenJets
Adding ungroomed patJetsAk8CHSJets
adding grommed jets patJetsAk8CHSJetsSoftDrop
adding grommed jets' subjets patJetsAk8CHSJetsSoftDropSubjets
Adding groomed genjets  ak8GenJetsSoftDrop
Adding ungroomed genjets  ak8GenJetsFat
Adding ungroomed patJetsAk8PuppiJetsFat
adding grommed jets patJetsAk8PuppiJetsSoftDrop
adding grommed jets' subjets patJetsAk8PuppiJetsSoftDropSubjets
Adding groomed genjets  ak8GenJetsPruned
Adding ungroomed genjets  ak8GenJets
adding grommed jets patJetsAk8CHSJetsPruned
adding grommed jets' subjets patJetsAk8CHSJetsPrunedSubjets
Switching PV collection for PF2PAT: cms.InputTag("offlineSlimmedPrimaryVertices")
***********************************
DEBUG 2017-10-30 08:59:24,050: 	 Executing command: 'submit'
DEBUG 2017-10-30 08:59:24,050: 	 Found CRAB cache file /afs/desy.de/user/z/zoiirene/.crab3
DEBUG 2017-10-30 08:59:24,063: 	 Checking credentials
DEBUG 2017-10-30 08:59:24,064: 	 Found proxy file /tmp/x509up_u28517
DEBUG 2017-10-30 08:59:24,064: 	 Getting proxy life time left
DEBUG 2017-10-30 08:59:24,970: 	 Executing : 
 command : voms-proxy-info -file /tmp/x509up_u28517 -timeleft
 output : 43167

 error: 
 retcode : 0
DEBUG 2017-10-30 08:59:25,977: 	 Executing : 
 command : voms-proxy-info -file /tmp/x509up_u28517 -actimeleft
 output : 43166

 error: 
 retcode : 0
DEBUG 2017-10-30 08:59:25,978: 	 Proxy valid for 11:59:27 hours
INFO 2017-10-30 08:59:25,978: 	 Will use CRAB configuration file crab_QstarToQW_6000_93X_upgrade2023.py
DEBUG 2017-10-30 08:59:25,979: 	 Loading CRAB configuration file.
DEBUG 2017-10-30 08:59:33,090: 	 Will use CRAB Analysis plugin (i.e. will run an analysis job type).
DEBUG 2017-10-30 08:59:33,227: 	 Executing : 
 command : openssl x509 -in ~/.globus/usercert.pem -subject -noout
 output : subject= /C=DE/O=GermanGrid/OU=uni-hamburg/CN=Zoi Irene

 error: 
 retcode : 0
DEBUG 2017-10-30 08:59:33,228: 	 Checking credentials
DEBUG 2017-10-30 08:59:33,228: 	 Found proxy file /tmp/x509up_u28517
DEBUG 2017-10-30 08:59:33,228: 	 Getting proxy life time left
DEBUG 2017-10-30 08:59:34,234: 	 Executing : 
 command : voms-proxy-info -file /tmp/x509up_u28517 -timeleft
 output : 43157

 error: 
 retcode : 0
DEBUG 2017-10-30 08:59:35,241: 	 Executing : 
 command : voms-proxy-info -file /tmp/x509up_u28517 -actimeleft
 output : 43156

 error: 
 retcode : 0
DEBUG 2017-10-30 08:59:35,241: 	 Proxy valid for 11:59:17 hours
DEBUG 2017-10-30 08:59:36,148: 	 Executing : 
 command : env X509_USER_PROXY=/tmp/x509up_u28517 voms-proxy-info -fqan
 output : /cms/Role=NULL/Capability=NULL
/cms/dcms/Role=NULL/Capability=NULL

 error: 
 retcode : 0
DEBUG 2017-10-30 08:59:37,515: 	 Registering user credentials for server /DC=ch/DC=cern/OU=computers/CN=vocms(045|052|021|031|0118|0118a|0119|0108|0105|0109).cern.ch
DEBUG 2017-10-30 08:59:37,625: 	 Executing : 
 command : openssl x509 -in ~/.globus/usercert.pem -subject -noout
 output : subject= /C=DE/O=GermanGrid/OU=uni-hamburg/CN=Zoi Irene

 error: 
 retcode : 0
DEBUG 2017-10-30 08:59:37,625: 	 Getting myproxy life time left for myproxy.cern.ch
DEBUG 2017-10-30 08:59:37,625: 	 Calculating hash of /C=DE/O=GermanGrid/OU=uni-hamburg/CN=Zoi Irene_cmsweb.cern.ch for credential name
DEBUG 2017-10-30 08:59:38,632: 	 Executing : 
 command : myproxy-info -l 3cd82fca48badc692f8513e62d67e79566e4e718 -s myproxy.cern.ch
 output : username: 3cd82fca48badc692f8513e62d67e79566e4e718
owner: /C=DE/O=GermanGrid/OU=uni-hamburg/CN=Zoi Irene
  renewal policy: /DC=ch/DC=cern/OU=computers/CN=vocms(045|052|021|031|0118|0118a|0119|0108|0105|0109).cern.ch
  trusted retrieval policy: /DC=ch/DC=cern/OU=computers/CN=vocms(045|052|021|031|0118|0118a|0119|0108|0105|0109).cern.ch
  timeleft: 606:02:50  (25.3 days)

 error: 
 retcode : 0
DEBUG 2017-10-30 08:59:38,634: 	 Myproxy is valid: 2181770
DEBUG 2017-10-30 08:59:38,634: 	 Command use: submit
DEBUG 2017-10-30 08:59:38,634: 	 Options use: ['-c', 'crab_QstarToQW_6000_93X_upgrade2023.py']
DEBUG 2017-10-30 08:59:40,045: 	 CRABClient version: 3.3.1707.patch1
DEBUG 2017-10-30 08:59:40,045: 	 Instance is prod
DEBUG 2017-10-30 08:59:40,045: 	 Server base url is cmsweb.cern.ch
DEBUG 2017-10-30 08:59:40,045: 	 Command url /crabserver/prod/workflow
DEBUG 2017-10-30 08:59:40,045: 	 Started submission
DEBUG 2017-10-30 08:59:40,045: 	 Working on /nfs/dust/cms/user/zoiirene/UpgradeStudiesGtoWW/framework93X/new932/CMSSW_9_3_2/src/UHH2/scripts/crab/crab_Qstar/crab_QstarToQW_M_6000_14TeV_PhaseIITDRFall17_noPU
DEBUG 2017-10-30 08:59:41,946: 	 Loading required information from the environment
DEBUG 2017-10-30 08:59:41,946: 	 Found CMSSW_9_3_2 for slc6_amd64_gcc630 with base /nfs/dust/cms/user/zoiirene/UpgradeStudiesGtoWW/framework93X/new932/CMSSW_9_3_2
DEBUG 2017-10-30 08:59:41,947: 	 Loading required information from the environment
DEBUG 2017-10-30 08:59:41,947: 	 Found CMSSW_9_3_2 for slc6_amd64_gcc630 with base /nfs/dust/cms/user/zoiirene/UpgradeStudiesGtoWW/framework93X/new932/CMSSW_9_3_2
DEBUG 2017-10-30 08:59:41,977: 	 UNIQUE NAME: tarUUID 906c2438-df97-4512-bab2-c52ee3cc9441 
DEBUG 2017-10-30 08:59:41,978: 	 self.config: from WMCore.Configuration import Configuration
config = Configuration()
config.section_('General')
config.General.transferLogs = True
config.General.transferOutputs = True
config.General.workArea = 'crab_Qstar'
config.General.requestName = 'QstarToQW_M_6000_14TeV_PhaseIITDRFall17_noPU'
config.section_('JobType')
config.JobType.psetName = '/nfs/dust/cms/user/zoiirene/UpgradeStudiesGtoWW/framework93X/new932/CMSSW_9_3_2/src/UHH2/core/python/ntuplewriter_93X_irene.py'
config.JobType.pluginName = 'Analysis'
config.JobType.outputFiles = ['Ntuple_AK8.root']
config.JobType.maxMemoryMB = 2500
config.JobType.sendExternalFolder = True
config.section_('Data')
config.Data.inputDataset = '/QstarToQW_M_6000_TuneCUETP8M1_14TeV_pythia8/PhaseIITDRFall17MiniAOD-noPU_93X_upgrade2023_realistic_v2-v1/MINIAODSIM'
config.Data.allowNonValidInputDataset = True
config.Data.publication = False
config.Data.unitsPerJob = 7500
config.Data.inputDBS = 'global'
config.Data.splitting = 'EventAwareLumiBased'
config.Data.outLFNDirBase = '/store/user/izoi/RunII_93X_v2-v1/'
config.section_('Site')
config.Site.storageSite = 'T2_DE_DESY'
config.section_('User')
config.section_('Debug')

DEBUG 2017-10-30 08:59:41,978: 	 self.config.JobType.psetName: /nfs/dust/cms/user/zoiirene/UpgradeStudiesGtoWW/framework93X/new932/CMSSW_9_3_2/src/UHH2/core/python/ntuplewriter_93X_irene.py
INFO 2017-10-30 08:59:41,980: 	 Importing CMSSW configuration /nfs/dust/cms/user/zoiirene/UpgradeStudiesGtoWW/framework93X/new932/CMSSW_9_3_2/src/UHH2/core/python/ntuplewriter_93X_irene.py
INFO 2017-10-30 08:59:58,571: 	 Finished importing CMSSW configuration /nfs/dust/cms/user/zoiirene/UpgradeStudiesGtoWW/framework93X/new932/CMSSW_9_3_2/src/UHH2/core/python/ntuplewriter_93X_irene.py
DEBUG 2017-10-30 08:59:58,571: 	 Writing CMSSW configuration to /nfs/dust/cms/user/zoiirene/UpgradeStudiesGtoWW/framework93X/new932/CMSSW_9_3_2/src/UHH2/scripts/crab/crab_Qstar/crab_QstarToQW_M_6000_14TeV_PhaseIITDRFall17_noPU/inputs/PSet.py
DEBUG 2017-10-30 08:59:59,723: 	 The following EDM output files will be collected: []
DEBUG 2017-10-30 08:59:59,723: 	 The following TFile output files will be collected: []
DEBUG 2017-10-30 08:59:59,723: 	 The following user output files will be collected: ['Ntuple_AK8.root']
DEBUG 2017-10-30 08:59:59,723: 	 Loading required information from the environment
DEBUG 2017-10-30 08:59:59,723: 	 Found CMSSW_9_3_2 for slc6_amd64_gcc630 with base /nfs/dust/cms/user/zoiirene/UpgradeStudiesGtoWW/framework93X/new932/CMSSW_9_3_2
DEBUG 2017-10-30 08:59:59,723: 	 Making tarball in /nfs/dust/cms/user/zoiirene/UpgradeStudiesGtoWW/framework93X/new932/CMSSW_9_3_2/src/UHH2/scripts/crab/crab_Qstar/crab_QstarToQW_M_6000_14TeV_PhaseIITDRFall17_noPU/inputs/906c2438-df97-4512-bab2-c52ee3cc9441default.tgz
DEBUG 2017-10-30 08:59:59,758: 	 Checking directory /nfs/dust/cms/user/zoiirene/UpgradeStudiesGtoWW/framework93X/new932/CMSSW_9_3_2/lib
DEBUG 2017-10-30 08:59:59,758: 	 Adding directory /nfs/dust/cms/user/zoiirene/UpgradeStudiesGtoWW/framework93X/new932/CMSSW_9_3_2/lib to tarball
DEBUG 2017-10-30 09:00:01,783: 	 Checking directory /nfs/dust/cms/user/zoiirene/UpgradeStudiesGtoWW/framework93X/new932/CMSSW_9_3_2/biglib
DEBUG 2017-10-30 09:00:01,783: 	 Adding directory /nfs/dust/cms/user/zoiirene/UpgradeStudiesGtoWW/framework93X/new932/CMSSW_9_3_2/biglib to tarball
DEBUG 2017-10-30 09:00:01,785: 	 Checking directory /nfs/dust/cms/user/zoiirene/UpgradeStudiesGtoWW/framework93X/new932/CMSSW_9_3_2/module
DEBUG 2017-10-30 09:00:01,785: 	 Checking directory /nfs/dust/cms/user/zoiirene/UpgradeStudiesGtoWW/framework93X/new932/CMSSW_9_3_2/external
DEBUG 2017-10-30 09:00:01,785: 	 Adding directory /nfs/dust/cms/user/zoiirene/UpgradeStudiesGtoWW/framework93X/new932/CMSSW_9_3_2/external to tarball
DEBUG 2017-10-30 09:00:08,545: 	 Adding data directory /nfs/dust/cms/user/zoiirene/UpgradeStudiesGtoWW/framework93X/new932/CMSSW_9_3_2/src/UHH2/common/data to tarball
DEBUG 2017-10-30 09:00:11,562: 	 Adding data directory /nfs/dust/cms/user/zoiirene/UpgradeStudiesGtoWW/framework93X/new932/CMSSW_9_3_2/src/UHH2/JetMETObjects/data to tarball
DEBUG 2017-10-30 09:00:13,724: 	 Adding data directory /nfs/dust/cms/user/zoiirene/UpgradeStudiesGtoWW/framework93X/new932/CMSSW_9_3_2/src/UHH2/JetMETObjects/interface to tarball
DEBUG 2017-10-30 09:00:14,003: 	 Uploading archive /nfs/dust/cms/user/zoiirene/UpgradeStudiesGtoWW/framework93X/new932/CMSSW_9_3_2/src/UHH2/scripts/crab/crab_Qstar/crab_QstarToQW_M_6000_14TeV_PhaseIITDRFall17_noPU/inputs/906c2438-df97-4512-bab2-c52ee3cc9441default.tgz (12 MB) to the CRAB cache. Using URI https://cmsweb.cern.ch/crabcache
DEBUG 2017-10-30 09:00:19,919: 	 Loading required information from the environment
DEBUG 2017-10-30 09:00:19,919: 	 Found CMSSW_9_3_2 for slc6_amd64_gcc630 with base /nfs/dust/cms/user/zoiirene/UpgradeStudiesGtoWW/framework93X/new932/CMSSW_9_3_2
DEBUG 2017-10-30 09:00:19,919: 	 Making tarball in /nfs/dust/cms/user/zoiirene/UpgradeStudiesGtoWW/framework93X/new932/CMSSW_9_3_2/src/UHH2/scripts/crab/crab_Qstar/crab_QstarToQW_M_6000_14TeV_PhaseIITDRFall17_noPU/inputs/debugFiles.tgz
DEBUG 2017-10-30 09:00:19,932: 	 Uploading archive /nfs/dust/cms/user/zoiirene/UpgradeStudiesGtoWW/framework93X/new932/CMSSW_9_3_2/src/UHH2/scripts/crab/crab_Qstar/crab_QstarToQW_M_6000_14TeV_PhaseIITDRFall17_noPU/inputs/debugFiles.tgz (12 KB) to the CRAB cache. Using URI https://cmsweb.cern.ch/crabcache
DEBUG 2017-10-30 09:00:21,227: 	 Result uploading input files: 03b10f8b88dd15fe56506f8f596dae98185dbbf51d307291eef174d945532fa7.tar.gz 
INFO 2017-10-30 09:00:21,227: 	 Sending the request to the server
DEBUG 2017-10-30 09:00:21,227: 	 Submitting {'maxjobruntime': 1250, 'extrajdl': [], 'ignorelocality': 0, 'savelogsflag': 1, 'useparent': 0, 'asyncdest': 'T2_DE_DESY', 'algoargs': 7500, 'cachefilename': '03b10f8b88dd15fe56506f8f596dae98185dbbf51d307291eef174d945532fa7.tar.gz', 'numcores': 1, 'addoutputfiles': ['Ntuple_AK8.root'], 'generator': 'pythia', 'maxmemory': 2500, 'publishdbsurl': 'https://cmsweb.cern.ch/dbs/prod/phys03/DBSWriter', 'priority': 10, 'jobsw': 'CMSSW_9_3_2', 'edmoutfiles': [], 'userfiles': [], 'primarydataset': '', 'inputdata': '/QstarToQW_M_6000_TuneCUETP8M1_14TeV_pythia8/PhaseIITDRFall17MiniAOD-noPU_93X_upgrade2023_realistic_v2-v1/MINIAODSIM', 'lfn': '/store/user/izoi/RunII_93X_v2-v1/', 'dryrun': 0, 'workflow': 'crab_QstarToQW_M_6000_14TeV_PhaseIITDRFall17_noPU', 'cacheurl': u'https://cmsweb.cern.ch/crabcache', 'nonprodsw': 0, 'tfileoutfiles': [], 'oneEventMode': 0, 'debugfilename': '591197383786941e5a87024ee4966043058835676beebd855f4ed5437c55fd3b.tar.gz', 'saveoutput': 1, 'publication': 0, 'jobarch': 'slc6_amd64_gcc630', 'totalunits': 0, 'splitalgo': 'EventAwareLumiBased', 'ignoreglobalblacklist': 0, 'nonvaliddata': 1, 'dbsurl': 'https://cmsweb.cern.ch/dbs/prod/global/DBSReader', 'publishgroupname': 0, 'jobtype': 'Analysis', 'publishname2': ''} 
DEBUG 2017-10-30 09:00:21,228: 	 Encoded submit request: maxjobruntime=1250&ignorelocality=0&savelogsflag=1&useparent=0&asyncdest=T2_DE_DESY&algoargs=7500&cachefilename=03b10f8b88dd15fe56506f8f596dae98185dbbf51d307291eef174d945532fa7.tar.gz&numcores=1&generator=pythia&maxmemory=2500&publishdbsurl=https%3A%2F%2Fcmsweb.cern.ch%2Fdbs%2Fprod%2Fphys03%2FDBSWriter&priority=10&jobsw=CMSSW_9_3_2&primarydataset=&inputdata=%2FQstarToQW_M_6000_TuneCUETP8M1_14TeV_pythia8%2FPhaseIITDRFall17MiniAOD-noPU_93X_upgrade2023_realistic_v2-v1%2FMINIAODSIM&lfn=%2Fstore%2Fuser%2Fizoi%2FRunII_93X_v2-v1%2F&dryrun=0&workflow=crab_QstarToQW_M_6000_14TeV_PhaseIITDRFall17_noPU&cacheurl=https%3A%2F%2Fcmsweb.cern.ch%2Fcrabcache&nonprodsw=0&oneEventMode=0&debugfilename=591197383786941e5a87024ee4966043058835676beebd855f4ed5437c55fd3b.tar.gz&saveoutput=1&publication=0&jobarch=slc6_amd64_gcc630&totalunits=0&splitalgo=EventAwareLumiBased&ignoreglobalblacklist=0&nonvaliddata=1&dbsurl=https%3A%2F%2Fcmsweb.cern.ch%2Fdbs%2Fprod%2Fglobal%2FDBSReader&publishgroupname=0&jobtype=Analysis&publishname2=&addoutputfiles=Ntuple_AK8.root
DEBUG 2017-10-30 09:00:22,884: 	 Result: {u'result': [{u'RequestName': u'171030_080022:izoi_crab_QstarToQW_M_6000_14TeV_PhaseIITDRFall17_noPU'}]}
INFO 2017-10-30 09:00:22,888: 	 Success: Your task has been delivered to the CRAB3 server.
INFO 2017-10-30 09:00:22,888: 	 Task name: 171030_080022:izoi_crab_QstarToQW_M_6000_14TeV_PhaseIITDRFall17_noPU
INFO 2017-10-30 09:00:22,888: 	 Please use 'crab status' to check how the submission process proceeds.
DEBUG 2017-10-30 09:00:22,888: 	 About to return
INFO 2017-10-30 09:00:22,895: 	 Log file is /nfs/dust/cms/user/zoiirene/UpgradeStudiesGtoWW/framework93X/new932/CMSSW_9_3_2/src/UHH2/scripts/crab/crab_Qstar/crab_QstarToQW_M_6000_14TeV_PhaseIITDRFall17_noPU/crab.log
DEBUG 2017-10-30 09:05:47,708: 	 Executing command: 'status'
DEBUG 2017-10-30 09:05:47,709: 	 Found CRAB cache file /afs/desy.de/user/z/zoiirene/.crab3
DEBUG 2017-10-30 09:05:47,725: 	 Checking credentials
DEBUG 2017-10-30 09:05:47,726: 	 Found proxy file /tmp/x509up_u28517
DEBUG 2017-10-30 09:05:47,726: 	 Getting proxy life time left
DEBUG 2017-10-30 09:05:48,732: 	 Executing : 
 command : voms-proxy-info -file /tmp/x509up_u28517 -timeleft
 output : 42783

 error: 
 retcode : 0
DEBUG 2017-10-30 09:05:49,739: 	 Executing : 
 command : voms-proxy-info -file /tmp/x509up_u28517 -actimeleft
 output : 42782

 error: 
 retcode : 0
DEBUG 2017-10-30 09:05:49,739: 	 Proxy valid for 11:53:03 hours
DEBUG 2017-10-30 09:05:49,872: 	 Executing : 
 command : openssl x509 -in ~/.globus/usercert.pem -subject -noout
 output : subject= /C=DE/O=GermanGrid/OU=uni-hamburg/CN=Zoi Irene

 error: 
 retcode : 0
DEBUG 2017-10-30 09:05:49,872: 	 Checking credentials
DEBUG 2017-10-30 09:05:49,873: 	 Found proxy file /tmp/x509up_u28517
DEBUG 2017-10-30 09:05:49,873: 	 Getting proxy life time left
DEBUG 2017-10-30 09:05:50,879: 	 Executing : 
 command : voms-proxy-info -file /tmp/x509up_u28517 -timeleft
 output : 42781

 error: 
 retcode : 0
DEBUG 2017-10-30 09:05:51,886: 	 Executing : 
 command : voms-proxy-info -file /tmp/x509up_u28517 -actimeleft
 output : 42780

 error: 
 retcode : 0
DEBUG 2017-10-30 09:05:51,886: 	 Proxy valid for 11:53:01 hours
DEBUG 2017-10-30 09:05:53,182: 	 Registering user credentials for server /DC=ch/DC=cern/OU=computers/CN=vocms(045|052|021|031|0118|0118a|0119|0108|0105|0109).cern.ch
DEBUG 2017-10-30 09:05:53,295: 	 Executing : 
 command : openssl x509 -in ~/.globus/usercert.pem -subject -noout
 output : subject= /C=DE/O=GermanGrid/OU=uni-hamburg/CN=Zoi Irene

 error: 
 retcode : 0
DEBUG 2017-10-30 09:05:53,296: 	 Getting myproxy life time left for myproxy.cern.ch
DEBUG 2017-10-30 09:05:53,296: 	 Calculating hash of /C=DE/O=GermanGrid/OU=uni-hamburg/CN=Zoi Irene_cmsweb.cern.ch for credential name
DEBUG 2017-10-30 09:05:53,801: 	 Executing : 
 command : myproxy-info -l 3cd82fca48badc692f8513e62d67e79566e4e718 -s myproxy.cern.ch
 output : username: 3cd82fca48badc692f8513e62d67e79566e4e718
owner: /C=DE/O=GermanGrid/OU=uni-hamburg/CN=Zoi Irene
  renewal policy: /DC=ch/DC=cern/OU=computers/CN=vocms(045|052|021|031|0118|0118a|0119|0108|0105|0109).cern.ch
  trusted retrieval policy: /DC=ch/DC=cern/OU=computers/CN=vocms(045|052|021|031|0118|0118a|0119|0108|0105|0109).cern.ch
  timeleft: 605:56:35  (25.2 days)

 error: 
 retcode : 0
DEBUG 2017-10-30 09:05:53,803: 	 Myproxy is valid: 2181395
DEBUG 2017-10-30 09:05:53,803: 	 Command use: status
DEBUG 2017-10-30 09:05:53,804: 	 Options use: []
DEBUG 2017-10-30 09:05:55,156: 	 CRABClient version: 3.3.1707.patch1
DEBUG 2017-10-30 09:05:55,156: 	 Instance is prod
DEBUG 2017-10-30 09:05:55,156: 	 Server base url is cmsweb.cern.ch
DEBUG 2017-10-30 09:05:55,156: 	 Command url /crabserver/prod/workflow
DEBUG 2017-10-30 09:05:56,660: 	 Got information from server oracle database: {u'result': [u'171030_080022:izoi_crab_QstarToQW_M_6000_14TeV_PhaseIITDRFall17_noPU', u'None', u'SUBMITTED', u'2017-10-30 08:00:22.864257', u'None', u'2017-10-30 08:01:37.314955', u'None', u'CMSSW_9_3_2', u'slc6_amd64_gcc630', u'/QstarToQW_M_6000_TuneCUETP8M1_14TeV_pythia8/PhaseIITDRFall17MiniAOD-noPU_93X_upgrade2023_realistic_v2-v1/MINIAODSIM', u'[]', u'[]', u'EventAwareLumiBased', u"{'splitOnRun': False, 'events_per_job': 7500, 'halt_job_on_file_boundaries': False, 'runs': [], 'lumis': []}", u'0', u'03b10f8b88dd15fe56506f8f596dae98185dbbf51d307291eef174d945532fa7.tar.gz', u'https://cmsweb.cern.ch/crabcache', u'izoi', u'/C=DE/O=GermanGrid/OU=uni-hamburg/CN=Zoi Irene', u'cms', u'None', u'None', u'crab_QstarToQW_M_6000_14TeV_PhaseIITDRFall17_noPU-00000000000000000000000000000000', u'T2_DE_DESY', u'https://cmsweb.cern.ch/dbs/prod/global/DBSReader', u'https://cmsweb.cern.ch/dbs/prod/phys03/DBSWriter', u'F', u'Analysis', u'{}', u'[]', u'T', u'vocms052', u'[]', u'1250', u'1', u'2500', u'10', u'None', u'http://vocms0155.cern.ch/mon/cms1123/171030_080022:izoi_crab_QstarToQW_M_6000_14TeV_PhaseIITDRFall17_noPU', u'None', u'None', u'[]', u'[]', u'["The input dataset /QstarToQW_M_6000_TuneCUETP8M1_14TeV_pythia8/PhaseIITDRFall17MiniAOD-noPU_93X_upgrade2023_realistic_v2-v1/MINIAODSIM is not \'VALID\' but \'PRODUCTION\'. CRAB will check if there are any valid files in the dataset and run only over those files."]', u'pythia', u"['Ntuple_AK8.root']", u'[]', u'[]', u'https://cmsweb.cern.ch/crabserver/prod', u'None', u'0', u'cmsgwms-collector-global.cern.ch:9620,cmssrv221.fnal.gov:9620', u'crab3@vocms0155.cern.ch', u'F', u'[]', u'T', u'/store/user/izoi/RunII_93X_v2-v1/', u'F', u'None', u'F', u'F', u'T', u'None', u'QstarToQW_M_6000_TuneCUETP8M1_14TeV_pythia8', u'filetransfers', u'SUBMIT', u'14495481', u'591197383786941e5a87024ee4966043058835676beebd855f4ed5437c55fd3b.tar.gz', u'131.169.168.55', u'F', u'None'], u'desc': {u'columns': [u'tm_taskname', u'panda_jobset_id', u'tm_task_status', u'tm_start_time', u'tm_start_injection', u'tm_end_injection', u'tm_task_failure', u'tm_job_sw', u'tm_job_arch', u'tm_input_dataset', u'tm_site_whitelist', u'tm_site_blacklist', u'tm_split_algo', u'tm_split_args', u'tm_totalunits', u'tm_user_sandbox', u'tm_cache_url', u'tm_username', u'tm_user_dn', u'tm_user_vo', u'tm_user_role', u'tm_user_group', u'tm_publish_name', u'tm_asyncdest', u'tm_dbs_url', u'tm_publish_dbs_url', u'tm_publication', u'tm_job_type', u'tm_arguments', u'panda_resubmitted_jobs', u'tm_save_logs', u'tw_name', u'tm_user_infiles', u'tm_maxjobruntime', u'tm_numcores', u'tm_maxmemory', u'tm_priority', u'tm_output_dataset', u'tm_user_webdir', u'tm_activity', u'tm_scriptexe', u'tm_scriptargs', u'tm_extrajdl', u'tm_task_warnings', u'tm_generator', u'tm_outfiles', u'tm_tfile_outfiles', u'tm_edm_outfiles', u'tm_asourl', u'tm_events_per_lumi', u'tm_use_parent', u'tm_collector', u'tm_schedd', u'tm_dry_run', u'tm_user_files', u'tm_transfer_outputs', u'tm_output_lfn', u'tm_ignore_locality', u'tm_fail_limit', u'tm_one_event_mode', u'tm_publish_groupname', u'tm_nonvalid_input_dataset', u'tm_secondary_input_dataset', u'tm_primary_dataset', u'tm_asodb', u'tm_task_command', u'clusterid', u'tm_debug_files', u'tm_submitter_ip_addr', u'tm_ignore_global_blacklist', u'tm_last_publication']}}
INFO 2017-10-30 09:05:56,661: 	 CRAB project directory:		/nfs/dust/cms/user/zoiirene/UpgradeStudiesGtoWW/framework93X/new932/CMSSW_9_3_2/src/UHH2/scripts/crab/crab_Qstar/crab_QstarToQW_M_6000_14TeV_PhaseIITDRFall17_noPU
INFO 2017-10-30 09:05:56,661: 	 Task name:			171030_080022:izoi_crab_QstarToQW_M_6000_14TeV_PhaseIITDRFall17_noPU
INFO 2017-10-30 09:05:56,662: 	 Grid scheduler:			crab3@vocms0155.cern.ch
INFO 2017-10-30 09:05:56,662: 	 Status on the CRAB server:	SUBMITTED
INFO 2017-10-30 09:05:56,662: 	 Task URL to use for HELP:	https://cmsweb.cern.ch/crabserver/ui/task/171030_080022%3Aizoi_crab_QstarToQW_M_6000_14TeV_PhaseIITDRFall17_noPU
INFO 2017-10-30 09:05:56,662: 	 Dashboard monitoring URL:	http://dashb-cms-job.cern.ch/dashboard/templates/task-analysis/#user=izoi&refresh=0&table=Jobs&p=1&records=25&activemenu=2&status=&site=&tid=171030_080022%3Aizoi_crab_QstarToQW_M_6000_14TeV_PhaseIITDRFall17_noPU
WARNING 2017-10-30 09:05:56,662: 	 Warning:			The input dataset /QstarToQW_M_6000_TuneCUETP8M1_14TeV_pythia8/PhaseIITDRFall17MiniAOD-noPU_93X_upgrade2023_realistic_v2-v1/MINIAODSIM is not 'VALID' but 'PRODUCTION'. CRAB will check if there are any valid files in the dataset and run only over those files.
DEBUG 2017-10-30 09:05:56,662: 	 The CRAB server submitted your task to the Grid scheduler (cluster ID: 14495481)
DEBUG 2017-10-30 09:05:56,663: 	 Webdir is located at http://vocms0155.cern.ch/mon/cms1123/171030_080022:izoi_crab_QstarToQW_M_6000_14TeV_PhaseIITDRFall17_noPU
DEBUG 2017-10-30 09:05:58,044: 	 Proxied webdir is located at https://cmsweb.cern.ch/scheddmon/0155/cms1123/171030_080022:izoi_crab_QstarToQW_M_6000_14TeV_PhaseIITDRFall17_noPU
DEBUG 2017-10-30 09:05:58,044: 	 Retrieving 'status_cache' file from https://cmsweb.cern.ch/scheddmon/0155/cms1123/171030_080022:izoi_crab_QstarToQW_M_6000_14TeV_PhaseIITDRFall17_noPU/status_cache
DEBUG 2017-10-30 09:05:59,452: 	 Got information from status cache file: {'11': {'Retries': 0, 'WallDurations': [0], 'StartTimes': [], 'SubmitTimes': [1509350511.0], 'JobIds': ['14495490.0'], 'EndTimes': [], 'Restarts': 0, 'RecordedSite': False, 'State': 'idle', 'ResidentSetSize': [0], 'TotalUserCpuTimeHistory': [0.0], 'SiteHistory': ['Unknown'], 'TotalSysCpuTimeHistory': [0.0]}, '10': {'Retries': 0, 'WallDurations': [0], 'StartTimes': [], 'SubmitTimes': [1509350511.0], 'JobIds': ['14495485.0'], 'EndTimes': [], 'Restarts': 0, 'RecordedSite': False, 'State': 'idle', 'ResidentSetSize': [0], 'TotalUserCpuTimeHistory': [0.0], 'SiteHistory': ['Unknown'], 'TotalSysCpuTimeHistory': [0.0]}, '13': {'Retries': 0, 'WallDurations': [0], 'StartTimes': [], 'SubmitTimes': [1509350512.0], 'JobIds': ['14495495.0'], 'EndTimes': [], 'Restarts': 0, 'RecordedSite': False, 'State': 'idle', 'ResidentSetSize': [0], 'TotalUserCpuTimeHistory': [0.0], 'SiteHistory': ['Unknown'], 'TotalSysCpuTimeHistory': [0.0]}, '12': {'Retries': 0, 'WallDurations': [0], 'StartTimes': [], 'SubmitTimes': [1509350513.0], 'JobIds': ['14495501.0'], 'EndTimes': [], 'Restarts': 0, 'RecordedSite': False, 'State': 'idle', 'ResidentSetSize': [0], 'TotalUserCpuTimeHistory': [0.0], 'SiteHistory': ['Unknown'], 'TotalSysCpuTimeHistory': [0.0]}, '15': {'Retries': 0, 'WallDurations': [0], 'StartTimes': [], 'SubmitTimes': [1509350512.0], 'JobIds': ['14495498.0'], 'EndTimes': [], 'Restarts': 0, 'RecordedSite': False, 'State': 'idle', 'ResidentSetSize': [0], 'TotalUserCpuTimeHistory': [0.0], 'SiteHistory': ['Unknown'], 'TotalSysCpuTimeHistory': [0.0]}, '14': {'Retries': 0, 'WallDurations': [0], 'StartTimes': [], 'SubmitTimes': [1509350512.0], 'JobIds': ['14495497.0'], 'EndTimes': [], 'Restarts': 0, 'RecordedSite': False, 'State': 'idle', 'ResidentSetSize': [0], 'TotalUserCpuTimeHistory': [0.0], 'SiteHistory': ['Unknown'], 'TotalSysCpuTimeHistory': [0.0]}, '17': {'Retries': 0, 'WallDurations': [0], 'StartTimes': [], 'SubmitTimes': [1509350513.0], 'JobIds': ['14495499.0'], 'EndTimes': [], 'Restarts': 0, 'RecordedSite': False, 'State': 'idle', 'ResidentSetSize': [0], 'TotalUserCpuTimeHistory': [0.0], 'SiteHistory': ['Unknown'], 'TotalSysCpuTimeHistory': [0.0]}, '16': {'Retries': 0, 'WallDurations': [0], 'StartTimes': [], 'SubmitTimes': [1509350513.0], 'JobIds': ['14495500.0'], 'EndTimes': [], 'Restarts': 0, 'RecordedSite': False, 'State': 'idle', 'ResidentSetSize': [0], 'TotalUserCpuTimeHistory': [0.0], 'SiteHistory': ['Unknown'], 'TotalSysCpuTimeHistory': [0.0]}, '1': {'Retries': 0, 'WallDurations': [0], 'StartTimes': [], 'SubmitTimes': [1509350511.0], 'JobIds': ['14495489.0'], 'EndTimes': [], 'Restarts': 0, 'RecordedSite': False, 'State': 'idle', 'ResidentSetSize': [0], 'TotalUserCpuTimeHistory': [0.0], 'SiteHistory': ['Unknown'], 'TotalSysCpuTimeHistory': [0.0]}, '3': {'Retries': 0, 'WallDurations': [0], 'StartTimes': [], 'SubmitTimes': [1509350511.0], 'JobIds': ['14495488.0'], 'EndTimes': [], 'Restarts': 0, 'RecordedSite': False, 'State': 'idle', 'ResidentSetSize': [0], 'TotalUserCpuTimeHistory': [0.0], 'SiteHistory': ['Unknown'], 'TotalSysCpuTimeHistory': [0.0]}, '2': {'Retries': 0, 'WallDurations': [0], 'StartTimes': [], 'SubmitTimes': [1509350511.0], 'JobIds': ['14495486.0'], 'EndTimes': [], 'Restarts': 0, 'RecordedSite': False, 'State': 'idle', 'ResidentSetSize': [0], 'TotalUserCpuTimeHistory': [0.0], 'SiteHistory': ['Unknown'], 'TotalSysCpuTimeHistory': [0.0]}, '5': {'Retries': 0, 'WallDurations': [0], 'StartTimes': [], 'SubmitTimes': [1509350511.0], 'JobIds': ['14495487.0'], 'EndTimes': [], 'Restarts': 0, 'RecordedSite': False, 'State': 'idle', 'ResidentSetSize': [0], 'TotalUserCpuTimeHistory': [0.0], 'SiteHistory': ['Unknown'], 'TotalSysCpuTimeHistory': [0.0]}, '4': {'Retries': 0, 'WallDurations': [0], 'StartTimes': [], 'SubmitTimes': [1509350511.0], 'JobIds': ['14495491.0'], 'EndTimes': [], 'Restarts': 0, 'RecordedSite': False, 'State': 'idle', 'ResidentSetSize': [0], 'TotalUserCpuTimeHistory': [0.0], 'SiteHistory': ['Unknown'], 'TotalSysCpuTimeHistory': [0.0]}, '7': {'Retries': 0, 'WallDurations': [0], 'StartTimes': [], 'SubmitTimes': [1509350512.0], 'JobIds': ['14495492.0'], 'EndTimes': [], 'Restarts': 0, 'RecordedSite': False, 'State': 'idle', 'ResidentSetSize': [0], 'TotalUserCpuTimeHistory': [0.0], 'SiteHistory': ['Unknown'], 'TotalSysCpuTimeHistory': [0.0]}, '6': {'Retries': 0, 'WallDurations': [0], 'StartTimes': [], 'SubmitTimes': [1509350512.0], 'JobIds': ['14495494.0'], 'EndTimes': [], 'Restarts': 0, 'RecordedSite': False, 'State': 'idle', 'ResidentSetSize': [0], 'TotalUserCpuTimeHistory': [0.0], 'SiteHistory': ['Unknown'], 'TotalSysCpuTimeHistory': [0.0]}, '9': {'Retries': 0, 'WallDurations': [0], 'StartTimes': [], 'SubmitTimes': [1509350512.0], 'JobIds': ['14495493.0'], 'EndTimes': [], 'Restarts': 0, 'RecordedSite': False, 'State': 'idle', 'ResidentSetSize': [0], 'TotalUserCpuTimeHistory': [0.0], 'SiteHistory': ['Unknown'], 'TotalSysCpuTimeHistory': [0.0]}, '8': {'Retries': 0, 'WallDurations': [0], 'StartTimes': [], 'SubmitTimes': [1509350512.0], 'JobIds': ['14495496.0'], 'EndTimes': [], 'Restarts': 0, 'RecordedSite': False, 'State': 'idle', 'ResidentSetSize': [0], 'TotalUserCpuTimeHistory': [0.0], 'SiteHistory': ['Unknown'], 'TotalSysCpuTimeHistory': [0.0]}}
INFO 2017-10-30 09:05:59,452: 	 Status on the scheduler:	SUBMITTED
INFO 2017-10-30 09:05:59,452: 	 
Jobs status:                    idle          100.0% (17/17)
INFO 2017-10-30 09:05:59,452: 	 
No publication information (publication has been disabled in the CRAB configuration file)
INFO 2017-10-30 09:05:59,528: 	 Log file is /nfs/dust/cms/user/zoiirene/UpgradeStudiesGtoWW/framework93X/new932/CMSSW_9_3_2/src/UHH2/scripts/crab/crab_Qstar/crab_QstarToQW_M_6000_14TeV_PhaseIITDRFall17_noPU/crab.log
DEBUG 2017-10-30 09:06:59,891: 	 Executing command: 'status'
DEBUG 2017-10-30 09:06:59,892: 	 Found CRAB cache file /afs/desy.de/user/z/zoiirene/.crab3
DEBUG 2017-10-30 09:06:59,905: 	 Checking credentials
DEBUG 2017-10-30 09:06:59,905: 	 Found proxy file /tmp/x509up_u28517
DEBUG 2017-10-30 09:06:59,905: 	 Getting proxy life time left
DEBUG 2017-10-30 09:07:00,911: 	 Executing : 
 command : voms-proxy-info -file /tmp/x509up_u28517 -timeleft
 output : 42711

 error: 
 retcode : 0
DEBUG 2017-10-30 09:07:01,918: 	 Executing : 
 command : voms-proxy-info -file /tmp/x509up_u28517 -actimeleft
 output : 42710

 error: 
 retcode : 0
DEBUG 2017-10-30 09:07:01,919: 	 Proxy valid for 11:51:51 hours
DEBUG 2017-10-30 09:07:02,047: 	 Executing : 
 command : openssl x509 -in ~/.globus/usercert.pem -subject -noout
 output : subject= /C=DE/O=GermanGrid/OU=uni-hamburg/CN=Zoi Irene

 error: 
 retcode : 0
DEBUG 2017-10-30 09:07:02,047: 	 Checking credentials
DEBUG 2017-10-30 09:07:02,047: 	 Found proxy file /tmp/x509up_u28517
DEBUG 2017-10-30 09:07:02,047: 	 Getting proxy life time left
DEBUG 2017-10-30 09:07:03,053: 	 Executing : 
 command : voms-proxy-info -file /tmp/x509up_u28517 -timeleft
 output : 42709

 error: 
 retcode : 0
DEBUG 2017-10-30 09:07:03,960: 	 Executing : 
 command : voms-proxy-info -file /tmp/x509up_u28517 -actimeleft
 output : 42708

 error: 
 retcode : 0
DEBUG 2017-10-30 09:07:03,961: 	 Proxy valid for 11:51:49 hours
DEBUG 2017-10-30 09:07:05,230: 	 Registering user credentials for server /DC=ch/DC=cern/OU=computers/CN=vocms(045|052|021|031|0118|0118a|0119|0108|0105|0109).cern.ch
DEBUG 2017-10-30 09:07:05,343: 	 Executing : 
 command : openssl x509 -in ~/.globus/usercert.pem -subject -noout
 output : subject= /C=DE/O=GermanGrid/OU=uni-hamburg/CN=Zoi Irene

 error: 
 retcode : 0
DEBUG 2017-10-30 09:07:05,343: 	 Getting myproxy life time left for myproxy.cern.ch
DEBUG 2017-10-30 09:07:05,343: 	 Calculating hash of /C=DE/O=GermanGrid/OU=uni-hamburg/CN=Zoi Irene_cmsweb.cern.ch for credential name
DEBUG 2017-10-30 09:07:05,748: 	 Executing : 
 command : myproxy-info -l 3cd82fca48badc692f8513e62d67e79566e4e718 -s myproxy.cern.ch
 output : username: 3cd82fca48badc692f8513e62d67e79566e4e718
owner: /C=DE/O=GermanGrid/OU=uni-hamburg/CN=Zoi Irene
  renewal policy: /DC=ch/DC=cern/OU=computers/CN=vocms(045|052|021|031|0118|0118a|0119|0108|0105|0109).cern.ch
  trusted retrieval policy: /DC=ch/DC=cern/OU=computers/CN=vocms(045|052|021|031|0118|0118a|0119|0108|0105|0109).cern.ch
  timeleft: 605:55:23  (25.2 days)

 error: 
 retcode : 0
DEBUG 2017-10-30 09:07:05,750: 	 Myproxy is valid: 2181323
DEBUG 2017-10-30 09:07:05,750: 	 Command use: status
DEBUG 2017-10-30 09:07:05,750: 	 Options use: []
DEBUG 2017-10-30 09:07:07,084: 	 CRABClient version: 3.3.1707.patch1
DEBUG 2017-10-30 09:07:07,084: 	 Instance is prod
DEBUG 2017-10-30 09:07:07,084: 	 Server base url is cmsweb.cern.ch
DEBUG 2017-10-30 09:07:07,084: 	 Command url /crabserver/prod/workflow
DEBUG 2017-10-30 09:07:08,574: 	 Got information from server oracle database: {u'result': [u'171030_080022:izoi_crab_QstarToQW_M_6000_14TeV_PhaseIITDRFall17_noPU', u'None', u'SUBMITTED', u'2017-10-30 08:00:22.864257', u'None', u'2017-10-30 08:01:37.314955', u'None', u'CMSSW_9_3_2', u'slc6_amd64_gcc630', u'/QstarToQW_M_6000_TuneCUETP8M1_14TeV_pythia8/PhaseIITDRFall17MiniAOD-noPU_93X_upgrade2023_realistic_v2-v1/MINIAODSIM', u'[]', u'[]', u'EventAwareLumiBased', u"{'splitOnRun': False, 'events_per_job': 7500, 'halt_job_on_file_boundaries': False, 'runs': [], 'lumis': []}", u'0', u'03b10f8b88dd15fe56506f8f596dae98185dbbf51d307291eef174d945532fa7.tar.gz', u'https://cmsweb.cern.ch/crabcache', u'izoi', u'/C=DE/O=GermanGrid/OU=uni-hamburg/CN=Zoi Irene', u'cms', u'None', u'None', u'crab_QstarToQW_M_6000_14TeV_PhaseIITDRFall17_noPU-00000000000000000000000000000000', u'T2_DE_DESY', u'https://cmsweb.cern.ch/dbs/prod/global/DBSReader', u'https://cmsweb.cern.ch/dbs/prod/phys03/DBSWriter', u'F', u'Analysis', u'{}', u'[]', u'T', u'vocms052', u'[]', u'1250', u'1', u'2500', u'10', u'None', u'http://vocms0155.cern.ch/mon/cms1123/171030_080022:izoi_crab_QstarToQW_M_6000_14TeV_PhaseIITDRFall17_noPU', u'None', u'None', u'[]', u'[]', u'["The input dataset /QstarToQW_M_6000_TuneCUETP8M1_14TeV_pythia8/PhaseIITDRFall17MiniAOD-noPU_93X_upgrade2023_realistic_v2-v1/MINIAODSIM is not \'VALID\' but \'PRODUCTION\'. CRAB will check if there are any valid files in the dataset and run only over those files."]', u'pythia', u"['Ntuple_AK8.root']", u'[]', u'[]', u'https://cmsweb.cern.ch/crabserver/prod', u'None', u'0', u'cmsgwms-collector-global.cern.ch:9620,cmssrv221.fnal.gov:9620', u'crab3@vocms0155.cern.ch', u'F', u'[]', u'T', u'/store/user/izoi/RunII_93X_v2-v1/', u'F', u'None', u'F', u'F', u'T', u'None', u'QstarToQW_M_6000_TuneCUETP8M1_14TeV_pythia8', u'filetransfers', u'SUBMIT', u'14495481', u'591197383786941e5a87024ee4966043058835676beebd855f4ed5437c55fd3b.tar.gz', u'131.169.168.55', u'F', u'None'], u'desc': {u'columns': [u'tm_taskname', u'panda_jobset_id', u'tm_task_status', u'tm_start_time', u'tm_start_injection', u'tm_end_injection', u'tm_task_failure', u'tm_job_sw', u'tm_job_arch', u'tm_input_dataset', u'tm_site_whitelist', u'tm_site_blacklist', u'tm_split_algo', u'tm_split_args', u'tm_totalunits', u'tm_user_sandbox', u'tm_cache_url', u'tm_username', u'tm_user_dn', u'tm_user_vo', u'tm_user_role', u'tm_user_group', u'tm_publish_name', u'tm_asyncdest', u'tm_dbs_url', u'tm_publish_dbs_url', u'tm_publication', u'tm_job_type', u'tm_arguments', u'panda_resubmitted_jobs', u'tm_save_logs', u'tw_name', u'tm_user_infiles', u'tm_maxjobruntime', u'tm_numcores', u'tm_maxmemory', u'tm_priority', u'tm_output_dataset', u'tm_user_webdir', u'tm_activity', u'tm_scriptexe', u'tm_scriptargs', u'tm_extrajdl', u'tm_task_warnings', u'tm_generator', u'tm_outfiles', u'tm_tfile_outfiles', u'tm_edm_outfiles', u'tm_asourl', u'tm_events_per_lumi', u'tm_use_parent', u'tm_collector', u'tm_schedd', u'tm_dry_run', u'tm_user_files', u'tm_transfer_outputs', u'tm_output_lfn', u'tm_ignore_locality', u'tm_fail_limit', u'tm_one_event_mode', u'tm_publish_groupname', u'tm_nonvalid_input_dataset', u'tm_secondary_input_dataset', u'tm_primary_dataset', u'tm_asodb', u'tm_task_command', u'clusterid', u'tm_debug_files', u'tm_submitter_ip_addr', u'tm_ignore_global_blacklist', u'tm_last_publication']}}
INFO 2017-10-30 09:07:08,574: 	 CRAB project directory:		/nfs/dust/cms/user/zoiirene/UpgradeStudiesGtoWW/framework93X/new932/CMSSW_9_3_2/src/UHH2/scripts/crab/crab_Qstar/crab_QstarToQW_M_6000_14TeV_PhaseIITDRFall17_noPU
INFO 2017-10-30 09:07:08,574: 	 Task name:			171030_080022:izoi_crab_QstarToQW_M_6000_14TeV_PhaseIITDRFall17_noPU
INFO 2017-10-30 09:07:08,575: 	 Grid scheduler:			crab3@vocms0155.cern.ch
INFO 2017-10-30 09:07:08,575: 	 Status on the CRAB server:	SUBMITTED
INFO 2017-10-30 09:07:08,575: 	 Task URL to use for HELP:	https://cmsweb.cern.ch/crabserver/ui/task/171030_080022%3Aizoi_crab_QstarToQW_M_6000_14TeV_PhaseIITDRFall17_noPU
INFO 2017-10-30 09:07:08,575: 	 Dashboard monitoring URL:	http://dashb-cms-job.cern.ch/dashboard/templates/task-analysis/#user=izoi&refresh=0&table=Jobs&p=1&records=25&activemenu=2&status=&site=&tid=171030_080022%3Aizoi_crab_QstarToQW_M_6000_14TeV_PhaseIITDRFall17_noPU
WARNING 2017-10-30 09:07:08,575: 	 Warning:			The input dataset /QstarToQW_M_6000_TuneCUETP8M1_14TeV_pythia8/PhaseIITDRFall17MiniAOD-noPU_93X_upgrade2023_realistic_v2-v1/MINIAODSIM is not 'VALID' but 'PRODUCTION'. CRAB will check if there are any valid files in the dataset and run only over those files.
DEBUG 2017-10-30 09:07:08,575: 	 The CRAB server submitted your task to the Grid scheduler (cluster ID: 14495481)
DEBUG 2017-10-30 09:07:08,575: 	 Webdir is located at http://vocms0155.cern.ch/mon/cms1123/171030_080022:izoi_crab_QstarToQW_M_6000_14TeV_PhaseIITDRFall17_noPU
DEBUG 2017-10-30 09:07:10,053: 	 Proxied webdir is located at https://cmsweb.cern.ch/scheddmon/0155/cms1123/171030_080022:izoi_crab_QstarToQW_M_6000_14TeV_PhaseIITDRFall17_noPU
DEBUG 2017-10-30 09:07:10,053: 	 Retrieving 'status_cache' file from https://cmsweb.cern.ch/scheddmon/0155/cms1123/171030_080022:izoi_crab_QstarToQW_M_6000_14TeV_PhaseIITDRFall17_noPU/status_cache
DEBUG 2017-10-30 09:07:11,457: 	 Got information from status cache file: {'11': {'Retries': 0, 'WallDurations': [0], 'StartTimes': [], 'SubmitTimes': [1509350511.0], 'JobIds': ['14495490.0'], 'EndTimes': [], 'Restarts': 0, 'RecordedSite': False, 'State': 'idle', 'ResidentSetSize': [0], 'TotalUserCpuTimeHistory': [0.0], 'SiteHistory': ['Unknown'], 'TotalSysCpuTimeHistory': [0.0]}, '10': {'Retries': 0, 'WallDurations': [0], 'StartTimes': [], 'SubmitTimes': [1509350511.0], 'JobIds': ['14495485.0'], 'EndTimes': [], 'Restarts': 0, 'RecordedSite': False, 'State': 'idle', 'ResidentSetSize': [0], 'TotalUserCpuTimeHistory': [0.0], 'SiteHistory': ['Unknown'], 'TotalSysCpuTimeHistory': [0.0]}, '13': {'Retries': 0, 'WallDurations': [0], 'StartTimes': [], 'SubmitTimes': [1509350512.0], 'JobIds': ['14495495.0'], 'EndTimes': [], 'Restarts': 0, 'RecordedSite': False, 'State': 'idle', 'ResidentSetSize': [0], 'TotalUserCpuTimeHistory': [0.0], 'SiteHistory': ['Unknown'], 'TotalSysCpuTimeHistory': [0.0]}, '12': {'Retries': 0, 'WallDurations': [0], 'StartTimes': [], 'SubmitTimes': [1509350513.0], 'JobIds': ['14495501.0'], 'EndTimes': [], 'Restarts': 0, 'RecordedSite': False, 'State': 'idle', 'ResidentSetSize': [0], 'TotalUserCpuTimeHistory': [0.0], 'SiteHistory': ['Unknown'], 'TotalSysCpuTimeHistory': [0.0]}, '15': {'Retries': 0, 'WallDurations': [0], 'StartTimes': [], 'SubmitTimes': [1509350512.0], 'JobIds': ['14495498.0'], 'EndTimes': [], 'Restarts': 0, 'RecordedSite': False, 'State': 'idle', 'ResidentSetSize': [0], 'TotalUserCpuTimeHistory': [0.0], 'SiteHistory': ['Unknown'], 'TotalSysCpuTimeHistory': [0.0]}, '14': {'Retries': 0, 'WallDurations': [0], 'StartTimes': [], 'SubmitTimes': [1509350512.0], 'JobIds': ['14495497.0'], 'EndTimes': [], 'Restarts': 0, 'RecordedSite': False, 'State': 'idle', 'ResidentSetSize': [0], 'TotalUserCpuTimeHistory': [0.0], 'SiteHistory': ['Unknown'], 'TotalSysCpuTimeHistory': [0.0]}, '17': {'Retries': 0, 'WallDurations': [0], 'StartTimes': [], 'SubmitTimes': [1509350513.0], 'JobIds': ['14495499.0'], 'EndTimes': [], 'Restarts': 0, 'RecordedSite': False, 'State': 'idle', 'ResidentSetSize': [0], 'TotalUserCpuTimeHistory': [0.0], 'SiteHistory': ['Unknown'], 'TotalSysCpuTimeHistory': [0.0]}, '16': {'Retries': 0, 'WallDurations': [0], 'StartTimes': [], 'SubmitTimes': [1509350513.0], 'JobIds': ['14495500.0'], 'EndTimes': [], 'Restarts': 0, 'RecordedSite': False, 'State': 'idle', 'ResidentSetSize': [0], 'TotalUserCpuTimeHistory': [0.0], 'SiteHistory': ['Unknown'], 'TotalSysCpuTimeHistory': [0.0]}, '1': {'Retries': 0, 'WallDurations': [0], 'StartTimes': [], 'SubmitTimes': [1509350511.0], 'JobIds': ['14495489.0'], 'EndTimes': [], 'Restarts': 0, 'RecordedSite': False, 'State': 'idle', 'ResidentSetSize': [0], 'TotalUserCpuTimeHistory': [0.0], 'SiteHistory': ['Unknown'], 'TotalSysCpuTimeHistory': [0.0]}, '3': {'Retries': 0, 'WallDurations': [0], 'StartTimes': [], 'SubmitTimes': [1509350511.0], 'JobIds': ['14495488.0'], 'EndTimes': [], 'Restarts': 0, 'RecordedSite': False, 'State': 'idle', 'ResidentSetSize': [0], 'TotalUserCpuTimeHistory': [0.0], 'SiteHistory': ['Unknown'], 'TotalSysCpuTimeHistory': [0.0]}, '2': {'Retries': 0, 'WallDurations': [0], 'StartTimes': [], 'SubmitTimes': [1509350511.0], 'JobIds': ['14495486.0'], 'EndTimes': [], 'Restarts': 0, 'RecordedSite': False, 'State': 'idle', 'ResidentSetSize': [0], 'TotalUserCpuTimeHistory': [0.0], 'SiteHistory': ['Unknown'], 'TotalSysCpuTimeHistory': [0.0]}, '5': {'Retries': 0, 'WallDurations': [0], 'StartTimes': [], 'SubmitTimes': [1509350511.0], 'JobIds': ['14495487.0'], 'EndTimes': [], 'Restarts': 0, 'RecordedSite': False, 'State': 'idle', 'ResidentSetSize': [0], 'TotalUserCpuTimeHistory': [0.0], 'SiteHistory': ['Unknown'], 'TotalSysCpuTimeHistory': [0.0]}, '4': {'Retries': 0, 'WallDurations': [0], 'StartTimes': [], 'SubmitTimes': [1509350511.0], 'JobIds': ['14495491.0'], 'EndTimes': [], 'Restarts': 0, 'RecordedSite': False, 'State': 'idle', 'ResidentSetSize': [0], 'TotalUserCpuTimeHistory': [0.0], 'SiteHistory': ['Unknown'], 'TotalSysCpuTimeHistory': [0.0]}, '7': {'Retries': 0, 'WallDurations': [0], 'StartTimes': [], 'SubmitTimes': [1509350512.0], 'JobIds': ['14495492.0'], 'EndTimes': [], 'Restarts': 0, 'RecordedSite': False, 'State': 'idle', 'ResidentSetSize': [0], 'TotalUserCpuTimeHistory': [0.0], 'SiteHistory': ['Unknown'], 'TotalSysCpuTimeHistory': [0.0]}, '6': {'Retries': 0, 'WallDurations': [0], 'StartTimes': [], 'SubmitTimes': [1509350512.0], 'JobIds': ['14495494.0'], 'EndTimes': [], 'Restarts': 0, 'RecordedSite': False, 'State': 'idle', 'ResidentSetSize': [0], 'TotalUserCpuTimeHistory': [0.0], 'SiteHistory': ['Unknown'], 'TotalSysCpuTimeHistory': [0.0]}, '9': {'Retries': 0, 'WallDurations': [0], 'StartTimes': [], 'SubmitTimes': [1509350512.0], 'JobIds': ['14495493.0'], 'EndTimes': [], 'Restarts': 0, 'RecordedSite': False, 'State': 'idle', 'ResidentSetSize': [0], 'TotalUserCpuTimeHistory': [0.0], 'SiteHistory': ['Unknown'], 'TotalSysCpuTimeHistory': [0.0]}, '8': {'Retries': 0, 'WallDurations': [0], 'StartTimes': [], 'SubmitTimes': [1509350512.0], 'JobIds': ['14495496.0'], 'EndTimes': [], 'Restarts': 0, 'RecordedSite': False, 'State': 'idle', 'ResidentSetSize': [0], 'TotalUserCpuTimeHistory': [0.0], 'SiteHistory': ['Unknown'], 'TotalSysCpuTimeHistory': [0.0]}}
INFO 2017-10-30 09:07:11,457: 	 Status on the scheduler:	SUBMITTED
INFO 2017-10-30 09:07:11,457: 	 
Jobs status:                    idle          100.0% (17/17)
INFO 2017-10-30 09:07:11,457: 	 
No publication information (publication has been disabled in the CRAB configuration file)
INFO 2017-10-30 09:07:11,474: 	 Log file is /nfs/dust/cms/user/zoiirene/UpgradeStudiesGtoWW/framework93X/new932/CMSSW_9_3_2/src/UHH2/scripts/crab/crab_Qstar/crab_QstarToQW_M_6000_14TeV_PhaseIITDRFall17_noPU/crab.log
DEBUG 2017-10-30 09:09:53,830: 	 Executing command: 'status'
DEBUG 2017-10-30 09:09:53,830: 	 Found CRAB cache file /afs/desy.de/user/z/zoiirene/.crab3
DEBUG 2017-10-30 09:09:53,844: 	 Checking credentials
DEBUG 2017-10-30 09:09:53,844: 	 Found proxy file /tmp/x509up_u28517
DEBUG 2017-10-30 09:09:53,844: 	 Getting proxy life time left
DEBUG 2017-10-30 09:09:54,850: 	 Executing : 
 command : voms-proxy-info -file /tmp/x509up_u28517 -timeleft
 output : 42537

 error: 
 retcode : 0
DEBUG 2017-10-30 09:09:55,857: 	 Executing : 
 command : voms-proxy-info -file /tmp/x509up_u28517 -actimeleft
 output : 42536

 error: 
 retcode : 0
DEBUG 2017-10-30 09:09:55,857: 	 Proxy valid for 11:48:57 hours
DEBUG 2017-10-30 09:09:55,978: 	 Executing : 
 command : openssl x509 -in ~/.globus/usercert.pem -subject -noout
 output : subject= /C=DE/O=GermanGrid/OU=uni-hamburg/CN=Zoi Irene

 error: 
 retcode : 0
DEBUG 2017-10-30 09:09:55,979: 	 Checking credentials
DEBUG 2017-10-30 09:09:55,979: 	 Found proxy file /tmp/x509up_u28517
DEBUG 2017-10-30 09:09:55,979: 	 Getting proxy life time left
DEBUG 2017-10-30 09:09:56,885: 	 Executing : 
 command : voms-proxy-info -file /tmp/x509up_u28517 -timeleft
 output : 42535

 error: 
 retcode : 0
DEBUG 2017-10-30 09:09:57,791: 	 Executing : 
 command : voms-proxy-info -file /tmp/x509up_u28517 -actimeleft
 output : 42534

 error: 
 retcode : 0
DEBUG 2017-10-30 09:09:57,792: 	 Proxy valid for 11:48:55 hours
DEBUG 2017-10-30 09:09:59,408: 	 Registering user credentials for server /DC=ch/DC=cern/OU=computers/CN=vocms(045|052|021|031|0118|0118a|0119|0108|0105|0109).cern.ch
DEBUG 2017-10-30 09:09:59,517: 	 Executing : 
 command : openssl x509 -in ~/.globus/usercert.pem -subject -noout
 output : subject= /C=DE/O=GermanGrid/OU=uni-hamburg/CN=Zoi Irene

 error: 
 retcode : 0
DEBUG 2017-10-30 09:09:59,517: 	 Getting myproxy life time left for myproxy.cern.ch
DEBUG 2017-10-30 09:09:59,517: 	 Calculating hash of /C=DE/O=GermanGrid/OU=uni-hamburg/CN=Zoi Irene_cmsweb.cern.ch for credential name
DEBUG 2017-10-30 09:10:00,021: 	 Executing : 
 command : myproxy-info -l 3cd82fca48badc692f8513e62d67e79566e4e718 -s myproxy.cern.ch
 output : username: 3cd82fca48badc692f8513e62d67e79566e4e718
owner: /C=DE/O=GermanGrid/OU=uni-hamburg/CN=Zoi Irene
  renewal policy: /DC=ch/DC=cern/OU=computers/CN=vocms(045|052|021|031|0118|0118a|0119|0108|0105|0109).cern.ch
  trusted retrieval policy: /DC=ch/DC=cern/OU=computers/CN=vocms(045|052|021|031|0118|0118a|0119|0108|0105|0109).cern.ch
  timeleft: 605:52:29  (25.2 days)

 error: 
 retcode : 0
DEBUG 2017-10-30 09:10:00,023: 	 Myproxy is valid: 2181149
DEBUG 2017-10-30 09:10:00,023: 	 Command use: status
DEBUG 2017-10-30 09:10:00,024: 	 Options use: []
DEBUG 2017-10-30 09:10:01,546: 	 CRABClient version: 3.3.1707.patch1
DEBUG 2017-10-30 09:10:01,546: 	 Instance is prod
DEBUG 2017-10-30 09:10:01,546: 	 Server base url is cmsweb.cern.ch
DEBUG 2017-10-30 09:10:01,546: 	 Command url /crabserver/prod/workflow
DEBUG 2017-10-30 09:10:03,030: 	 Got information from server oracle database: {u'result': [u'171030_080022:izoi_crab_QstarToQW_M_6000_14TeV_PhaseIITDRFall17_noPU', u'None', u'SUBMITTED', u'2017-10-30 08:00:22.864257', u'None', u'2017-10-30 08:01:37.314955', u'None', u'CMSSW_9_3_2', u'slc6_amd64_gcc630', u'/QstarToQW_M_6000_TuneCUETP8M1_14TeV_pythia8/PhaseIITDRFall17MiniAOD-noPU_93X_upgrade2023_realistic_v2-v1/MINIAODSIM', u'[]', u'[]', u'EventAwareLumiBased', u"{'splitOnRun': False, 'events_per_job': 7500, 'halt_job_on_file_boundaries': False, 'runs': [], 'lumis': []}", u'0', u'03b10f8b88dd15fe56506f8f596dae98185dbbf51d307291eef174d945532fa7.tar.gz', u'https://cmsweb.cern.ch/crabcache', u'izoi', u'/C=DE/O=GermanGrid/OU=uni-hamburg/CN=Zoi Irene', u'cms', u'None', u'None', u'crab_QstarToQW_M_6000_14TeV_PhaseIITDRFall17_noPU-00000000000000000000000000000000', u'T2_DE_DESY', u'https://cmsweb.cern.ch/dbs/prod/global/DBSReader', u'https://cmsweb.cern.ch/dbs/prod/phys03/DBSWriter', u'F', u'Analysis', u'{}', u'[]', u'T', u'vocms052', u'[]', u'1250', u'1', u'2500', u'10', u'None', u'http://vocms0155.cern.ch/mon/cms1123/171030_080022:izoi_crab_QstarToQW_M_6000_14TeV_PhaseIITDRFall17_noPU', u'None', u'None', u'[]', u'[]', u'["The input dataset /QstarToQW_M_6000_TuneCUETP8M1_14TeV_pythia8/PhaseIITDRFall17MiniAOD-noPU_93X_upgrade2023_realistic_v2-v1/MINIAODSIM is not \'VALID\' but \'PRODUCTION\'. CRAB will check if there are any valid files in the dataset and run only over those files."]', u'pythia', u"['Ntuple_AK8.root']", u'[]', u'[]', u'https://cmsweb.cern.ch/crabserver/prod', u'None', u'0', u'cmsgwms-collector-global.cern.ch:9620,cmssrv221.fnal.gov:9620', u'crab3@vocms0155.cern.ch', u'F', u'[]', u'T', u'/store/user/izoi/RunII_93X_v2-v1/', u'F', u'None', u'F', u'F', u'T', u'None', u'QstarToQW_M_6000_TuneCUETP8M1_14TeV_pythia8', u'filetransfers', u'SUBMIT', u'14495481', u'591197383786941e5a87024ee4966043058835676beebd855f4ed5437c55fd3b.tar.gz', u'131.169.168.55', u'F', u'None'], u'desc': {u'columns': [u'tm_taskname', u'panda_jobset_id', u'tm_task_status', u'tm_start_time', u'tm_start_injection', u'tm_end_injection', u'tm_task_failure', u'tm_job_sw', u'tm_job_arch', u'tm_input_dataset', u'tm_site_whitelist', u'tm_site_blacklist', u'tm_split_algo', u'tm_split_args', u'tm_totalunits', u'tm_user_sandbox', u'tm_cache_url', u'tm_username', u'tm_user_dn', u'tm_user_vo', u'tm_user_role', u'tm_user_group', u'tm_publish_name', u'tm_asyncdest', u'tm_dbs_url', u'tm_publish_dbs_url', u'tm_publication', u'tm_job_type', u'tm_arguments', u'panda_resubmitted_jobs', u'tm_save_logs', u'tw_name', u'tm_user_infiles', u'tm_maxjobruntime', u'tm_numcores', u'tm_maxmemory', u'tm_priority', u'tm_output_dataset', u'tm_user_webdir', u'tm_activity', u'tm_scriptexe', u'tm_scriptargs', u'tm_extrajdl', u'tm_task_warnings', u'tm_generator', u'tm_outfiles', u'tm_tfile_outfiles', u'tm_edm_outfiles', u'tm_asourl', u'tm_events_per_lumi', u'tm_use_parent', u'tm_collector', u'tm_schedd', u'tm_dry_run', u'tm_user_files', u'tm_transfer_outputs', u'tm_output_lfn', u'tm_ignore_locality', u'tm_fail_limit', u'tm_one_event_mode', u'tm_publish_groupname', u'tm_nonvalid_input_dataset', u'tm_secondary_input_dataset', u'tm_primary_dataset', u'tm_asodb', u'tm_task_command', u'clusterid', u'tm_debug_files', u'tm_submitter_ip_addr', u'tm_ignore_global_blacklist', u'tm_last_publication']}}
INFO 2017-10-30 09:10:03,031: 	 CRAB project directory:		/nfs/dust/cms/user/zoiirene/UpgradeStudiesGtoWW/framework93X/new932/CMSSW_9_3_2/src/UHH2/scripts/crab/crab_Qstar/crab_QstarToQW_M_6000_14TeV_PhaseIITDRFall17_noPU
INFO 2017-10-30 09:10:03,031: 	 Task name:			171030_080022:izoi_crab_QstarToQW_M_6000_14TeV_PhaseIITDRFall17_noPU
INFO 2017-10-30 09:10:03,031: 	 Grid scheduler:			crab3@vocms0155.cern.ch
INFO 2017-10-30 09:10:03,031: 	 Status on the CRAB server:	SUBMITTED
INFO 2017-10-30 09:10:03,031: 	 Task URL to use for HELP:	https://cmsweb.cern.ch/crabserver/ui/task/171030_080022%3Aizoi_crab_QstarToQW_M_6000_14TeV_PhaseIITDRFall17_noPU
INFO 2017-10-30 09:10:03,031: 	 Dashboard monitoring URL:	http://dashb-cms-job.cern.ch/dashboard/templates/task-analysis/#user=izoi&refresh=0&table=Jobs&p=1&records=25&activemenu=2&status=&site=&tid=171030_080022%3Aizoi_crab_QstarToQW_M_6000_14TeV_PhaseIITDRFall17_noPU
WARNING 2017-10-30 09:10:03,031: 	 Warning:			The input dataset /QstarToQW_M_6000_TuneCUETP8M1_14TeV_pythia8/PhaseIITDRFall17MiniAOD-noPU_93X_upgrade2023_realistic_v2-v1/MINIAODSIM is not 'VALID' but 'PRODUCTION'. CRAB will check if there are any valid files in the dataset and run only over those files.
DEBUG 2017-10-30 09:10:03,031: 	 The CRAB server submitted your task to the Grid scheduler (cluster ID: 14495481)
DEBUG 2017-10-30 09:10:03,031: 	 Webdir is located at http://vocms0155.cern.ch/mon/cms1123/171030_080022:izoi_crab_QstarToQW_M_6000_14TeV_PhaseIITDRFall17_noPU
DEBUG 2017-10-30 09:10:04,534: 	 Proxied webdir is located at https://cmsweb.cern.ch/scheddmon/0155/cms1123/171030_080022:izoi_crab_QstarToQW_M_6000_14TeV_PhaseIITDRFall17_noPU
DEBUG 2017-10-30 09:10:04,534: 	 Retrieving 'status_cache' file from https://cmsweb.cern.ch/scheddmon/0155/cms1123/171030_080022:izoi_crab_QstarToQW_M_6000_14TeV_PhaseIITDRFall17_noPU/status_cache
DEBUG 2017-10-30 09:10:05,987: 	 Got information from status cache file: {'11': {'Retries': 0, 'WallDurations': [0], 'StartTimes': [], 'SubmitTimes': [1509350511.0], 'JobIds': ['14495490.0'], 'EndTimes': [], 'Restarts': 0, 'RecordedSite': False, 'State': 'idle', 'ResidentSetSize': [0], 'TotalUserCpuTimeHistory': [0.0], 'SiteHistory': ['Unknown'], 'TotalSysCpuTimeHistory': [0.0]}, '10': {'Retries': 0, 'WallDurations': [0], 'StartTimes': [], 'SubmitTimes': [1509350511.0], 'JobIds': ['14495485.0'], 'EndTimes': [], 'Restarts': 0, 'RecordedSite': False, 'State': 'idle', 'ResidentSetSize': [0], 'TotalUserCpuTimeHistory': [0.0], 'SiteHistory': ['Unknown'], 'TotalSysCpuTimeHistory': [0.0]}, '13': {'Retries': 0, 'WallDurations': [0], 'StartTimes': [], 'SubmitTimes': [1509350512.0], 'JobIds': ['14495495.0'], 'EndTimes': [], 'Restarts': 0, 'RecordedSite': False, 'State': 'idle', 'ResidentSetSize': [0], 'TotalUserCpuTimeHistory': [0.0], 'SiteHistory': ['Unknown'], 'TotalSysCpuTimeHistory': [0.0]}, '12': {'Retries': 0, 'WallDurations': [0], 'StartTimes': [], 'SubmitTimes': [1509350513.0], 'JobIds': ['14495501.0'], 'EndTimes': [], 'Restarts': 0, 'RecordedSite': False, 'State': 'idle', 'ResidentSetSize': [0], 'TotalUserCpuTimeHistory': [0.0], 'SiteHistory': ['Unknown'], 'TotalSysCpuTimeHistory': [0.0]}, '15': {'Retries': 0, 'WallDurations': [0], 'StartTimes': [], 'SubmitTimes': [1509350512.0], 'JobIds': ['14495498.0'], 'EndTimes': [], 'Restarts': 0, 'RecordedSite': False, 'State': 'idle', 'ResidentSetSize': [0], 'TotalUserCpuTimeHistory': [0.0], 'SiteHistory': ['Unknown'], 'TotalSysCpuTimeHistory': [0.0]}, '14': {'Retries': 0, 'WallDurations': [0], 'StartTimes': [], 'SubmitTimes': [1509350512.0], 'JobIds': ['14495497.0'], 'EndTimes': [], 'Restarts': 0, 'RecordedSite': False, 'State': 'idle', 'ResidentSetSize': [0], 'TotalUserCpuTimeHistory': [0.0], 'SiteHistory': ['Unknown'], 'TotalSysCpuTimeHistory': [0.0]}, '17': {'Retries': 0, 'WallDurations': [0], 'StartTimes': [], 'SubmitTimes': [1509350513.0], 'JobIds': ['14495499.0'], 'EndTimes': [], 'Restarts': 0, 'RecordedSite': False, 'State': 'idle', 'ResidentSetSize': [0], 'TotalUserCpuTimeHistory': [0.0], 'SiteHistory': ['Unknown'], 'TotalSysCpuTimeHistory': [0.0]}, '16': {'Retries': 0, 'WallDurations': [0], 'StartTimes': [], 'SubmitTimes': [1509350513.0], 'JobIds': ['14495500.0'], 'EndTimes': [], 'Restarts': 0, 'RecordedSite': False, 'State': 'idle', 'ResidentSetSize': [0], 'TotalUserCpuTimeHistory': [0.0], 'SiteHistory': ['Unknown'], 'TotalSysCpuTimeHistory': [0.0]}, '1': {'Retries': 0, 'WallDurations': [0], 'StartTimes': [], 'SubmitTimes': [1509350511.0], 'JobIds': ['14495489.0'], 'EndTimes': [], 'Restarts': 0, 'RecordedSite': False, 'State': 'idle', 'ResidentSetSize': [0], 'TotalUserCpuTimeHistory': [0.0], 'SiteHistory': ['Unknown'], 'TotalSysCpuTimeHistory': [0.0]}, '3': {'Retries': 0, 'WallDurations': [0], 'StartTimes': [], 'SubmitTimes': [1509350511.0], 'JobIds': ['14495488.0'], 'EndTimes': [], 'Restarts': 0, 'RecordedSite': False, 'State': 'idle', 'ResidentSetSize': [0], 'TotalUserCpuTimeHistory': [0.0], 'SiteHistory': ['Unknown'], 'TotalSysCpuTimeHistory': [0.0]}, '2': {'Retries': 0, 'WallDurations': [0], 'StartTimes': [], 'SubmitTimes': [1509350511.0], 'JobIds': ['14495486.0'], 'EndTimes': [], 'Restarts': 0, 'RecordedSite': False, 'State': 'idle', 'ResidentSetSize': [0], 'TotalUserCpuTimeHistory': [0.0], 'SiteHistory': ['Unknown'], 'TotalSysCpuTimeHistory': [0.0]}, '5': {'Retries': 0, 'WallDurations': [0], 'StartTimes': [], 'SubmitTimes': [1509350511.0], 'JobIds': ['14495487.0'], 'EndTimes': [], 'Restarts': 0, 'RecordedSite': False, 'State': 'idle', 'ResidentSetSize': [0], 'TotalUserCpuTimeHistory': [0.0], 'SiteHistory': ['Unknown'], 'TotalSysCpuTimeHistory': [0.0]}, '4': {'Retries': 0, 'WallDurations': [0], 'StartTimes': [], 'SubmitTimes': [1509350511.0], 'JobIds': ['14495491.0'], 'EndTimes': [], 'Restarts': 0, 'RecordedSite': False, 'State': 'idle', 'ResidentSetSize': [0], 'TotalUserCpuTimeHistory': [0.0], 'SiteHistory': ['Unknown'], 'TotalSysCpuTimeHistory': [0.0]}, '7': {'Retries': 0, 'WallDurations': [0], 'StartTimes': [], 'SubmitTimes': [1509350512.0], 'JobIds': ['14495492.0'], 'EndTimes': [], 'Restarts': 0, 'RecordedSite': False, 'State': 'idle', 'ResidentSetSize': [0], 'TotalUserCpuTimeHistory': [0.0], 'SiteHistory': ['Unknown'], 'TotalSysCpuTimeHistory': [0.0]}, '6': {'Retries': 0, 'WallDurations': [0], 'StartTimes': [], 'SubmitTimes': [1509350512.0], 'JobIds': ['14495494.0'], 'EndTimes': [], 'Restarts': 0, 'RecordedSite': False, 'State': 'idle', 'ResidentSetSize': [0], 'TotalUserCpuTimeHistory': [0.0], 'SiteHistory': ['Unknown'], 'TotalSysCpuTimeHistory': [0.0]}, '9': {'Retries': 0, 'WallDurations': [0], 'StartTimes': [], 'SubmitTimes': [1509350512.0], 'JobIds': ['14495493.0'], 'EndTimes': [], 'Restarts': 0, 'RecordedSite': False, 'State': 'idle', 'ResidentSetSize': [0], 'TotalUserCpuTimeHistory': [0.0], 'SiteHistory': ['Unknown'], 'TotalSysCpuTimeHistory': [0.0]}, '8': {'Retries': 0, 'WallDurations': [0], 'StartTimes': [], 'SubmitTimes': [1509350512.0], 'JobIds': ['14495496.0'], 'EndTimes': [], 'Restarts': 0, 'RecordedSite': False, 'State': 'idle', 'ResidentSetSize': [0], 'TotalUserCpuTimeHistory': [0.0], 'SiteHistory': ['Unknown'], 'TotalSysCpuTimeHistory': [0.0]}}
INFO 2017-10-30 09:10:05,987: 	 Status on the scheduler:	SUBMITTED
INFO 2017-10-30 09:10:05,987: 	 
Jobs status:                    idle          100.0% (17/17)
INFO 2017-10-30 09:10:05,987: 	 
No publication information (publication has been disabled in the CRAB configuration file)
INFO 2017-10-30 09:10:06,003: 	 Log file is /nfs/dust/cms/user/zoiirene/UpgradeStudiesGtoWW/framework93X/new932/CMSSW_9_3_2/src/UHH2/scripts/crab/crab_Qstar/crab_QstarToQW_M_6000_14TeV_PhaseIITDRFall17_noPU/crab.log
DEBUG 2017-10-30 09:14:05,175: 	 Executing command: 'status'
DEBUG 2017-10-30 09:14:05,175: 	 Found CRAB cache file /afs/desy.de/user/z/zoiirene/.crab3
DEBUG 2017-10-30 09:14:05,191: 	 Checking credentials
DEBUG 2017-10-30 09:14:05,191: 	 Found proxy file /tmp/x509up_u28517
DEBUG 2017-10-30 09:14:05,191: 	 Getting proxy life time left
DEBUG 2017-10-30 09:14:06,197: 	 Executing : 
 command : voms-proxy-info -file /tmp/x509up_u28517 -timeleft
 output : 42285

 error: 
 retcode : 0
DEBUG 2017-10-30 09:14:07,204: 	 Executing : 
 command : voms-proxy-info -file /tmp/x509up_u28517 -actimeleft
 output : 42284

 error: 
 retcode : 0
DEBUG 2017-10-30 09:14:07,205: 	 Proxy valid for 11:44:45 hours
DEBUG 2017-10-30 09:14:07,326: 	 Executing : 
 command : openssl x509 -in ~/.globus/usercert.pem -subject -noout
 output : subject= /C=DE/O=GermanGrid/OU=uni-hamburg/CN=Zoi Irene

 error: 
 retcode : 0
DEBUG 2017-10-30 09:14:07,327: 	 Checking credentials
DEBUG 2017-10-30 09:14:07,327: 	 Found proxy file /tmp/x509up_u28517
DEBUG 2017-10-30 09:14:07,327: 	 Getting proxy life time left
DEBUG 2017-10-30 09:14:08,233: 	 Executing : 
 command : voms-proxy-info -file /tmp/x509up_u28517 -timeleft
 output : 42283

 error: 
 retcode : 0
DEBUG 2017-10-30 09:14:09,239: 	 Executing : 
 command : voms-proxy-info -file /tmp/x509up_u28517 -actimeleft
 output : 42282

 error: 
 retcode : 0
DEBUG 2017-10-30 09:14:09,240: 	 Proxy valid for 11:44:43 hours
DEBUG 2017-10-30 09:14:10,629: 	 Registering user credentials for server /DC=ch/DC=cern/OU=computers/CN=vocms(045|052|021|031|0118|0118a|0119|0108|0105|0109).cern.ch
DEBUG 2017-10-30 09:14:10,743: 	 Executing : 
 command : openssl x509 -in ~/.globus/usercert.pem -subject -noout
 output : subject= /C=DE/O=GermanGrid/OU=uni-hamburg/CN=Zoi Irene

 error: 
 retcode : 0
DEBUG 2017-10-30 09:14:10,743: 	 Getting myproxy life time left for myproxy.cern.ch
DEBUG 2017-10-30 09:14:10,743: 	 Calculating hash of /C=DE/O=GermanGrid/OU=uni-hamburg/CN=Zoi Irene_cmsweb.cern.ch for credential name
DEBUG 2017-10-30 09:14:11,148: 	 Executing : 
 command : myproxy-info -l 3cd82fca48badc692f8513e62d67e79566e4e718 -s myproxy.cern.ch
 output : username: 3cd82fca48badc692f8513e62d67e79566e4e718
owner: /C=DE/O=GermanGrid/OU=uni-hamburg/CN=Zoi Irene
  renewal policy: /DC=ch/DC=cern/OU=computers/CN=vocms(045|052|021|031|0118|0118a|0119|0108|0105|0109).cern.ch
  trusted retrieval policy: /DC=ch/DC=cern/OU=computers/CN=vocms(045|052|021|031|0118|0118a|0119|0108|0105|0109).cern.ch
  timeleft: 605:48:17  (25.2 days)

 error: 
 retcode : 0
DEBUG 2017-10-30 09:14:11,150: 	 Myproxy is valid: 2180897
DEBUG 2017-10-30 09:14:11,150: 	 Command use: status
DEBUG 2017-10-30 09:14:11,150: 	 Options use: []
DEBUG 2017-10-30 09:14:12,923: 	 CRABClient version: 3.3.1707.patch1
DEBUG 2017-10-30 09:14:12,923: 	 Instance is prod
DEBUG 2017-10-30 09:14:12,923: 	 Server base url is cmsweb.cern.ch
DEBUG 2017-10-30 09:14:12,923: 	 Command url /crabserver/prod/workflow
DEBUG 2017-10-30 09:14:14,128: 	 Got information from server oracle database: {u'result': [u'171030_080022:izoi_crab_QstarToQW_M_6000_14TeV_PhaseIITDRFall17_noPU', u'None', u'SUBMITTED', u'2017-10-30 08:00:22.864257', u'None', u'2017-10-30 08:01:37.314955', u'None', u'CMSSW_9_3_2', u'slc6_amd64_gcc630', u'/QstarToQW_M_6000_TuneCUETP8M1_14TeV_pythia8/PhaseIITDRFall17MiniAOD-noPU_93X_upgrade2023_realistic_v2-v1/MINIAODSIM', u'[]', u'[]', u'EventAwareLumiBased', u"{'splitOnRun': False, 'events_per_job': 7500, 'halt_job_on_file_boundaries': False, 'runs': [], 'lumis': []}", u'0', u'03b10f8b88dd15fe56506f8f596dae98185dbbf51d307291eef174d945532fa7.tar.gz', u'https://cmsweb.cern.ch/crabcache', u'izoi', u'/C=DE/O=GermanGrid/OU=uni-hamburg/CN=Zoi Irene', u'cms', u'None', u'None', u'crab_QstarToQW_M_6000_14TeV_PhaseIITDRFall17_noPU-00000000000000000000000000000000', u'T2_DE_DESY', u'https://cmsweb.cern.ch/dbs/prod/global/DBSReader', u'https://cmsweb.cern.ch/dbs/prod/phys03/DBSWriter', u'F', u'Analysis', u'{}', u'[]', u'T', u'vocms052', u'[]', u'1250', u'1', u'2500', u'10', u'None', u'http://vocms0155.cern.ch/mon/cms1123/171030_080022:izoi_crab_QstarToQW_M_6000_14TeV_PhaseIITDRFall17_noPU', u'None', u'None', u'[]', u'[]', u'["The input dataset /QstarToQW_M_6000_TuneCUETP8M1_14TeV_pythia8/PhaseIITDRFall17MiniAOD-noPU_93X_upgrade2023_realistic_v2-v1/MINIAODSIM is not \'VALID\' but \'PRODUCTION\'. CRAB will check if there are any valid files in the dataset and run only over those files."]', u'pythia', u"['Ntuple_AK8.root']", u'[]', u'[]', u'https://cmsweb.cern.ch/crabserver/prod', u'None', u'0', u'cmsgwms-collector-global.cern.ch:9620,cmssrv221.fnal.gov:9620', u'crab3@vocms0155.cern.ch', u'F', u'[]', u'T', u'/store/user/izoi/RunII_93X_v2-v1/', u'F', u'None', u'F', u'F', u'T', u'None', u'QstarToQW_M_6000_TuneCUETP8M1_14TeV_pythia8', u'filetransfers', u'SUBMIT', u'14495481', u'591197383786941e5a87024ee4966043058835676beebd855f4ed5437c55fd3b.tar.gz', u'131.169.168.55', u'F', u'None'], u'desc': {u'columns': [u'tm_taskname', u'panda_jobset_id', u'tm_task_status', u'tm_start_time', u'tm_start_injection', u'tm_end_injection', u'tm_task_failure', u'tm_job_sw', u'tm_job_arch', u'tm_input_dataset', u'tm_site_whitelist', u'tm_site_blacklist', u'tm_split_algo', u'tm_split_args', u'tm_totalunits', u'tm_user_sandbox', u'tm_cache_url', u'tm_username', u'tm_user_dn', u'tm_user_vo', u'tm_user_role', u'tm_user_group', u'tm_publish_name', u'tm_asyncdest', u'tm_dbs_url', u'tm_publish_dbs_url', u'tm_publication', u'tm_job_type', u'tm_arguments', u'panda_resubmitted_jobs', u'tm_save_logs', u'tw_name', u'tm_user_infiles', u'tm_maxjobruntime', u'tm_numcores', u'tm_maxmemory', u'tm_priority', u'tm_output_dataset', u'tm_user_webdir', u'tm_activity', u'tm_scriptexe', u'tm_scriptargs', u'tm_extrajdl', u'tm_task_warnings', u'tm_generator', u'tm_outfiles', u'tm_tfile_outfiles', u'tm_edm_outfiles', u'tm_asourl', u'tm_events_per_lumi', u'tm_use_parent', u'tm_collector', u'tm_schedd', u'tm_dry_run', u'tm_user_files', u'tm_transfer_outputs', u'tm_output_lfn', u'tm_ignore_locality', u'tm_fail_limit', u'tm_one_event_mode', u'tm_publish_groupname', u'tm_nonvalid_input_dataset', u'tm_secondary_input_dataset', u'tm_primary_dataset', u'tm_asodb', u'tm_task_command', u'clusterid', u'tm_debug_files', u'tm_submitter_ip_addr', u'tm_ignore_global_blacklist', u'tm_last_publication']}}
INFO 2017-10-30 09:14:14,128: 	 CRAB project directory:		/nfs/dust/cms/user/zoiirene/UpgradeStudiesGtoWW/framework93X/new932/CMSSW_9_3_2/src/UHH2/scripts/crab/crab_Qstar/crab_QstarToQW_M_6000_14TeV_PhaseIITDRFall17_noPU
INFO 2017-10-30 09:14:14,129: 	 Task name:			171030_080022:izoi_crab_QstarToQW_M_6000_14TeV_PhaseIITDRFall17_noPU
INFO 2017-10-30 09:14:14,129: 	 Grid scheduler:			crab3@vocms0155.cern.ch
INFO 2017-10-30 09:14:14,129: 	 Status on the CRAB server:	SUBMITTED
INFO 2017-10-30 09:14:14,129: 	 Task URL to use for HELP:	https://cmsweb.cern.ch/crabserver/ui/task/171030_080022%3Aizoi_crab_QstarToQW_M_6000_14TeV_PhaseIITDRFall17_noPU
INFO 2017-10-30 09:14:14,129: 	 Dashboard monitoring URL:	http://dashb-cms-job.cern.ch/dashboard/templates/task-analysis/#user=izoi&refresh=0&table=Jobs&p=1&records=25&activemenu=2&status=&site=&tid=171030_080022%3Aizoi_crab_QstarToQW_M_6000_14TeV_PhaseIITDRFall17_noPU
WARNING 2017-10-30 09:14:14,130: 	 Warning:			The input dataset /QstarToQW_M_6000_TuneCUETP8M1_14TeV_pythia8/PhaseIITDRFall17MiniAOD-noPU_93X_upgrade2023_realistic_v2-v1/MINIAODSIM is not 'VALID' but 'PRODUCTION'. CRAB will check if there are any valid files in the dataset and run only over those files.
DEBUG 2017-10-30 09:14:14,130: 	 The CRAB server submitted your task to the Grid scheduler (cluster ID: 14495481)
DEBUG 2017-10-30 09:14:14,130: 	 Webdir is located at http://vocms0155.cern.ch/mon/cms1123/171030_080022:izoi_crab_QstarToQW_M_6000_14TeV_PhaseIITDRFall17_noPU
DEBUG 2017-10-30 09:14:15,578: 	 Proxied webdir is located at https://cmsweb.cern.ch/scheddmon/0155/cms1123/171030_080022:izoi_crab_QstarToQW_M_6000_14TeV_PhaseIITDRFall17_noPU
DEBUG 2017-10-30 09:14:15,578: 	 Retrieving 'status_cache' file from https://cmsweb.cern.ch/scheddmon/0155/cms1123/171030_080022:izoi_crab_QstarToQW_M_6000_14TeV_PhaseIITDRFall17_noPU/status_cache
DEBUG 2017-10-30 09:14:16,977: 	 Got information from status cache file: {'11': {'Retries': 0, 'WallDurations': [9.0, 258.140300989151], 'StartTimes': [1509350907.0], 'SubmitTimes': [1509350511.0], 'JobIds': ['14495490.0'], 'EndTimes': [], 'Restarts': 0, 'RecordedSite': True, 'State': 'running', 'ResidentSetSize': [2704], 'TotalUserCpuTimeHistory': [0.0], 'SiteHistory': ['Unknown', 'T2_US_Vanderbilt'], 'TotalSysCpuTimeHistory': [0.0]}, '10': {'Retries': 0, 'WallDurations': [18.0, 189.140300989151], 'StartTimes': [1509350976.0], 'SubmitTimes': [1509350511.0], 'JobIds': ['14495485.0'], 'EndTimes': [], 'Restarts': 0, 'RecordedSite': True, 'State': 'running', 'ResidentSetSize': [2376], 'TotalUserCpuTimeHistory': [0.0], 'SiteHistory': ['Unknown', 'T2_US_Florida'], 'TotalSysCpuTimeHistory': [0.0]}, '13': {'Retries': 0, 'WallDurations': [10.0, 256.140300989151], 'StartTimes': [1509350909.0], 'SubmitTimes': [1509350512.0], 'JobIds': ['14495495.0'], 'EndTimes': [], 'Restarts': 0, 'RecordedSite': True, 'State': 'running', 'ResidentSetSize': [33604], 'TotalUserCpuTimeHistory': [0.0], 'SiteHistory': ['Unknown', 'T2_US_Florida'], 'TotalSysCpuTimeHistory': [0.0]}, '12': {'Retries': 0, 'WallDurations': [9.0, 257.140300989151], 'StartTimes': [1509350908.0], 'SubmitTimes': [1509350513.0], 'JobIds': ['14495501.0'], 'EndTimes': [], 'Restarts': 0, 'RecordedSite': True, 'State': 'running', 'ResidentSetSize': [64540], 'TotalUserCpuTimeHistory': [0.0], 'SiteHistory': ['Unknown', 'T2_US_Florida'], 'TotalSysCpuTimeHistory': [0.0]}, '15': {'Retries': 0, 'WallDurations': [9.0, 253.140300989151], 'StartTimes': [1509350912.0], 'SubmitTimes': [1509350512.0], 'JobIds': ['14495498.0'], 'EndTimes': [], 'Restarts': 0, 'RecordedSite': True, 'State': 'running', 'ResidentSetSize': [2584], 'TotalUserCpuTimeHistory': [0.0], 'SiteHistory': ['Unknown', 'T2_US_UCSD'], 'TotalSysCpuTimeHistory': [0.0]}, '14': {'Retries': 0, 'WallDurations': [9.0, 259.140300989151], 'StartTimes': [1509350906.0], 'SubmitTimes': [1509350512.0], 'JobIds': ['14495497.0'], 'EndTimes': [], 'Restarts': 0, 'RecordedSite': True, 'State': 'running', 'ResidentSetSize': [2632], 'TotalUserCpuTimeHistory': [0.0], 'SiteHistory': ['Unknown', 'T2_US_Vanderbilt'], 'TotalSysCpuTimeHistory': [0.0]}, '17': {'Retries': 0, 'WallDurations': [8.0, 256.140300989151], 'StartTimes': [1509350909.0], 'SubmitTimes': [1509350513.0], 'JobIds': ['14495499.0'], 'EndTimes': [], 'Restarts': 0, 'RecordedSite': True, 'State': 'running', 'ResidentSetSize': [2772], 'TotalUserCpuTimeHistory': [0.0], 'SiteHistory': ['Unknown', 'T2_US_Florida'], 'TotalSysCpuTimeHistory': [0.0]}, '16': {'Retries': 0, 'WallDurations': [9.0, 258.140300989151], 'StartTimes': [1509350907.0], 'SubmitTimes': [1509350513.0], 'JobIds': ['14495500.0'], 'EndTimes': [], 'Restarts': 0, 'RecordedSite': True, 'State': 'running', 'ResidentSetSize': [42892], 'TotalUserCpuTimeHistory': [1.0], 'SiteHistory': ['Unknown', 'T2_US_Vanderbilt'], 'TotalSysCpuTimeHistory': [0.0]}, '1': {'Retries': 0, 'WallDurations': [9.0, 249.140300989151], 'StartTimes': [1509350916.0], 'SubmitTimes': [1509350511.0], 'JobIds': ['14495489.0'], 'EndTimes': [], 'Restarts': 0, 'RecordedSite': True, 'State': 'running', 'ResidentSetSize': [16784], 'TotalUserCpuTimeHistory': [0.0], 'SiteHistory': ['Unknown', 'T2_US_Purdue'], 'TotalSysCpuTimeHistory': [0.0]}, '3': {'Retries': 0, 'WallDurations': [9.0, 201.140300989151], 'StartTimes': [1509350964.0], 'SubmitTimes': [1509350511.0], 'JobIds': ['14495488.0'], 'EndTimes': [], 'Restarts': 0, 'RecordedSite': True, 'State': 'running', 'ResidentSetSize': [25964], 'TotalUserCpuTimeHistory': [0.0], 'SiteHistory': ['Unknown', 'T2_US_Florida'], 'TotalSysCpuTimeHistory': [0.0]}, '2': {'Retries': 0, 'WallDurations': [10.0, 254.140300989151], 'StartTimes': [1509350911.0], 'SubmitTimes': [1509350511.0], 'JobIds': ['14495486.0'], 'EndTimes': [], 'Restarts': 0, 'RecordedSite': True, 'State': 'running', 'ResidentSetSize': [33796], 'TotalUserCpuTimeHistory': [0.0], 'SiteHistory': ['Unknown', 'T2_US_Caltech'], 'TotalSysCpuTimeHistory': [0.0]}, '5': {'Retries': 0, 'WallDurations': [9.0, 253.140300989151], 'StartTimes': [1509350912.0], 'SubmitTimes': [1509350511.0], 'JobIds': ['14495487.0'], 'EndTimes': [], 'Restarts': 0, 'RecordedSite': True, 'State': 'running', 'ResidentSetSize': [29424], 'TotalUserCpuTimeHistory': [0.0], 'SiteHistory': ['Unknown', 'T2_US_Nebraska'], 'TotalSysCpuTimeHistory': [0.0]}, '4': {'Retries': 0, 'WallDurations': [8.0, 242.140300989151], 'StartTimes': [1509350923.0], 'SubmitTimes': [1509350511.0], 'JobIds': ['14495491.0'], 'EndTimes': [], 'Restarts': 0, 'RecordedSite': True, 'State': 'running', 'ResidentSetSize': [2584], 'TotalUserCpuTimeHistory': [0.0], 'SiteHistory': ['Unknown', 'T2_US_UCSD'], 'TotalSysCpuTimeHistory': [0.0]}, '7': {'Retries': 0, 'WallDurations': [8.0, 255.140300989151], 'StartTimes': [1509350910.0], 'SubmitTimes': [1509350512.0], 'JobIds': ['14495492.0'], 'EndTimes': [], 'Restarts': 0, 'RecordedSite': True, 'State': 'running', 'ResidentSetSize': [2560], 'TotalUserCpuTimeHistory': [0.0], 'SiteHistory': ['Unknown', 'T2_US_Wisconsin'], 'TotalSysCpuTimeHistory': [0.0]}, '6': {'Retries': 0, 'WallDurations': [9.0, 257.140300989151], 'StartTimes': [1509350908.0], 'SubmitTimes': [1509350512.0], 'JobIds': ['14495494.0'], 'EndTimes': [], 'Restarts': 0, 'RecordedSite': True, 'State': 'running', 'ResidentSetSize': [63404], 'TotalUserCpuTimeHistory': [0.0], 'SiteHistory': ['Unknown', 'T2_US_Florida'], 'TotalSysCpuTimeHistory': [0.0]}, '9': {'Retries': 0, 'WallDurations': [8.0, 257.140300989151], 'StartTimes': [1509350908.0], 'SubmitTimes': [1509350512.0], 'JobIds': ['14495493.0'], 'EndTimes': [], 'Restarts': 0, 'RecordedSite': True, 'State': 'running', 'ResidentSetSize': [18416], 'TotalUserCpuTimeHistory': [0.0], 'SiteHistory': ['Unknown', 'T2_US_Wisconsin'], 'TotalSysCpuTimeHistory': [0.0]}, '8': {'Retries': 0, 'WallDurations': [9.0, 257.140300989151], 'StartTimes': [1509350908.0], 'SubmitTimes': [1509350512.0], 'JobIds': ['14495496.0'], 'EndTimes': [], 'Restarts': 0, 'RecordedSite': True, 'State': 'running', 'ResidentSetSize': [28700], 'TotalUserCpuTimeHistory': [0.0], 'SiteHistory': ['Unknown', 'T2_US_Wisconsin'], 'TotalSysCpuTimeHistory': [0.0]}}
INFO 2017-10-30 09:14:16,977: 	 Status on the scheduler:	SUBMITTED
INFO 2017-10-30 09:14:16,977: 	 
Jobs status:                    running       100.0% (17/17)
INFO 2017-10-30 09:14:16,977: 	 
No publication information (publication has been disabled in the CRAB configuration file)
INFO 2017-10-30 09:14:16,994: 	 Log file is /nfs/dust/cms/user/zoiirene/UpgradeStudiesGtoWW/framework93X/new932/CMSSW_9_3_2/src/UHH2/scripts/crab/crab_Qstar/crab_QstarToQW_M_6000_14TeV_PhaseIITDRFall17_noPU/crab.log
