Adding groomed genjets  ak8GenJetsSoftDrop
Adding ungroomed genjets  ak8GenJets
Adding ungroomed patJetsAk8CHSJets
adding grommed jets patJetsAk8CHSJetsSoftDrop
adding grommed jets' subjets patJetsAk8CHSJetsSoftDropSubjets
Adding groomed genjets  ak8GenJetsSoftDrop
Adding ungroomed genjets  ak8GenJetsFat
Adding ungroomed patJetsAk8PuppiJetsFat
adding grommed jets patJetsAk8PuppiJetsSoftDrop
adding grommed jets' subjets patJetsAk8PuppiJetsSoftDropSubjets
Adding groomed genjets  ak8GenJetsPruned
Adding ungroomed genjets  ak8GenJets
adding grommed jets patJetsAk8CHSJetsPruned
adding grommed jets' subjets patJetsAk8CHSJetsPrunedSubjets
Switching PV collection for PF2PAT: cms.InputTag("offlineSlimmedPrimaryVertices")
***********************************
DEBUG 2017-10-26 16:38:02,743: 	 Executing command: 'submit'
DEBUG 2017-10-26 16:38:02,743: 	 Found CRAB cache file /afs/desy.de/user/z/zoiirene/.crab3
DEBUG 2017-10-26 16:38:02,755: 	 Checking credentials
DEBUG 2017-10-26 16:38:02,756: 	 Found proxy file /tmp/x509up_u28517
DEBUG 2017-10-26 16:38:02,756: 	 Getting proxy life time left
DEBUG 2017-10-26 16:38:03,762: 	 Executing : 
 command : voms-proxy-info -file /tmp/x509up_u28517 -timeleft
 output : 42880

 error: 
 retcode : 0
DEBUG 2017-10-26 16:38:04,769: 	 Executing : 
 command : voms-proxy-info -file /tmp/x509up_u28517 -actimeleft
 output : 42878

 error: 
 retcode : 0
DEBUG 2017-10-26 16:38:04,769: 	 Proxy valid for 11:54:40 hours
INFO 2017-10-26 16:38:04,770: 	 Will use CRAB configuration file crab_VBF_Graviton_2000_93X_upgrade2023.py
DEBUG 2017-10-26 16:38:04,770: 	 Loading CRAB configuration file.
DEBUG 2017-10-26 16:38:08,771: 	 Will use CRAB Analysis plugin (i.e. will run an analysis job type).
DEBUG 2017-10-26 16:38:08,886: 	 Executing : 
 command : openssl x509 -in ~/.globus/usercert.pem -subject -noout
 output : subject= /C=DE/O=GermanGrid/OU=uni-hamburg/CN=Zoi Irene

 error: 
 retcode : 0
DEBUG 2017-10-26 16:38:08,886: 	 Checking credentials
DEBUG 2017-10-26 16:38:08,886: 	 Found proxy file /tmp/x509up_u28517
DEBUG 2017-10-26 16:38:08,886: 	 Getting proxy life time left
DEBUG 2017-10-26 16:38:09,691: 	 Executing : 
 command : voms-proxy-info -file /tmp/x509up_u28517 -timeleft
 output : 42874

 error: 
 retcode : 0
DEBUG 2017-10-26 16:38:10,699: 	 Executing : 
 command : voms-proxy-info -file /tmp/x509up_u28517 -actimeleft
 output : 42872

 error: 
 retcode : 0
DEBUG 2017-10-26 16:38:10,700: 	 Proxy valid for 11:54:34 hours
DEBUG 2017-10-26 16:38:11,605: 	 Executing : 
 command : env X509_USER_PROXY=/tmp/x509up_u28517 voms-proxy-info -fqan
 output : /cms/Role=NULL/Capability=NULL
/cms/dcms/Role=NULL/Capability=NULL

 error: 
 retcode : 0
DEBUG 2017-10-26 16:38:13,008: 	 Registering user credentials for server /DC=ch/DC=cern/OU=computers/CN=vocms(045|052|021|031|0118|0118a|0119|0108|0105|0109).cern.ch
DEBUG 2017-10-26 16:38:13,115: 	 Executing : 
 command : openssl x509 -in ~/.globus/usercert.pem -subject -noout
 output : subject= /C=DE/O=GermanGrid/OU=uni-hamburg/CN=Zoi Irene

 error: 
 retcode : 0
DEBUG 2017-10-26 16:38:13,115: 	 Getting myproxy life time left for myproxy.cern.ch
DEBUG 2017-10-26 16:38:13,115: 	 Calculating hash of /C=DE/O=GermanGrid/OU=uni-hamburg/CN=Zoi Irene_cmsweb.cern.ch for credential name
DEBUG 2017-10-26 16:38:13,819: 	 Executing : 
 command : myproxy-info -l 3cd82fca48badc692f8513e62d67e79566e4e718 -s myproxy.cern.ch
 output : username: 3cd82fca48badc692f8513e62d67e79566e4e718
owner: /C=DE/O=GermanGrid/OU=uni-hamburg/CN=Zoi Irene
  renewal policy: /DC=ch/DC=cern/OU=computers/CN=vocms(045|052|021|031|0118|0118a|0119|0108|0105|0109).cern.ch
  trusted retrieval policy: /DC=ch/DC=cern/OU=computers/CN=vocms(045|052|021|031|0118|0118a|0119|0108|0105|0109).cern.ch
  timeleft: 695:24:15  (29.0 days)

 error: 
 retcode : 0
DEBUG 2017-10-26 16:38:13,821: 	 Myproxy is valid: 2503455
DEBUG 2017-10-26 16:38:13,821: 	 Command use: submit
DEBUG 2017-10-26 16:38:13,821: 	 Options use: ['-c', 'crab_VBF_Graviton_2000_93X_upgrade2023.py']
DEBUG 2017-10-26 16:38:15,128: 	 CRABClient version: 3.3.1707.patch1
DEBUG 2017-10-26 16:38:15,128: 	 Instance is prod
DEBUG 2017-10-26 16:38:15,128: 	 Server base url is cmsweb.cern.ch
DEBUG 2017-10-26 16:38:15,128: 	 Command url /crabserver/prod/workflow
DEBUG 2017-10-26 16:38:15,128: 	 Started submission
DEBUG 2017-10-26 16:38:15,128: 	 Working on /nfs/dust/cms/user/zoiirene/UpgradeStudiesGtoWW/framework93X/new932/CMSSW_9_3_2/src/UHH2/scripts/crab/crab_Graviton/crab_VBF_BulkGravToWW_narrow_M-2000_14TeV_PhaseIITDRFall17_noPU_try
DEBUG 2017-10-26 16:38:16,639: 	 Loading required information from the environment
DEBUG 2017-10-26 16:38:16,639: 	 Found CMSSW_9_3_2 for slc6_amd64_gcc630 with base /nfs/dust/cms/user/zoiirene/UpgradeStudiesGtoWW/framework93X/new932/CMSSW_9_3_2
DEBUG 2017-10-26 16:38:16,639: 	 Loading required information from the environment
DEBUG 2017-10-26 16:38:16,640: 	 Found CMSSW_9_3_2 for slc6_amd64_gcc630 with base /nfs/dust/cms/user/zoiirene/UpgradeStudiesGtoWW/framework93X/new932/CMSSW_9_3_2
DEBUG 2017-10-26 16:38:16,667: 	 UNIQUE NAME: tarUUID 0a219a89-c3f6-4f00-9d5d-2d71db84c524 
DEBUG 2017-10-26 16:38:16,668: 	 self.config: from WMCore.Configuration import Configuration
config = Configuration()
config.section_('General')
config.General.transferLogs = True
config.General.transferOutputs = True
config.General.workArea = 'crab_Graviton'
config.General.requestName = 'VBF_BulkGravToWW_narrow_M-2000_14TeV_PhaseIITDRFall17_noPU_try'
config.section_('JobType')
config.JobType.psetName = '/nfs/dust/cms/user/zoiirene/UpgradeStudiesGtoWW/framework93X/new932/CMSSW_9_3_2/src/UHH2/core/python/ntuplewriter_93X_irene.py'
config.JobType.pluginName = 'Analysis'
config.JobType.outputFiles = ['Ntuple.root']
config.JobType.maxMemoryMB = 2500
config.JobType.sendExternalFolder = True
config.section_('Data')
config.Data.inputDataset = '/VBF_BulkGravToWW_narrow_M-2000_14TeV-madgraph/PhaseIITDRFall17MiniAOD-noPU_93X_upgrade2023_realistic_v2-v1/MINIAODSIM'
config.Data.publication = False
config.Data.unitsPerJob = 7500
config.Data.inputDBS = 'global'
config.Data.splitting = 'EventAwareLumiBased'
config.Data.outLFNDirBase = '/store/user/izoi/RunII_93X_v2-v1/'
config.section_('Site')
config.Site.storageSite = 'T2_DE_DESY'
config.section_('User')
config.section_('Debug')

DEBUG 2017-10-26 16:38:16,668: 	 self.config.JobType.psetName: /nfs/dust/cms/user/zoiirene/UpgradeStudiesGtoWW/framework93X/new932/CMSSW_9_3_2/src/UHH2/core/python/ntuplewriter_93X_irene.py
INFO 2017-10-26 16:38:16,669: 	 Importing CMSSW configuration /nfs/dust/cms/user/zoiirene/UpgradeStudiesGtoWW/framework93X/new932/CMSSW_9_3_2/src/UHH2/core/python/ntuplewriter_93X_irene.py
INFO 2017-10-26 16:38:20,438: 	 Finished importing CMSSW configuration /nfs/dust/cms/user/zoiirene/UpgradeStudiesGtoWW/framework93X/new932/CMSSW_9_3_2/src/UHH2/core/python/ntuplewriter_93X_irene.py
DEBUG 2017-10-26 16:38:20,439: 	 Writing CMSSW configuration to /nfs/dust/cms/user/zoiirene/UpgradeStudiesGtoWW/framework93X/new932/CMSSW_9_3_2/src/UHH2/scripts/crab/crab_Graviton/crab_VBF_BulkGravToWW_narrow_M-2000_14TeV_PhaseIITDRFall17_noPU_try/inputs/PSet.py
DEBUG 2017-10-26 16:38:21,498: 	 The following EDM output files will be collected: []
DEBUG 2017-10-26 16:38:21,498: 	 The following TFile output files will be collected: []
DEBUG 2017-10-26 16:38:21,498: 	 The following user output files will be collected: ['Ntuple.root']
DEBUG 2017-10-26 16:38:21,498: 	 Loading required information from the environment
DEBUG 2017-10-26 16:38:21,498: 	 Found CMSSW_9_3_2 for slc6_amd64_gcc630 with base /nfs/dust/cms/user/zoiirene/UpgradeStudiesGtoWW/framework93X/new932/CMSSW_9_3_2
DEBUG 2017-10-26 16:38:21,498: 	 Making tarball in /nfs/dust/cms/user/zoiirene/UpgradeStudiesGtoWW/framework93X/new932/CMSSW_9_3_2/src/UHH2/scripts/crab/crab_Graviton/crab_VBF_BulkGravToWW_narrow_M-2000_14TeV_PhaseIITDRFall17_noPU_try/inputs/0a219a89-c3f6-4f00-9d5d-2d71db84c524default.tgz
DEBUG 2017-10-26 16:38:21,561: 	 Checking directory /nfs/dust/cms/user/zoiirene/UpgradeStudiesGtoWW/framework93X/new932/CMSSW_9_3_2/lib
DEBUG 2017-10-26 16:38:21,561: 	 Adding directory /nfs/dust/cms/user/zoiirene/UpgradeStudiesGtoWW/framework93X/new932/CMSSW_9_3_2/lib to tarball
DEBUG 2017-10-26 16:38:23,846: 	 Checking directory /nfs/dust/cms/user/zoiirene/UpgradeStudiesGtoWW/framework93X/new932/CMSSW_9_3_2/biglib
DEBUG 2017-10-26 16:38:23,846: 	 Adding directory /nfs/dust/cms/user/zoiirene/UpgradeStudiesGtoWW/framework93X/new932/CMSSW_9_3_2/biglib to tarball
DEBUG 2017-10-26 16:38:23,849: 	 Checking directory /nfs/dust/cms/user/zoiirene/UpgradeStudiesGtoWW/framework93X/new932/CMSSW_9_3_2/module
DEBUG 2017-10-26 16:38:23,849: 	 Checking directory /nfs/dust/cms/user/zoiirene/UpgradeStudiesGtoWW/framework93X/new932/CMSSW_9_3_2/external
DEBUG 2017-10-26 16:38:23,849: 	 Adding directory /nfs/dust/cms/user/zoiirene/UpgradeStudiesGtoWW/framework93X/new932/CMSSW_9_3_2/external to tarball
DEBUG 2017-10-26 16:38:30,712: 	 Adding data directory /nfs/dust/cms/user/zoiirene/UpgradeStudiesGtoWW/framework93X/new932/CMSSW_9_3_2/src/UHH2/common/data to tarball
DEBUG 2017-10-26 16:38:34,695: 	 Adding data directory /nfs/dust/cms/user/zoiirene/UpgradeStudiesGtoWW/framework93X/new932/CMSSW_9_3_2/src/UHH2/JetMETObjects/data to tarball
DEBUG 2017-10-26 16:38:40,894: 	 Adding data directory /nfs/dust/cms/user/zoiirene/UpgradeStudiesGtoWW/framework93X/new932/CMSSW_9_3_2/src/UHH2/JetMETObjects/interface to tarball
DEBUG 2017-10-26 16:38:41,198: 	 Uploading archive /nfs/dust/cms/user/zoiirene/UpgradeStudiesGtoWW/framework93X/new932/CMSSW_9_3_2/src/UHH2/scripts/crab/crab_Graviton/crab_VBF_BulkGravToWW_narrow_M-2000_14TeV_PhaseIITDRFall17_noPU_try/inputs/0a219a89-c3f6-4f00-9d5d-2d71db84c524default.tgz (12 MB) to the CRAB cache. Using URI https://cmsweb.cern.ch/crabcache
DEBUG 2017-10-26 16:38:47,400: 	 Loading required information from the environment
DEBUG 2017-10-26 16:38:47,401: 	 Found CMSSW_9_3_2 for slc6_amd64_gcc630 with base /nfs/dust/cms/user/zoiirene/UpgradeStudiesGtoWW/framework93X/new932/CMSSW_9_3_2
DEBUG 2017-10-26 16:38:47,401: 	 Making tarball in /nfs/dust/cms/user/zoiirene/UpgradeStudiesGtoWW/framework93X/new932/CMSSW_9_3_2/src/UHH2/scripts/crab/crab_Graviton/crab_VBF_BulkGravToWW_narrow_M-2000_14TeV_PhaseIITDRFall17_noPU_try/inputs/debugFiles.tgz
DEBUG 2017-10-26 16:38:47,414: 	 Uploading archive /nfs/dust/cms/user/zoiirene/UpgradeStudiesGtoWW/framework93X/new932/CMSSW_9_3_2/src/UHH2/scripts/crab/crab_Graviton/crab_VBF_BulkGravToWW_narrow_M-2000_14TeV_PhaseIITDRFall17_noPU_try/inputs/debugFiles.tgz (12 KB) to the CRAB cache. Using URI https://cmsweb.cern.ch/crabcache
DEBUG 2017-10-26 16:38:48,683: 	 Result uploading input files: 4a0cc4756868ae1efac456b135fbec9fe9c73e86c83f608be5455a829d8f534c.tar.gz 
INFO 2017-10-26 16:38:48,684: 	 Sending the request to the server
DEBUG 2017-10-26 16:38:48,684: 	 Submitting {'maxjobruntime': 1250, 'extrajdl': [], 'ignorelocality': 0, 'savelogsflag': 1, 'useparent': 0, 'asyncdest': 'T2_DE_DESY', 'algoargs': 7500, 'cachefilename': '4a0cc4756868ae1efac456b135fbec9fe9c73e86c83f608be5455a829d8f534c.tar.gz', 'numcores': 1, 'addoutputfiles': ['Ntuple.root'], 'generator': 'pythia', 'maxmemory': 2500, 'publishdbsurl': 'https://cmsweb.cern.ch/dbs/prod/phys03/DBSWriter', 'priority': 10, 'jobsw': 'CMSSW_9_3_2', 'edmoutfiles': [], 'userfiles': [], 'primarydataset': '', 'inputdata': '/VBF_BulkGravToWW_narrow_M-2000_14TeV-madgraph/PhaseIITDRFall17MiniAOD-noPU_93X_upgrade2023_realistic_v2-v1/MINIAODSIM', 'lfn': '/store/user/izoi/RunII_93X_v2-v1/', 'dryrun': 0, 'workflow': 'crab_VBF_BulkGravToWW_narrow_M-2000_14TeV_PhaseIITDRFall17_noPU_try', 'cacheurl': u'https://cmsweb.cern.ch/crabcache', 'nonprodsw': 0, 'tfileoutfiles': [], 'oneEventMode': 0, 'debugfilename': '55749554c178344e52511304cb70796d4a06b628b7fa0cc872e4cdcb7d3815a8.tar.gz', 'saveoutput': 1, 'publication': 0, 'jobarch': 'slc6_amd64_gcc630', 'totalunits': 0, 'splitalgo': 'EventAwareLumiBased', 'ignoreglobalblacklist': 0, 'nonvaliddata': 0, 'dbsurl': 'https://cmsweb.cern.ch/dbs/prod/global/DBSReader', 'publishgroupname': 0, 'jobtype': 'Analysis', 'publishname2': ''} 
DEBUG 2017-10-26 16:38:48,685: 	 Encoded submit request: maxjobruntime=1250&ignorelocality=0&savelogsflag=1&useparent=0&asyncdest=T2_DE_DESY&algoargs=7500&cachefilename=4a0cc4756868ae1efac456b135fbec9fe9c73e86c83f608be5455a829d8f534c.tar.gz&numcores=1&generator=pythia&maxmemory=2500&publishdbsurl=https%3A%2F%2Fcmsweb.cern.ch%2Fdbs%2Fprod%2Fphys03%2FDBSWriter&priority=10&jobsw=CMSSW_9_3_2&primarydataset=&inputdata=%2FVBF_BulkGravToWW_narrow_M-2000_14TeV-madgraph%2FPhaseIITDRFall17MiniAOD-noPU_93X_upgrade2023_realistic_v2-v1%2FMINIAODSIM&lfn=%2Fstore%2Fuser%2Fizoi%2FRunII_93X_v2-v1%2F&dryrun=0&workflow=crab_VBF_BulkGravToWW_narrow_M-2000_14TeV_PhaseIITDRFall17_noPU_try&cacheurl=https%3A%2F%2Fcmsweb.cern.ch%2Fcrabcache&nonprodsw=0&oneEventMode=0&debugfilename=55749554c178344e52511304cb70796d4a06b628b7fa0cc872e4cdcb7d3815a8.tar.gz&saveoutput=1&publication=0&jobarch=slc6_amd64_gcc630&totalunits=0&splitalgo=EventAwareLumiBased&ignoreglobalblacklist=0&nonvaliddata=0&dbsurl=https%3A%2F%2Fcmsweb.cern.ch%2Fdbs%2Fprod%2Fglobal%2FDBSReader&publishgroupname=0&jobtype=Analysis&publishname2=&addoutputfiles=Ntuple.root
DEBUG 2017-10-26 16:38:50,304: 	 Result: {u'result': [{u'RequestName': u'171026_143850:izoi_crab_VBF_BulkGravToWW_narrow_M-2000_14TeV_PhaseIITDRFall17_noPU_try'}]}
INFO 2017-10-26 16:38:50,308: 	 Success: Your task has been delivered to the CRAB3 server.
INFO 2017-10-26 16:38:50,308: 	 Task name: 171026_143850:izoi_crab_VBF_BulkGravToWW_narrow_M-2000_14TeV_PhaseIITDRFall17_noPU_try
INFO 2017-10-26 16:38:50,308: 	 Please use 'crab status' to check how the submission process proceeds.
DEBUG 2017-10-26 16:38:50,308: 	 About to return
INFO 2017-10-26 16:38:50,316: 	 Log file is /nfs/dust/cms/user/zoiirene/UpgradeStudiesGtoWW/framework93X/new932/CMSSW_9_3_2/src/UHH2/scripts/crab/crab_Graviton/crab_VBF_BulkGravToWW_narrow_M-2000_14TeV_PhaseIITDRFall17_noPU_try/crab.log
DEBUG 2017-10-26 16:39:01,699: 	 Executing command: 'status'
DEBUG 2017-10-26 16:39:01,700: 	 Found CRAB cache file /afs/desy.de/user/z/zoiirene/.crab3
DEBUG 2017-10-26 16:39:01,711: 	 Checking credentials
DEBUG 2017-10-26 16:39:01,712: 	 Found proxy file /tmp/x509up_u28517
DEBUG 2017-10-26 16:39:01,712: 	 Getting proxy life time left
DEBUG 2017-10-26 16:39:02,718: 	 Executing : 
 command : voms-proxy-info -file /tmp/x509up_u28517 -timeleft
 output : 42821

 error: 
 retcode : 0
DEBUG 2017-10-26 16:39:03,725: 	 Executing : 
 command : voms-proxy-info -file /tmp/x509up_u28517 -actimeleft
 output : 42819

 error: 
 retcode : 0
DEBUG 2017-10-26 16:39:03,725: 	 Proxy valid for 11:53:41 hours
DEBUG 2017-10-26 16:39:03,845: 	 Executing : 
 command : openssl x509 -in ~/.globus/usercert.pem -subject -noout
 output : subject= /C=DE/O=GermanGrid/OU=uni-hamburg/CN=Zoi Irene

 error: 
 retcode : 0
DEBUG 2017-10-26 16:39:03,845: 	 Checking credentials
DEBUG 2017-10-26 16:39:03,845: 	 Found proxy file /tmp/x509up_u28517
DEBUG 2017-10-26 16:39:03,845: 	 Getting proxy life time left
DEBUG 2017-10-26 16:39:04,851: 	 Executing : 
 command : voms-proxy-info -file /tmp/x509up_u28517 -timeleft
 output : 42819

 error: 
 retcode : 0
DEBUG 2017-10-26 16:39:05,859: 	 Executing : 
 command : voms-proxy-info -file /tmp/x509up_u28517 -actimeleft
 output : 42817

 error: 
 retcode : 0
DEBUG 2017-10-26 16:39:05,860: 	 Proxy valid for 11:53:39 hours
DEBUG 2017-10-26 16:39:07,144: 	 Registering user credentials for server /DC=ch/DC=cern/OU=computers/CN=vocms(045|052|021|031|0118|0118a|0119|0108|0105|0109).cern.ch
DEBUG 2017-10-26 16:39:07,259: 	 Executing : 
 command : openssl x509 -in ~/.globus/usercert.pem -subject -noout
 output : subject= /C=DE/O=GermanGrid/OU=uni-hamburg/CN=Zoi Irene

 error: 
 retcode : 0
DEBUG 2017-10-26 16:39:07,259: 	 Getting myproxy life time left for myproxy.cern.ch
DEBUG 2017-10-26 16:39:07,259: 	 Calculating hash of /C=DE/O=GermanGrid/OU=uni-hamburg/CN=Zoi Irene_cmsweb.cern.ch for credential name
DEBUG 2017-10-26 16:39:07,565: 	 Executing : 
 command : myproxy-info -l 3cd82fca48badc692f8513e62d67e79566e4e718 -s myproxy.cern.ch
 output : username: 3cd82fca48badc692f8513e62d67e79566e4e718
owner: /C=DE/O=GermanGrid/OU=uni-hamburg/CN=Zoi Irene
  renewal policy: /DC=ch/DC=cern/OU=computers/CN=vocms(045|052|021|031|0118|0118a|0119|0108|0105|0109).cern.ch
  trusted retrieval policy: /DC=ch/DC=cern/OU=computers/CN=vocms(045|052|021|031|0118|0118a|0119|0108|0105|0109).cern.ch
  timeleft: 695:23:21  (29.0 days)

 error: 
 retcode : 0
DEBUG 2017-10-26 16:39:07,567: 	 Myproxy is valid: 2503401
DEBUG 2017-10-26 16:39:07,567: 	 Command use: status
DEBUG 2017-10-26 16:39:07,567: 	 Options use: []
DEBUG 2017-10-26 16:39:09,567: 	 CRABClient version: 3.3.1707.patch1
DEBUG 2017-10-26 16:39:09,568: 	 Instance is prod
DEBUG 2017-10-26 16:39:09,568: 	 Server base url is cmsweb.cern.ch
DEBUG 2017-10-26 16:39:09,568: 	 Command url /crabserver/prod/workflow
DEBUG 2017-10-26 16:39:11,475: 	 Got information from server oracle database: {u'result': [u'171026_143850:izoi_crab_VBF_BulkGravToWW_narrow_M-2000_14TeV_PhaseIITDRFall17_noPU_try', u'None', u'QUEUED', u'2017-10-26 14:38:50.280862', u'None', u'None', u'None', u'CMSSW_9_3_2', u'slc6_amd64_gcc630', u'/VBF_BulkGravToWW_narrow_M-2000_14TeV-madgraph/PhaseIITDRFall17MiniAOD-noPU_93X_upgrade2023_realistic_v2-v1/MINIAODSIM', u'[]', u'[]', u'EventAwareLumiBased', u"{'splitOnRun': False, 'events_per_job': 7500, 'halt_job_on_file_boundaries': False, 'runs': [], 'lumis': []}", u'0', u'4a0cc4756868ae1efac456b135fbec9fe9c73e86c83f608be5455a829d8f534c.tar.gz', u'https://cmsweb.cern.ch/crabcache', u'izoi', u'/C=DE/O=GermanGrid/OU=uni-hamburg/CN=Zoi Irene', u'cms', u'None', u'None', u'crab_VBF_BulkGravToWW_narrow_M-2000_14TeV_PhaseIITDRFall17_noPU_try-00000000000000000000000000000000', u'T2_DE_DESY', u'https://cmsweb.cern.ch/dbs/prod/global/DBSReader', u'https://cmsweb.cern.ch/dbs/prod/phys03/DBSWriter', u'F', u'Analysis', u'{}', u'[]', u'T', u'vocms052', u'[]', u'1250', u'1', u'2500', u'10', u'None', u'None', u'None', u'None', u'[]', u'[]', u'[]', u'pythia', u"['Ntuple.root']", u'[]', u'[]', u'https://cmsweb.cern.ch/crabserver/prod', u'None', u'0', u'cmsgwms-collector-global.cern.ch:9620,cmssrv221.fnal.gov:9620', u'None', u'F', u'[]', u'T', u'/store/user/izoi/RunII_93X_v2-v1/', u'F', u'None', u'F', u'F', u'F', u'None', u'VBF_BulkGravToWW_narrow_M-2000_14TeV-madgraph', u'filetransfers', u'SUBMIT', u'None', u'55749554c178344e52511304cb70796d4a06b628b7fa0cc872e4cdcb7d3815a8.tar.gz', u'131.169.168.55', u'F', u'None'], u'desc': {u'columns': [u'tm_taskname', u'panda_jobset_id', u'tm_task_status', u'tm_start_time', u'tm_start_injection', u'tm_end_injection', u'tm_task_failure', u'tm_job_sw', u'tm_job_arch', u'tm_input_dataset', u'tm_site_whitelist', u'tm_site_blacklist', u'tm_split_algo', u'tm_split_args', u'tm_totalunits', u'tm_user_sandbox', u'tm_cache_url', u'tm_username', u'tm_user_dn', u'tm_user_vo', u'tm_user_role', u'tm_user_group', u'tm_publish_name', u'tm_asyncdest', u'tm_dbs_url', u'tm_publish_dbs_url', u'tm_publication', u'tm_job_type', u'tm_arguments', u'panda_resubmitted_jobs', u'tm_save_logs', u'tw_name', u'tm_user_infiles', u'tm_maxjobruntime', u'tm_numcores', u'tm_maxmemory', u'tm_priority', u'tm_output_dataset', u'tm_user_webdir', u'tm_activity', u'tm_scriptexe', u'tm_scriptargs', u'tm_extrajdl', u'tm_task_warnings', u'tm_generator', u'tm_outfiles', u'tm_tfile_outfiles', u'tm_edm_outfiles', u'tm_asourl', u'tm_events_per_lumi', u'tm_use_parent', u'tm_collector', u'tm_schedd', u'tm_dry_run', u'tm_user_files', u'tm_transfer_outputs', u'tm_output_lfn', u'tm_ignore_locality', u'tm_fail_limit', u'tm_one_event_mode', u'tm_publish_groupname', u'tm_nonvalid_input_dataset', u'tm_secondary_input_dataset', u'tm_primary_dataset', u'tm_asodb', u'tm_task_command', u'clusterid', u'tm_debug_files', u'tm_submitter_ip_addr', u'tm_ignore_global_blacklist', u'tm_last_publication']}}
INFO 2017-10-26 16:39:11,476: 	 CRAB project directory:		/nfs/dust/cms/user/zoiirene/UpgradeStudiesGtoWW/framework93X/new932/CMSSW_9_3_2/src/UHH2/scripts/crab/crab_Graviton/crab_VBF_BulkGravToWW_narrow_M-2000_14TeV_PhaseIITDRFall17_noPU_try
INFO 2017-10-26 16:39:11,476: 	 Task name:			171026_143850:izoi_crab_VBF_BulkGravToWW_narrow_M-2000_14TeV_PhaseIITDRFall17_noPU_try
INFO 2017-10-26 16:39:11,477: 	 Status on the CRAB server:	QUEUED on command SUBMIT
INFO 2017-10-26 16:39:11,477: 	 Task URL to use for HELP:	https://cmsweb.cern.ch/crabserver/ui/task/171026_143850%3Aizoi_crab_VBF_BulkGravToWW_narrow_M-2000_14TeV_PhaseIITDRFall17_noPU_try
DEBUG 2017-10-26 16:39:11,477: 	 The task has not been submitted to the Grid scheduler yet. Not printing job information.
INFO 2017-10-26 16:39:11,599: 	 Log file is /nfs/dust/cms/user/zoiirene/UpgradeStudiesGtoWW/framework93X/new932/CMSSW_9_3_2/src/UHH2/scripts/crab/crab_Graviton/crab_VBF_BulkGravToWW_narrow_M-2000_14TeV_PhaseIITDRFall17_noPU_try/crab.log
DEBUG 2017-10-26 16:39:31,872: 	 Executing command: 'status'
DEBUG 2017-10-26 16:39:31,873: 	 Found CRAB cache file /afs/desy.de/user/z/zoiirene/.crab3
DEBUG 2017-10-26 16:39:31,884: 	 Checking credentials
DEBUG 2017-10-26 16:39:31,884: 	 Found proxy file /tmp/x509up_u28517
DEBUG 2017-10-26 16:39:31,884: 	 Getting proxy life time left
DEBUG 2017-10-26 16:39:32,790: 	 Executing : 
 command : voms-proxy-info -file /tmp/x509up_u28517 -timeleft
 output : 42791

 error: 
 retcode : 0
DEBUG 2017-10-26 16:39:33,797: 	 Executing : 
 command : voms-proxy-info -file /tmp/x509up_u28517 -actimeleft
 output : 42789

 error: 
 retcode : 0
DEBUG 2017-10-26 16:39:33,798: 	 Proxy valid for 11:53:11 hours
DEBUG 2017-10-26 16:39:33,916: 	 Executing : 
 command : openssl x509 -in ~/.globus/usercert.pem -subject -noout
 output : subject= /C=DE/O=GermanGrid/OU=uni-hamburg/CN=Zoi Irene

 error: 
 retcode : 0
DEBUG 2017-10-26 16:39:33,917: 	 Checking credentials
DEBUG 2017-10-26 16:39:33,917: 	 Found proxy file /tmp/x509up_u28517
DEBUG 2017-10-26 16:39:33,917: 	 Getting proxy life time left
DEBUG 2017-10-26 16:39:34,923: 	 Executing : 
 command : voms-proxy-info -file /tmp/x509up_u28517 -timeleft
 output : 42789

 error: 
 retcode : 0
DEBUG 2017-10-26 16:39:35,930: 	 Executing : 
 command : voms-proxy-info -file /tmp/x509up_u28517 -actimeleft
 output : 42787

 error: 
 retcode : 0
DEBUG 2017-10-26 16:39:35,930: 	 Proxy valid for 11:53:09 hours
DEBUG 2017-10-26 16:39:42,503: 	 Registering user credentials for server /DC=ch/DC=cern/OU=computers/CN=vocms(045|052|021|031|0118|0118a|0119|0108|0105|0109).cern.ch
DEBUG 2017-10-26 16:39:42,613: 	 Executing : 
 command : openssl x509 -in ~/.globus/usercert.pem -subject -noout
 output : subject= /C=DE/O=GermanGrid/OU=uni-hamburg/CN=Zoi Irene

 error: 
 retcode : 0
DEBUG 2017-10-26 16:39:42,613: 	 Getting myproxy life time left for myproxy.cern.ch
DEBUG 2017-10-26 16:39:42,613: 	 Calculating hash of /C=DE/O=GermanGrid/OU=uni-hamburg/CN=Zoi Irene_cmsweb.cern.ch for credential name
DEBUG 2017-10-26 16:39:43,118: 	 Executing : 
 command : myproxy-info -l 3cd82fca48badc692f8513e62d67e79566e4e718 -s myproxy.cern.ch
 output : username: 3cd82fca48badc692f8513e62d67e79566e4e718
owner: /C=DE/O=GermanGrid/OU=uni-hamburg/CN=Zoi Irene
  renewal policy: /DC=ch/DC=cern/OU=computers/CN=vocms(045|052|021|031|0118|0118a|0119|0108|0105|0109).cern.ch
  trusted retrieval policy: /DC=ch/DC=cern/OU=computers/CN=vocms(045|052|021|031|0118|0118a|0119|0108|0105|0109).cern.ch
  timeleft: 695:22:45  (29.0 days)

 error: 
 retcode : 0
DEBUG 2017-10-26 16:39:43,120: 	 Myproxy is valid: 2503365
DEBUG 2017-10-26 16:39:43,120: 	 Command use: status
DEBUG 2017-10-26 16:39:43,121: 	 Options use: []
DEBUG 2017-10-26 16:39:44,747: 	 CRABClient version: 3.3.1707.patch1
DEBUG 2017-10-26 16:39:44,747: 	 Instance is prod
DEBUG 2017-10-26 16:39:44,747: 	 Server base url is cmsweb.cern.ch
DEBUG 2017-10-26 16:39:44,747: 	 Command url /crabserver/prod/workflow
DEBUG 2017-10-26 16:39:46,381: 	 Got information from server oracle database: {u'result': [u'171026_143850:izoi_crab_VBF_BulkGravToWW_narrow_M-2000_14TeV_PhaseIITDRFall17_noPU_try', u'None', u'SUBMITFAILED', u'2017-10-26 14:38:50.280862', u'None', u'2017-10-26 14:39:24.310230', u"CRAB refuses to proceed in getting the details of the dataset /VBF_BulkGravToWW_narrow_M-2000_14TeV-madgraph/PhaseIITDRFall17MiniAOD-noPU_93X_upgrade2023_realistic_v2-v1/MINIAODSIM from DBS, because the dataset is not 'VALID' but 'PRODUCTION'. To allow CRAB to consider a dataset that is not 'VALID', set Data.allowNonValidInputDataset = True in the CRAB configuration. Notice that this will not force CRAB to run over all files in the dataset; CRAB will still check if there are any valid files in the dataset and run only over those files.", u'CMSSW_9_3_2', u'slc6_amd64_gcc630', u'/VBF_BulkGravToWW_narrow_M-2000_14TeV-madgraph/PhaseIITDRFall17MiniAOD-noPU_93X_upgrade2023_realistic_v2-v1/MINIAODSIM', u'[]', u'[]', u'EventAwareLumiBased', u"{'splitOnRun': False, 'events_per_job': 7500, 'halt_job_on_file_boundaries': False, 'runs': [], 'lumis': []}", u'0', u'4a0cc4756868ae1efac456b135fbec9fe9c73e86c83f608be5455a829d8f534c.tar.gz', u'https://cmsweb.cern.ch/crabcache', u'izoi', u'/C=DE/O=GermanGrid/OU=uni-hamburg/CN=Zoi Irene', u'cms', u'None', u'None', u'crab_VBF_BulkGravToWW_narrow_M-2000_14TeV_PhaseIITDRFall17_noPU_try-00000000000000000000000000000000', u'T2_DE_DESY', u'https://cmsweb.cern.ch/dbs/prod/global/DBSReader', u'https://cmsweb.cern.ch/dbs/prod/phys03/DBSWriter', u'F', u'Analysis', u'{}', u'[]', u'T', u'vocms052', u'[]', u'1250', u'1', u'2500', u'10', u'None', u'None', u'None', u'None', u'[]', u'[]', u'[]', u'pythia', u"['Ntuple.root']", u'[]', u'[]', u'https://cmsweb.cern.ch/crabserver/prod', u'None', u'0', u'cmsgwms-collector-global.cern.ch:9620,cmssrv221.fnal.gov:9620', u'None', u'F', u'[]', u'T', u'/store/user/izoi/RunII_93X_v2-v1/', u'F', u'None', u'F', u'F', u'F', u'None', u'VBF_BulkGravToWW_narrow_M-2000_14TeV-madgraph', u'filetransfers', u'SUBMIT', u'None', u'55749554c178344e52511304cb70796d4a06b628b7fa0cc872e4cdcb7d3815a8.tar.gz', u'131.169.168.55', u'F', u'None'], u'desc': {u'columns': [u'tm_taskname', u'panda_jobset_id', u'tm_task_status', u'tm_start_time', u'tm_start_injection', u'tm_end_injection', u'tm_task_failure', u'tm_job_sw', u'tm_job_arch', u'tm_input_dataset', u'tm_site_whitelist', u'tm_site_blacklist', u'tm_split_algo', u'tm_split_args', u'tm_totalunits', u'tm_user_sandbox', u'tm_cache_url', u'tm_username', u'tm_user_dn', u'tm_user_vo', u'tm_user_role', u'tm_user_group', u'tm_publish_name', u'tm_asyncdest', u'tm_dbs_url', u'tm_publish_dbs_url', u'tm_publication', u'tm_job_type', u'tm_arguments', u'panda_resubmitted_jobs', u'tm_save_logs', u'tw_name', u'tm_user_infiles', u'tm_maxjobruntime', u'tm_numcores', u'tm_maxmemory', u'tm_priority', u'tm_output_dataset', u'tm_user_webdir', u'tm_activity', u'tm_scriptexe', u'tm_scriptargs', u'tm_extrajdl', u'tm_task_warnings', u'tm_generator', u'tm_outfiles', u'tm_tfile_outfiles', u'tm_edm_outfiles', u'tm_asourl', u'tm_events_per_lumi', u'tm_use_parent', u'tm_collector', u'tm_schedd', u'tm_dry_run', u'tm_user_files', u'tm_transfer_outputs', u'tm_output_lfn', u'tm_ignore_locality', u'tm_fail_limit', u'tm_one_event_mode', u'tm_publish_groupname', u'tm_nonvalid_input_dataset', u'tm_secondary_input_dataset', u'tm_primary_dataset', u'tm_asodb', u'tm_task_command', u'clusterid', u'tm_debug_files', u'tm_submitter_ip_addr', u'tm_ignore_global_blacklist', u'tm_last_publication']}}
INFO 2017-10-26 16:39:46,382: 	 CRAB project directory:		/nfs/dust/cms/user/zoiirene/UpgradeStudiesGtoWW/framework93X/new932/CMSSW_9_3_2/src/UHH2/scripts/crab/crab_Graviton/crab_VBF_BulkGravToWW_narrow_M-2000_14TeV_PhaseIITDRFall17_noPU_try
INFO 2017-10-26 16:39:46,382: 	 Task name:			171026_143850:izoi_crab_VBF_BulkGravToWW_narrow_M-2000_14TeV_PhaseIITDRFall17_noPU_try
INFO 2017-10-26 16:39:46,382: 	 Status on the CRAB server:	SUBMITFAILED
INFO 2017-10-26 16:39:46,383: 	 Task URL to use for HELP:	https://cmsweb.cern.ch/crabserver/ui/task/171026_143850%3Aizoi_crab_VBF_BulkGravToWW_narrow_M-2000_14TeV_PhaseIITDRFall17_noPU_try
ERROR 2017-10-26 16:39:46,383: 	 Failure message from the server:		CRAB refuses to proceed in getting the details of the dataset /VBF_BulkGravToWW_narrow_M-2000_14TeV-madgraph/PhaseIITDRFall17MiniAOD-noPU_93X_upgrade2023_realistic_v2-v1/MINIAODSIM from DBS, because the dataset is not 'VALID' but 'PRODUCTION'. To allow CRAB to consider a dataset that is not 'VALID', set Data.allowNonValidInputDataset = True in the CRAB configuration. Notice that this will not force CRAB to run over all files in the dataset; CRAB will still check if there are any valid files in the dataset and run only over those files.
DEBUG 2017-10-26 16:39:46,383: 	 The task has not been submitted to the Grid scheduler yet. Not printing job information.
INFO 2017-10-26 16:39:46,402: 	 Log file is /nfs/dust/cms/user/zoiirene/UpgradeStudiesGtoWW/framework93X/new932/CMSSW_9_3_2/src/UHH2/scripts/crab/crab_Graviton/crab_VBF_BulkGravToWW_narrow_M-2000_14TeV_PhaseIITDRFall17_noPU_try/crab.log
