Adding groomed genjets  ak8GenJetsSoftDrop
Adding ungroomed genjets  ak8GenJets
Adding ungroomed patJetsAk8CHSJets
adding grommed jets patJetsAk8CHSJetsSoftDrop
adding grommed jets' subjets patJetsAk8CHSJetsSoftDropSubjets
Adding groomed genjets  ak8GenJetsSoftDrop
Adding ungroomed genjets  ak8GenJetsFat
Adding ungroomed patJetsAk8PuppiJetsFat
adding grommed jets patJetsAk8PuppiJetsSoftDrop
adding grommed jets' subjets patJetsAk8PuppiJetsSoftDropSubjets
Adding groomed genjets  ak8GenJetsPruned
Adding ungroomed genjets  ak8GenJets
adding grommed jets patJetsAk8CHSJetsPruned
adding grommed jets' subjets patJetsAk8CHSJetsPrunedSubjets
Switching PV collection for PF2PAT: cms.InputTag("offlineSlimmedPrimaryVertices")
***********************************
DEBUG 2017-11-01 08:56:12,966: 	 Executing command: 'submit'
DEBUG 2017-11-01 08:56:12,967: 	 Found CRAB cache file /afs/desy.de/user/z/zoiirene/.crab3
DEBUG 2017-11-01 08:56:12,979: 	 Checking credentials
DEBUG 2017-11-01 08:56:12,980: 	 Found proxy file /tmp/x509up_u28517
DEBUG 2017-11-01 08:56:12,980: 	 Getting proxy life time left
DEBUG 2017-11-01 08:56:13,986: 	 Executing : 
 command : voms-proxy-info -file /tmp/x509up_u28517 -timeleft
 output : 43182

 error: 
 retcode : 0
DEBUG 2017-11-01 08:56:14,993: 	 Executing : 
 command : voms-proxy-info -file /tmp/x509up_u28517 -actimeleft
 output : 43180

 error: 
 retcode : 0
DEBUG 2017-11-01 08:56:14,993: 	 Proxy valid for 11:59:42 hours
INFO 2017-11-01 08:56:14,994: 	 Will use CRAB configuration file crab_QCD_93X_upgrade2023.py
DEBUG 2017-11-01 08:56:14,994: 	 Loading CRAB configuration file.
DEBUG 2017-11-01 08:56:20,353: 	 Will use CRAB Analysis plugin (i.e. will run an analysis job type).
DEBUG 2017-11-01 08:56:20,491: 	 Executing : 
 command : openssl x509 -in ~/.globus/usercert.pem -subject -noout
 output : subject= /C=DE/O=GermanGrid/OU=uni-hamburg/CN=Zoi Irene

 error: 
 retcode : 0
DEBUG 2017-11-01 08:56:20,492: 	 Checking credentials
DEBUG 2017-11-01 08:56:20,492: 	 Found proxy file /tmp/x509up_u28517
DEBUG 2017-11-01 08:56:20,492: 	 Getting proxy life time left
DEBUG 2017-11-01 08:56:21,498: 	 Executing : 
 command : voms-proxy-info -file /tmp/x509up_u28517 -timeleft
 output : 43174

 error: 
 retcode : 0
DEBUG 2017-11-01 08:56:22,505: 	 Executing : 
 command : voms-proxy-info -file /tmp/x509up_u28517 -actimeleft
 output : 43172

 error: 
 retcode : 0
DEBUG 2017-11-01 08:56:22,506: 	 Proxy valid for 11:59:34 hours
DEBUG 2017-11-01 08:56:23,512: 	 Executing : 
 command : env X509_USER_PROXY=/tmp/x509up_u28517 voms-proxy-info -fqan
 output : /cms/Role=NULL/Capability=NULL
/cms/dcms/Role=NULL/Capability=NULL

 error: 
 retcode : 0
DEBUG 2017-11-01 08:56:24,853: 	 Registering user credentials for server /DC=ch/DC=cern/OU=computers/CN=vocms(045|052|021|031|0118|0118a|0119|0108|0105|0109).cern.ch
DEBUG 2017-11-01 08:56:24,967: 	 Executing : 
 command : openssl x509 -in ~/.globus/usercert.pem -subject -noout
 output : subject= /C=DE/O=GermanGrid/OU=uni-hamburg/CN=Zoi Irene

 error: 
 retcode : 0
DEBUG 2017-11-01 08:56:24,967: 	 Getting myproxy life time left for myproxy.cern.ch
DEBUG 2017-11-01 08:56:24,967: 	 Calculating hash of /C=DE/O=GermanGrid/OU=uni-hamburg/CN=Zoi Irene_cmsweb.cern.ch for credential name
DEBUG 2017-11-01 08:56:25,773: 	 Executing : 
 command : myproxy-info -l 3cd82fca48badc692f8513e62d67e79566e4e718 -s myproxy.cern.ch
 output : username: 3cd82fca48badc692f8513e62d67e79566e4e718
owner: /C=DE/O=GermanGrid/OU=uni-hamburg/CN=Zoi Irene
  renewal policy: /DC=ch/DC=cern/OU=computers/CN=vocms(045|052|021|031|0118|0118a|0119|0108|0105|0109).cern.ch
  trusted retrieval policy: /DC=ch/DC=cern/OU=computers/CN=vocms(045|052|021|031|0118|0118a|0119|0108|0105|0109).cern.ch
  timeleft: 558:06:03  (23.3 days)

 error: 
 retcode : 0
DEBUG 2017-11-01 08:56:25,775: 	 Myproxy is valid: 2009163
DEBUG 2017-11-01 08:56:25,775: 	 Command use: submit
DEBUG 2017-11-01 08:56:25,775: 	 Options use: ['-c', 'crab_QCD_93X_upgrade2023.py']
DEBUG 2017-11-01 08:56:28,252: 	 CRABClient version: 3.3.1707.patch1
DEBUG 2017-11-01 08:56:28,252: 	 Instance is prod
DEBUG 2017-11-01 08:56:28,252: 	 Server base url is cmsweb.cern.ch
DEBUG 2017-11-01 08:56:28,252: 	 Command url /crabserver/prod/workflow
DEBUG 2017-11-01 08:56:28,252: 	 Started submission
DEBUG 2017-11-01 08:56:28,252: 	 Working on /nfs/dust/cms/user/zoiirene/UpgradeStudiesGtoWW/framework93X/new932/CMSSW_9_3_2/src/UHH2/scripts/crab/crab_Graviton/crab_QCD_Flat_Pt-15to7000_TuneCUETP8M1_14TeV_PhaseIITDRFall17_PU200
DEBUG 2017-11-01 08:56:29,782: 	 Loading required information from the environment
DEBUG 2017-11-01 08:56:29,782: 	 Found CMSSW_9_3_2 for slc6_amd64_gcc630 with base /nfs/dust/cms/user/zoiirene/UpgradeStudiesGtoWW/framework93X/new932/CMSSW_9_3_2
DEBUG 2017-11-01 08:56:29,782: 	 Loading required information from the environment
DEBUG 2017-11-01 08:56:29,782: 	 Found CMSSW_9_3_2 for slc6_amd64_gcc630 with base /nfs/dust/cms/user/zoiirene/UpgradeStudiesGtoWW/framework93X/new932/CMSSW_9_3_2
DEBUG 2017-11-01 08:56:29,794: 	 UNIQUE NAME: tarUUID 5107b6f5-4e37-4503-82de-83087c70718b 
DEBUG 2017-11-01 08:56:29,794: 	 self.config: from WMCore.Configuration import Configuration
config = Configuration()
config.section_('General')
config.General.transferLogs = True
config.General.transferOutputs = True
config.General.workArea = 'crab_Graviton'
config.General.requestName = 'QCD_Flat_Pt-15to7000_TuneCUETP8M1_14TeV_PhaseIITDRFall17_PU200'
config.section_('JobType')
config.JobType.psetName = '/nfs/dust/cms/user/zoiirene/UpgradeStudiesGtoWW/framework93X/new932/CMSSW_9_3_2/src/UHH2/core/python/ntuplewriter_93X_irene.py'
config.JobType.pluginName = 'Analysis'
config.JobType.outputFiles = ['Ntuple_AK8.root']
config.JobType.maxMemoryMB = 2500
config.JobType.sendExternalFolder = True
config.section_('Data')
config.Data.inputDataset = '/QCD_Flat_Pt-15to7000_TuneCUETP8M1_14TeV_pythia8/PhaseIITDRFall17MiniAOD-PU200_93X_upgrade2023_realistic_v2-v1/MINIAODSIM'
config.Data.allowNonValidInputDataset = True
config.Data.publication = False
config.Data.unitsPerJob = 7500
config.Data.inputDBS = 'global'
config.Data.splitting = 'EventAwareLumiBased'
config.Data.outLFNDirBase = '/store/user/izoi/RunII_93X_v2-v1/QCD_flat_PU200'
config.section_('Site')
config.Site.storageSite = 'T2_DE_DESY'
config.section_('User')
config.section_('Debug')

DEBUG 2017-11-01 08:56:29,794: 	 self.config.JobType.psetName: /nfs/dust/cms/user/zoiirene/UpgradeStudiesGtoWW/framework93X/new932/CMSSW_9_3_2/src/UHH2/core/python/ntuplewriter_93X_irene.py
INFO 2017-11-01 08:56:29,797: 	 Importing CMSSW configuration /nfs/dust/cms/user/zoiirene/UpgradeStudiesGtoWW/framework93X/new932/CMSSW_9_3_2/src/UHH2/core/python/ntuplewriter_93X_irene.py
INFO 2017-11-01 08:56:37,424: 	 Finished importing CMSSW configuration /nfs/dust/cms/user/zoiirene/UpgradeStudiesGtoWW/framework93X/new932/CMSSW_9_3_2/src/UHH2/core/python/ntuplewriter_93X_irene.py
DEBUG 2017-11-01 08:56:37,424: 	 Writing CMSSW configuration to /nfs/dust/cms/user/zoiirene/UpgradeStudiesGtoWW/framework93X/new932/CMSSW_9_3_2/src/UHH2/scripts/crab/crab_Graviton/crab_QCD_Flat_Pt-15to7000_TuneCUETP8M1_14TeV_PhaseIITDRFall17_PU200/inputs/PSet.py
DEBUG 2017-11-01 08:56:38,835: 	 The following EDM output files will be collected: []
DEBUG 2017-11-01 08:56:38,836: 	 The following TFile output files will be collected: []
DEBUG 2017-11-01 08:56:38,836: 	 The following user output files will be collected: ['Ntuple_AK8.root']
DEBUG 2017-11-01 08:56:38,836: 	 Loading required information from the environment
DEBUG 2017-11-01 08:56:38,836: 	 Found CMSSW_9_3_2 for slc6_amd64_gcc630 with base /nfs/dust/cms/user/zoiirene/UpgradeStudiesGtoWW/framework93X/new932/CMSSW_9_3_2
DEBUG 2017-11-01 08:56:38,836: 	 Making tarball in /nfs/dust/cms/user/zoiirene/UpgradeStudiesGtoWW/framework93X/new932/CMSSW_9_3_2/src/UHH2/scripts/crab/crab_Graviton/crab_QCD_Flat_Pt-15to7000_TuneCUETP8M1_14TeV_PhaseIITDRFall17_PU200/inputs/5107b6f5-4e37-4503-82de-83087c70718bdefault.tgz
DEBUG 2017-11-01 08:56:38,864: 	 Checking directory /nfs/dust/cms/user/zoiirene/UpgradeStudiesGtoWW/framework93X/new932/CMSSW_9_3_2/lib
DEBUG 2017-11-01 08:56:38,864: 	 Adding directory /nfs/dust/cms/user/zoiirene/UpgradeStudiesGtoWW/framework93X/new932/CMSSW_9_3_2/lib to tarball
DEBUG 2017-11-01 08:56:41,150: 	 Checking directory /nfs/dust/cms/user/zoiirene/UpgradeStudiesGtoWW/framework93X/new932/CMSSW_9_3_2/biglib
DEBUG 2017-11-01 08:56:41,150: 	 Adding directory /nfs/dust/cms/user/zoiirene/UpgradeStudiesGtoWW/framework93X/new932/CMSSW_9_3_2/biglib to tarball
DEBUG 2017-11-01 08:56:41,153: 	 Checking directory /nfs/dust/cms/user/zoiirene/UpgradeStudiesGtoWW/framework93X/new932/CMSSW_9_3_2/module
DEBUG 2017-11-01 08:56:41,153: 	 Checking directory /nfs/dust/cms/user/zoiirene/UpgradeStudiesGtoWW/framework93X/new932/CMSSW_9_3_2/external
DEBUG 2017-11-01 08:56:41,153: 	 Adding directory /nfs/dust/cms/user/zoiirene/UpgradeStudiesGtoWW/framework93X/new932/CMSSW_9_3_2/external to tarball
DEBUG 2017-11-01 08:56:44,589: 	 Adding data directory /nfs/dust/cms/user/zoiirene/UpgradeStudiesGtoWW/framework93X/new932/CMSSW_9_3_2/src/UHH2/common/data to tarball
DEBUG 2017-11-01 08:56:52,109: 	 Adding data directory /nfs/dust/cms/user/zoiirene/UpgradeStudiesGtoWW/framework93X/new932/CMSSW_9_3_2/src/UHH2/JetMETObjects/data to tarball
DEBUG 2017-11-01 08:56:54,140: 	 Adding data directory /nfs/dust/cms/user/zoiirene/UpgradeStudiesGtoWW/framework93X/new932/CMSSW_9_3_2/src/UHH2/JetMETObjects/interface to tarball
DEBUG 2017-11-01 08:56:54,421: 	 Uploading archive /nfs/dust/cms/user/zoiirene/UpgradeStudiesGtoWW/framework93X/new932/CMSSW_9_3_2/src/UHH2/scripts/crab/crab_Graviton/crab_QCD_Flat_Pt-15to7000_TuneCUETP8M1_14TeV_PhaseIITDRFall17_PU200/inputs/5107b6f5-4e37-4503-82de-83087c70718bdefault.tgz (12 MB) to the CRAB cache. Using URI https://cmsweb.cern.ch/crabcache
DEBUG 2017-11-01 08:56:59,900: 	 Loading required information from the environment
DEBUG 2017-11-01 08:56:59,901: 	 Found CMSSW_9_3_2 for slc6_amd64_gcc630 with base /nfs/dust/cms/user/zoiirene/UpgradeStudiesGtoWW/framework93X/new932/CMSSW_9_3_2
DEBUG 2017-11-01 08:56:59,901: 	 Making tarball in /nfs/dust/cms/user/zoiirene/UpgradeStudiesGtoWW/framework93X/new932/CMSSW_9_3_2/src/UHH2/scripts/crab/crab_Graviton/crab_QCD_Flat_Pt-15to7000_TuneCUETP8M1_14TeV_PhaseIITDRFall17_PU200/inputs/debugFiles.tgz
DEBUG 2017-11-01 08:56:59,915: 	 Uploading archive /nfs/dust/cms/user/zoiirene/UpgradeStudiesGtoWW/framework93X/new932/CMSSW_9_3_2/src/UHH2/scripts/crab/crab_Graviton/crab_QCD_Flat_Pt-15to7000_TuneCUETP8M1_14TeV_PhaseIITDRFall17_PU200/inputs/debugFiles.tgz (12 KB) to the CRAB cache. Using URI https://cmsweb.cern.ch/crabcache
DEBUG 2017-11-01 08:57:01,437: 	 Result uploading input files: 03b10f8b88dd15fe56506f8f596dae98185dbbf51d307291eef174d945532fa7.tar.gz 
INFO 2017-11-01 08:57:01,438: 	 Sending the request to the server
DEBUG 2017-11-01 08:57:01,438: 	 Submitting {'maxjobruntime': 1250, 'extrajdl': [], 'ignorelocality': 0, 'savelogsflag': 1, 'useparent': 0, 'asyncdest': 'T2_DE_DESY', 'algoargs': 7500, 'cachefilename': '03b10f8b88dd15fe56506f8f596dae98185dbbf51d307291eef174d945532fa7.tar.gz', 'numcores': 1, 'addoutputfiles': ['Ntuple_AK8.root'], 'generator': 'pythia', 'maxmemory': 2500, 'publishdbsurl': 'https://cmsweb.cern.ch/dbs/prod/phys03/DBSWriter', 'priority': 10, 'jobsw': 'CMSSW_9_3_2', 'edmoutfiles': [], 'userfiles': [], 'primarydataset': '', 'inputdata': '/QCD_Flat_Pt-15to7000_TuneCUETP8M1_14TeV_pythia8/PhaseIITDRFall17MiniAOD-PU200_93X_upgrade2023_realistic_v2-v1/MINIAODSIM', 'lfn': '/store/user/izoi/RunII_93X_v2-v1/QCD_flat_PU200', 'dryrun': 0, 'workflow': 'crab_QCD_Flat_Pt-15to7000_TuneCUETP8M1_14TeV_PhaseIITDRFall17_PU200', 'cacheurl': u'https://cmsweb.cern.ch/crabcache', 'nonprodsw': 0, 'tfileoutfiles': [], 'oneEventMode': 0, 'debugfilename': 'c5e091074a9be18efb63239b60fe6dab81f4d07b0d91045445e38ce2a73ea7af.tar.gz', 'saveoutput': 1, 'publication': 0, 'jobarch': 'slc6_amd64_gcc630', 'totalunits': 0, 'splitalgo': 'EventAwareLumiBased', 'ignoreglobalblacklist': 0, 'nonvaliddata': 1, 'dbsurl': 'https://cmsweb.cern.ch/dbs/prod/global/DBSReader', 'publishgroupname': 0, 'jobtype': 'Analysis', 'publishname2': ''} 
DEBUG 2017-11-01 08:57:01,439: 	 Encoded submit request: maxjobruntime=1250&ignorelocality=0&savelogsflag=1&useparent=0&asyncdest=T2_DE_DESY&algoargs=7500&cachefilename=03b10f8b88dd15fe56506f8f596dae98185dbbf51d307291eef174d945532fa7.tar.gz&numcores=1&generator=pythia&maxmemory=2500&publishdbsurl=https%3A%2F%2Fcmsweb.cern.ch%2Fdbs%2Fprod%2Fphys03%2FDBSWriter&priority=10&jobsw=CMSSW_9_3_2&primarydataset=&inputdata=%2FQCD_Flat_Pt-15to7000_TuneCUETP8M1_14TeV_pythia8%2FPhaseIITDRFall17MiniAOD-PU200_93X_upgrade2023_realistic_v2-v1%2FMINIAODSIM&lfn=%2Fstore%2Fuser%2Fizoi%2FRunII_93X_v2-v1%2FQCD_flat_PU200&dryrun=0&workflow=crab_QCD_Flat_Pt-15to7000_TuneCUETP8M1_14TeV_PhaseIITDRFall17_PU200&cacheurl=https%3A%2F%2Fcmsweb.cern.ch%2Fcrabcache&nonprodsw=0&oneEventMode=0&debugfilename=c5e091074a9be18efb63239b60fe6dab81f4d07b0d91045445e38ce2a73ea7af.tar.gz&saveoutput=1&publication=0&jobarch=slc6_amd64_gcc630&totalunits=0&splitalgo=EventAwareLumiBased&ignoreglobalblacklist=0&nonvaliddata=1&dbsurl=https%3A%2F%2Fcmsweb.cern.ch%2Fdbs%2Fprod%2Fglobal%2FDBSReader&publishgroupname=0&jobtype=Analysis&publishname2=&addoutputfiles=Ntuple_AK8.root
DEBUG 2017-11-01 08:57:03,768: 	 Result: {u'result': [{u'RequestName': u'171101_075702:izoi_crab_QCD_Flat_Pt-15to7000_TuneCUETP8M1_14TeV_PhaseIITDRFall17_PU200'}]}
INFO 2017-11-01 08:57:03,772: 	 Success: Your task has been delivered to the CRAB3 server.
INFO 2017-11-01 08:57:03,772: 	 Task name: 171101_075702:izoi_crab_QCD_Flat_Pt-15to7000_TuneCUETP8M1_14TeV_PhaseIITDRFall17_PU200
INFO 2017-11-01 08:57:03,772: 	 Please use 'crab status' to check how the submission process proceeds.
DEBUG 2017-11-01 08:57:03,773: 	 About to return
INFO 2017-11-01 08:57:03,780: 	 Log file is /nfs/dust/cms/user/zoiirene/UpgradeStudiesGtoWW/framework93X/new932/CMSSW_9_3_2/src/UHH2/scripts/crab/crab_Graviton/crab_QCD_Flat_Pt-15to7000_TuneCUETP8M1_14TeV_PhaseIITDRFall17_PU200/crab.log
DEBUG 2017-11-01 09:00:11,617: 	 Executing command: 'status'
DEBUG 2017-11-01 09:00:11,618: 	 Found CRAB cache file /afs/desy.de/user/z/zoiirene/.crab3
DEBUG 2017-11-01 09:00:11,631: 	 Checking credentials
DEBUG 2017-11-01 09:00:11,631: 	 Found proxy file /tmp/x509up_u28517
DEBUG 2017-11-01 09:00:11,631: 	 Getting proxy life time left
DEBUG 2017-11-01 09:00:12,637: 	 Executing : 
 command : voms-proxy-info -file /tmp/x509up_u28517 -timeleft
 output : 42943

 error: 
 retcode : 0
DEBUG 2017-11-01 09:00:13,544: 	 Executing : 
 command : voms-proxy-info -file /tmp/x509up_u28517 -actimeleft
 output : 42941

 error: 
 retcode : 0
DEBUG 2017-11-01 09:00:13,545: 	 Proxy valid for 11:55:43 hours
DEBUG 2017-11-01 09:00:13,663: 	 Executing : 
 command : openssl x509 -in ~/.globus/usercert.pem -subject -noout
 output : subject= /C=DE/O=GermanGrid/OU=uni-hamburg/CN=Zoi Irene

 error: 
 retcode : 0
DEBUG 2017-11-01 09:00:13,664: 	 Checking credentials
DEBUG 2017-11-01 09:00:13,664: 	 Found proxy file /tmp/x509up_u28517
DEBUG 2017-11-01 09:00:13,664: 	 Getting proxy life time left
DEBUG 2017-11-01 09:00:14,670: 	 Executing : 
 command : voms-proxy-info -file /tmp/x509up_u28517 -timeleft
 output : 42941

 error: 
 retcode : 0
DEBUG 2017-11-01 09:00:15,677: 	 Executing : 
 command : voms-proxy-info -file /tmp/x509up_u28517 -actimeleft
 output : 42939

 error: 
 retcode : 0
DEBUG 2017-11-01 09:00:15,677: 	 Proxy valid for 11:55:41 hours
DEBUG 2017-11-01 09:00:16,985: 	 Registering user credentials for server /DC=ch/DC=cern/OU=computers/CN=vocms(045|052|021|031|0118|0118a|0119|0108|0105|0109).cern.ch
DEBUG 2017-11-01 09:00:17,098: 	 Executing : 
 command : openssl x509 -in ~/.globus/usercert.pem -subject -noout
 output : subject= /C=DE/O=GermanGrid/OU=uni-hamburg/CN=Zoi Irene

 error: 
 retcode : 0
DEBUG 2017-11-01 09:00:17,098: 	 Getting myproxy life time left for myproxy.cern.ch
DEBUG 2017-11-01 09:00:17,099: 	 Calculating hash of /C=DE/O=GermanGrid/OU=uni-hamburg/CN=Zoi Irene_cmsweb.cern.ch for credential name
DEBUG 2017-11-01 09:00:17,604: 	 Executing : 
 command : myproxy-info -l 3cd82fca48badc692f8513e62d67e79566e4e718 -s myproxy.cern.ch
 output : username: 3cd82fca48badc692f8513e62d67e79566e4e718
owner: /C=DE/O=GermanGrid/OU=uni-hamburg/CN=Zoi Irene
  renewal policy: /DC=ch/DC=cern/OU=computers/CN=vocms(045|052|021|031|0118|0118a|0119|0108|0105|0109).cern.ch
  trusted retrieval policy: /DC=ch/DC=cern/OU=computers/CN=vocms(045|052|021|031|0118|0118a|0119|0108|0105|0109).cern.ch
  timeleft: 558:02:11  (23.3 days)

 error: 
 retcode : 0
DEBUG 2017-11-01 09:00:17,606: 	 Myproxy is valid: 2008931
DEBUG 2017-11-01 09:00:17,606: 	 Command use: status
DEBUG 2017-11-01 09:00:17,606: 	 Options use: []
DEBUG 2017-11-01 09:00:18,903: 	 CRABClient version: 3.3.1707.patch1
DEBUG 2017-11-01 09:00:18,903: 	 Instance is prod
DEBUG 2017-11-01 09:00:18,903: 	 Server base url is cmsweb.cern.ch
DEBUG 2017-11-01 09:00:18,903: 	 Command url /crabserver/prod/workflow
DEBUG 2017-11-01 09:00:20,328: 	 Got information from server oracle database: {u'result': [u'171101_075702:izoi_crab_QCD_Flat_Pt-15to7000_TuneCUETP8M1_14TeV_PhaseIITDRFall17_PU200', u'None', u'SUBMITTED', u'2017-11-01 07:57:03.422698', u'None', u'2017-11-01 07:57:43.610814', u'None', u'CMSSW_9_3_2', u'slc6_amd64_gcc630', u'/QCD_Flat_Pt-15to7000_TuneCUETP8M1_14TeV_pythia8/PhaseIITDRFall17MiniAOD-PU200_93X_upgrade2023_realistic_v2-v1/MINIAODSIM', u'[]', u'[]', u'EventAwareLumiBased', u"{'splitOnRun': False, 'events_per_job': 7500, 'halt_job_on_file_boundaries': False, 'runs': [], 'lumis': []}", u'0', u'03b10f8b88dd15fe56506f8f596dae98185dbbf51d307291eef174d945532fa7.tar.gz', u'https://cmsweb.cern.ch/crabcache', u'izoi', u'/C=DE/O=GermanGrid/OU=uni-hamburg/CN=Zoi Irene', u'cms', u'None', u'None', u'crab_QCD_Flat_Pt-15to7000_TuneCUETP8M1_14TeV_PhaseIITDRFall17_PU200-00000000000000000000000000000000', u'T2_DE_DESY', u'https://cmsweb.cern.ch/dbs/prod/global/DBSReader', u'https://cmsweb.cern.ch/dbs/prod/phys03/DBSWriter', u'F', u'Analysis', u'{}', u'[]', u'T', u'vocms052', u'[]', u'1250', u'1', u'2500', u'10', u'None', u'http://vocms0144.cern.ch/mon/cms1123/171101_075702:izoi_crab_QCD_Flat_Pt-15to7000_TuneCUETP8M1_14TeV_PhaseIITDRFall17_PU200', u'None', u'None', u'[]', u'[]', u'["The input dataset /QCD_Flat_Pt-15to7000_TuneCUETP8M1_14TeV_pythia8/PhaseIITDRFall17MiniAOD-PU200_93X_upgrade2023_realistic_v2-v1/MINIAODSIM is not \'VALID\' but \'PRODUCTION\'. CRAB will check if there are any valid files in the dataset and run only over those files."]', u'pythia', u"['Ntuple_AK8.root']", u'[]', u'[]', u'https://cmsweb.cern.ch/crabserver/prod', u'None', u'0', u'cmsgwms-collector-global.cern.ch:9620,cmssrv221.fnal.gov:9620', u'crab3@vocms0144.cern.ch', u'F', u'[]', u'T', u'/store/user/izoi/RunII_93X_v2-v1/QCD_flat_PU200', u'F', u'None', u'F', u'F', u'T', u'None', u'QCD_Flat_Pt-15to7000_TuneCUETP8M1_14TeV_pythia8', u'filetransfers', u'SUBMIT', u'14597189', u'c5e091074a9be18efb63239b60fe6dab81f4d07b0d91045445e38ce2a73ea7af.tar.gz', u'131.169.168.55', u'F', u'None'], u'desc': {u'columns': [u'tm_taskname', u'panda_jobset_id', u'tm_task_status', u'tm_start_time', u'tm_start_injection', u'tm_end_injection', u'tm_task_failure', u'tm_job_sw', u'tm_job_arch', u'tm_input_dataset', u'tm_site_whitelist', u'tm_site_blacklist', u'tm_split_algo', u'tm_split_args', u'tm_totalunits', u'tm_user_sandbox', u'tm_cache_url', u'tm_username', u'tm_user_dn', u'tm_user_vo', u'tm_user_role', u'tm_user_group', u'tm_publish_name', u'tm_asyncdest', u'tm_dbs_url', u'tm_publish_dbs_url', u'tm_publication', u'tm_job_type', u'tm_arguments', u'panda_resubmitted_jobs', u'tm_save_logs', u'tw_name', u'tm_user_infiles', u'tm_maxjobruntime', u'tm_numcores', u'tm_maxmemory', u'tm_priority', u'tm_output_dataset', u'tm_user_webdir', u'tm_activity', u'tm_scriptexe', u'tm_scriptargs', u'tm_extrajdl', u'tm_task_warnings', u'tm_generator', u'tm_outfiles', u'tm_tfile_outfiles', u'tm_edm_outfiles', u'tm_asourl', u'tm_events_per_lumi', u'tm_use_parent', u'tm_collector', u'tm_schedd', u'tm_dry_run', u'tm_user_files', u'tm_transfer_outputs', u'tm_output_lfn', u'tm_ignore_locality', u'tm_fail_limit', u'tm_one_event_mode', u'tm_publish_groupname', u'tm_nonvalid_input_dataset', u'tm_secondary_input_dataset', u'tm_primary_dataset', u'tm_asodb', u'tm_task_command', u'clusterid', u'tm_debug_files', u'tm_submitter_ip_addr', u'tm_ignore_global_blacklist', u'tm_last_publication']}}
INFO 2017-11-01 09:00:20,328: 	 CRAB project directory:		/nfs/dust/cms/user/zoiirene/UpgradeStudiesGtoWW/framework93X/new932/CMSSW_9_3_2/src/UHH2/scripts/crab/crab_Graviton/crab_QCD_Flat_Pt-15to7000_TuneCUETP8M1_14TeV_PhaseIITDRFall17_PU200
INFO 2017-11-01 09:00:20,328: 	 Task name:			171101_075702:izoi_crab_QCD_Flat_Pt-15to7000_TuneCUETP8M1_14TeV_PhaseIITDRFall17_PU200
INFO 2017-11-01 09:00:20,328: 	 Grid scheduler:			crab3@vocms0144.cern.ch
INFO 2017-11-01 09:00:20,328: 	 Status on the CRAB server:	SUBMITTED
INFO 2017-11-01 09:00:20,329: 	 Task URL to use for HELP:	https://cmsweb.cern.ch/crabserver/ui/task/171101_075702%3Aizoi_crab_QCD_Flat_Pt-15to7000_TuneCUETP8M1_14TeV_PhaseIITDRFall17_PU200
INFO 2017-11-01 09:00:20,329: 	 Dashboard monitoring URL:	http://dashb-cms-job.cern.ch/dashboard/templates/task-analysis/#user=izoi&refresh=0&table=Jobs&p=1&records=25&activemenu=2&status=&site=&tid=171101_075702%3Aizoi_crab_QCD_Flat_Pt-15to7000_TuneCUETP8M1_14TeV_PhaseIITDRFall17_PU200
WARNING 2017-11-01 09:00:20,329: 	 Warning:			The input dataset /QCD_Flat_Pt-15to7000_TuneCUETP8M1_14TeV_pythia8/PhaseIITDRFall17MiniAOD-PU200_93X_upgrade2023_realistic_v2-v1/MINIAODSIM is not 'VALID' but 'PRODUCTION'. CRAB will check if there are any valid files in the dataset and run only over those files.
DEBUG 2017-11-01 09:00:20,329: 	 The CRAB server submitted your task to the Grid scheduler (cluster ID: 14597189)
DEBUG 2017-11-01 09:00:20,329: 	 Webdir is located at http://vocms0144.cern.ch/mon/cms1123/171101_075702:izoi_crab_QCD_Flat_Pt-15to7000_TuneCUETP8M1_14TeV_PhaseIITDRFall17_PU200
DEBUG 2017-11-01 09:00:21,888: 	 Proxied webdir is located at https://cmsweb.cern.ch/scheddmon/0144/cms1123/171101_075702:izoi_crab_QCD_Flat_Pt-15to7000_TuneCUETP8M1_14TeV_PhaseIITDRFall17_PU200
DEBUG 2017-11-01 09:00:21,888: 	 Retrieving 'status_cache' file from https://cmsweb.cern.ch/scheddmon/0144/cms1123/171101_075702:izoi_crab_QCD_Flat_Pt-15to7000_TuneCUETP8M1_14TeV_PhaseIITDRFall17_PU200/status_cache
DEBUG 2017-11-01 09:00:23,401: 	 Got information from status cache file: {'30': {'Retries': 0, 'WallDurations': [0], 'StartTimes': [], 'SubmitTimes': [1509523079.0], 'JobIds': ['14597218.0'], 'EndTimes': [], 'Restarts': 0, 'RecordedSite': False, 'State': 'idle', 'ResidentSetSize': [0], 'TotalUserCpuTimeHistory': [0.0], 'SiteHistory': ['Unknown'], 'TotalSysCpuTimeHistory': [0.0]}, '28': {'Retries': 0, 'WallDurations': [0], 'StartTimes': [], 'SubmitTimes': [1509523079.0], 'JobIds': ['14597217.0'], 'EndTimes': [], 'Restarts': 0, 'RecordedSite': False, 'State': 'idle', 'ResidentSetSize': [0], 'TotalUserCpuTimeHistory': [0.0], 'SiteHistory': ['Unknown'], 'TotalSysCpuTimeHistory': [0.0]}, '43': {'Retries': 0, 'WallDurations': [0], 'StartTimes': [], 'SubmitTimes': [1509523087.0], 'JobIds': ['14597242.0'], 'EndTimes': [], 'Restarts': 0, 'RecordedSite': False, 'State': 'idle', 'ResidentSetSize': [0], 'TotalUserCpuTimeHistory': [0.0], 'SiteHistory': ['Unknown'], 'TotalSysCpuTimeHistory': [0.0]}, '36': {'Retries': 0, 'WallDurations': [0], 'StartTimes': [], 'SubmitTimes': [1509523080.0], 'JobIds': ['14597223.0'], 'EndTimes': [], 'Restarts': 0, 'RecordedSite': False, 'State': 'idle', 'ResidentSetSize': [0], 'TotalUserCpuTimeHistory': [0.0], 'SiteHistory': ['Unknown'], 'TotalSysCpuTimeHistory': [0.0]}, '24': {'Retries': 0, 'WallDurations': [0], 'StartTimes': [], 'SubmitTimes': [1509523078.0], 'JobIds': ['14597211.0'], 'EndTimes': [], 'Restarts': 0, 'RecordedSite': False, 'State': 'idle', 'ResidentSetSize': [0], 'TotalUserCpuTimeHistory': [0.0], 'SiteHistory': ['Unknown'], 'TotalSysCpuTimeHistory': [0.0]}, '25': {'Retries': 0, 'WallDurations': [0], 'StartTimes': [], 'SubmitTimes': [1509523079.0], 'JobIds': ['14597215.0'], 'EndTimes': [], 'Restarts': 0, 'RecordedSite': False, 'State': 'idle', 'ResidentSetSize': [0], 'TotalUserCpuTimeHistory': [0.0], 'SiteHistory': ['Unknown'], 'TotalSysCpuTimeHistory': [0.0]}, '26': {'Retries': 0, 'WallDurations': [0], 'StartTimes': [], 'SubmitTimes': [1509523079.0], 'JobIds': ['14597214.0'], 'EndTimes': [], 'Restarts': 0, 'RecordedSite': False, 'State': 'idle', 'ResidentSetSize': [0], 'TotalUserCpuTimeHistory': [0.0], 'SiteHistory': ['Unknown'], 'TotalSysCpuTimeHistory': [0.0]}, '27': {'Retries': 0, 'WallDurations': [0], 'StartTimes': [], 'SubmitTimes': [1509523079.0], 'JobIds': ['14597216.0'], 'EndTimes': [], 'Restarts': 0, 'RecordedSite': False, 'State': 'idle', 'ResidentSetSize': [0], 'TotalUserCpuTimeHistory': [0.0], 'SiteHistory': ['Unknown'], 'TotalSysCpuTimeHistory': [0.0]}, '20': {'Retries': 0, 'WallDurations': [0], 'StartTimes': [], 'SubmitTimes': [1509523078.0], 'JobIds': ['14597210.0'], 'EndTimes': [], 'Restarts': 0, 'RecordedSite': False, 'State': 'idle', 'ResidentSetSize': [0], 'TotalUserCpuTimeHistory': [0.0], 'SiteHistory': ['Unknown'], 'TotalSysCpuTimeHistory': [0.0]}, '21': {'Retries': 0, 'WallDurations': [0], 'StartTimes': [], 'SubmitTimes': [1509523086.0], 'JobIds': ['14597235.0'], 'EndTimes': [], 'Restarts': 0, 'RecordedSite': False, 'State': 'idle', 'ResidentSetSize': [0], 'TotalUserCpuTimeHistory': [0.0], 'SiteHistory': ['Unknown'], 'TotalSysCpuTimeHistory': [0.0]}, '48': {'Retries': 0, 'WallDurations': [0], 'StartTimes': [], 'SubmitTimes': [1509523086.0], 'JobIds': ['14597239.0'], 'EndTimes': [], 'Restarts': 0, 'RecordedSite': False, 'State': 'idle', 'ResidentSetSize': [0], 'TotalUserCpuTimeHistory': [0.0], 'SiteHistory': ['Unknown'], 'TotalSysCpuTimeHistory': [0.0]}, '49': {'Retries': 0, 'WallDurations': [0], 'StartTimes': [], 'SubmitTimes': [1509523087.0], 'JobIds': ['14597240.0'], 'EndTimes': [], 'Restarts': 0, 'RecordedSite': False, 'State': 'idle', 'ResidentSetSize': [0], 'TotalUserCpuTimeHistory': [0.0], 'SiteHistory': ['Unknown'], 'TotalSysCpuTimeHistory': [0.0]}, '46': {'Retries': 0, 'WallDurations': [0], 'StartTimes': [], 'SubmitTimes': [1509523080.0], 'JobIds': ['14597231.0'], 'EndTimes': [], 'Restarts': 0, 'RecordedSite': False, 'State': 'idle', 'ResidentSetSize': [0], 'TotalUserCpuTimeHistory': [0.0], 'SiteHistory': ['Unknown'], 'TotalSysCpuTimeHistory': [0.0]}, '47': {'Retries': 0, 'WallDurations': [0], 'StartTimes': [], 'SubmitTimes': [1509523086.0], 'JobIds': ['14597233.0'], 'EndTimes': [], 'Restarts': 0, 'RecordedSite': False, 'State': 'idle', 'ResidentSetSize': [0], 'TotalUserCpuTimeHistory': [0.0], 'SiteHistory': ['Unknown'], 'TotalSysCpuTimeHistory': [0.0]}, '44': {'Retries': 0, 'WallDurations': [0], 'StartTimes': [], 'SubmitTimes': [1509523086.0], 'JobIds': ['14597237.0'], 'EndTimes': [], 'Restarts': 0, 'RecordedSite': False, 'State': 'idle', 'ResidentSetSize': [0], 'TotalUserCpuTimeHistory': [0.0], 'SiteHistory': ['Unknown'], 'TotalSysCpuTimeHistory': [0.0]}, '45': {'Retries': 0, 'WallDurations': [0], 'StartTimes': [], 'SubmitTimes': [1509523086.0], 'JobIds': ['14597238.0'], 'EndTimes': [], 'Restarts': 0, 'RecordedSite': False, 'State': 'idle', 'ResidentSetSize': [0], 'TotalUserCpuTimeHistory': [0.0], 'SiteHistory': ['Unknown'], 'TotalSysCpuTimeHistory': [0.0]}, '42': {'Retries': 0, 'WallDurations': [0], 'StartTimes': [], 'SubmitTimes': [1509523086.0], 'JobIds': ['14597236.0'], 'EndTimes': [], 'Restarts': 0, 'RecordedSite': False, 'State': 'idle', 'ResidentSetSize': [0], 'TotalUserCpuTimeHistory': [0.0], 'SiteHistory': ['Unknown'], 'TotalSysCpuTimeHistory': [0.0]}, '29': {'Retries': 0, 'WallDurations': [0], 'StartTimes': [], 'SubmitTimes': [1509523079.0], 'JobIds': ['14597219.0'], 'EndTimes': [], 'Restarts': 0, 'RecordedSite': False, 'State': 'idle', 'ResidentSetSize': [0], 'TotalUserCpuTimeHistory': [0.0], 'SiteHistory': ['Unknown'], 'TotalSysCpuTimeHistory': [0.0]}, '40': {'Retries': 0, 'WallDurations': [0], 'StartTimes': [], 'SubmitTimes': [1509523080.0], 'JobIds': ['14597229.0'], 'EndTimes': [], 'Restarts': 0, 'RecordedSite': False, 'State': 'idle', 'ResidentSetSize': [0], 'TotalUserCpuTimeHistory': [0.0], 'SiteHistory': ['Unknown'], 'TotalSysCpuTimeHistory': [0.0]}, '41': {'Retries': 0, 'WallDurations': [0], 'StartTimes': [], 'SubmitTimes': [1509523080.0], 'JobIds': ['14597230.0'], 'EndTimes': [], 'Restarts': 0, 'RecordedSite': False, 'State': 'idle', 'ResidentSetSize': [0], 'TotalUserCpuTimeHistory': [0.0], 'SiteHistory': ['Unknown'], 'TotalSysCpuTimeHistory': [0.0]}, '1': {'Retries': 0, 'WallDurations': [0], 'StartTimes': [], 'SubmitTimes': [1509523076.0], 'JobIds': ['14597192.0'], 'EndTimes': [], 'Restarts': 0, 'RecordedSite': False, 'State': 'idle', 'ResidentSetSize': [0], 'TotalUserCpuTimeHistory': [0.0], 'SiteHistory': ['Unknown'], 'TotalSysCpuTimeHistory': [0.0]}, '3': {'Retries': 0, 'WallDurations': [0], 'StartTimes': [], 'SubmitTimes': [1509523077.0], 'JobIds': ['14597199.0'], 'EndTimes': [], 'Restarts': 0, 'RecordedSite': False, 'State': 'idle', 'ResidentSetSize': [0], 'TotalUserCpuTimeHistory': [0.0], 'SiteHistory': ['Unknown'], 'TotalSysCpuTimeHistory': [0.0]}, '2': {'Retries': 0, 'WallDurations': [0], 'StartTimes': [], 'SubmitTimes': [1509523076.0], 'JobIds': ['14597193.0'], 'EndTimes': [], 'Restarts': 0, 'RecordedSite': False, 'State': 'idle', 'ResidentSetSize': [0], 'TotalUserCpuTimeHistory': [0.0], 'SiteHistory': ['Unknown'], 'TotalSysCpuTimeHistory': [0.0]}, '5': {'Retries': 0, 'WallDurations': [0], 'StartTimes': [], 'SubmitTimes': [1509523076.0], 'JobIds': ['14597191.0'], 'EndTimes': [], 'Restarts': 0, 'RecordedSite': False, 'State': 'idle', 'ResidentSetSize': [0], 'TotalUserCpuTimeHistory': [0.0], 'SiteHistory': ['Unknown'], 'TotalSysCpuTimeHistory': [0.0]}, '4': {'Retries': 0, 'WallDurations': [0], 'StartTimes': [], 'SubmitTimes': [1509523076.0], 'JobIds': ['14597194.0'], 'EndTimes': [], 'Restarts': 0, 'RecordedSite': False, 'State': 'idle', 'ResidentSetSize': [0], 'TotalUserCpuTimeHistory': [0.0], 'SiteHistory': ['Unknown'], 'TotalSysCpuTimeHistory': [0.0]}, '7': {'Retries': 0, 'WallDurations': [0], 'StartTimes': [], 'SubmitTimes': [1509523077.0], 'JobIds': ['14597196.0'], 'EndTimes': [], 'Restarts': 0, 'RecordedSite': False, 'State': 'idle', 'ResidentSetSize': [0], 'TotalUserCpuTimeHistory': [0.0], 'SiteHistory': ['Unknown'], 'TotalSysCpuTimeHistory': [0.0]}, '6': {'Retries': 0, 'WallDurations': [0], 'StartTimes': [], 'SubmitTimes': [1509523076.0], 'JobIds': ['14597195.0'], 'EndTimes': [], 'Restarts': 0, 'RecordedSite': False, 'State': 'idle', 'ResidentSetSize': [0], 'TotalUserCpuTimeHistory': [0.0], 'SiteHistory': ['Unknown'], 'TotalSysCpuTimeHistory': [0.0]}, '9': {'Retries': 0, 'WallDurations': [0], 'StartTimes': [], 'SubmitTimes': [1509523077.0], 'JobIds': ['14597198.0'], 'EndTimes': [], 'Restarts': 0, 'RecordedSite': False, 'State': 'idle', 'ResidentSetSize': [0], 'TotalUserCpuTimeHistory': [0.0], 'SiteHistory': ['Unknown'], 'TotalSysCpuTimeHistory': [0.0]}, '8': {'Retries': 0, 'WallDurations': [0], 'StartTimes': [], 'SubmitTimes': [1509523077.0], 'JobIds': ['14597197.0'], 'EndTimes': [], 'Restarts': 0, 'RecordedSite': False, 'State': 'idle', 'ResidentSetSize': [0], 'TotalUserCpuTimeHistory': [0.0], 'SiteHistory': ['Unknown'], 'TotalSysCpuTimeHistory': [0.0]}, '13': {'Retries': 0, 'WallDurations': [0], 'StartTimes': [], 'SubmitTimes': [1509523077.0], 'JobIds': ['14597203.0'], 'EndTimes': [], 'Restarts': 0, 'RecordedSite': False, 'State': 'idle', 'ResidentSetSize': [0], 'TotalUserCpuTimeHistory': [0.0], 'SiteHistory': ['Unknown'], 'TotalSysCpuTimeHistory': [0.0]}, '12': {'Retries': 0, 'WallDurations': [0], 'StartTimes': [], 'SubmitTimes': [1509523078.0], 'JobIds': ['14597207.0'], 'EndTimes': [], 'Restarts': 0, 'RecordedSite': False, 'State': 'idle', 'ResidentSetSize': [0], 'TotalUserCpuTimeHistory': [0.0], 'SiteHistory': ['Unknown'], 'TotalSysCpuTimeHistory': [0.0]}, '14': {'Retries': 0, 'WallDurations': [0], 'StartTimes': [], 'SubmitTimes': [1509523078.0], 'JobIds': ['14597204.0'], 'EndTimes': [], 'Restarts': 0, 'RecordedSite': False, 'State': 'idle', 'ResidentSetSize': [0], 'TotalUserCpuTimeHistory': [0.0], 'SiteHistory': ['Unknown'], 'TotalSysCpuTimeHistory': [0.0]}, '11': {'Retries': 0, 'WallDurations': [0], 'StartTimes': [], 'SubmitTimes': [1509523077.0], 'JobIds': ['14597201.0'], 'EndTimes': [], 'Restarts': 0, 'RecordedSite': False, 'State': 'idle', 'ResidentSetSize': [0], 'TotalUserCpuTimeHistory': [0.0], 'SiteHistory': ['Unknown'], 'TotalSysCpuTimeHistory': [0.0]}, '10': {'Retries': 0, 'WallDurations': [0], 'StartTimes': [], 'SubmitTimes': [1509523077.0], 'JobIds': ['14597200.0'], 'EndTimes': [], 'Restarts': 0, 'RecordedSite': False, 'State': 'idle', 'ResidentSetSize': [0], 'TotalUserCpuTimeHistory': [0.0], 'SiteHistory': ['Unknown'], 'TotalSysCpuTimeHistory': [0.0]}, '39': {'Retries': 0, 'WallDurations': [0], 'StartTimes': [], 'SubmitTimes': [1509523080.0], 'JobIds': ['14597225.0'], 'EndTimes': [], 'Restarts': 0, 'RecordedSite': False, 'State': 'idle', 'ResidentSetSize': [0], 'TotalUserCpuTimeHistory': [0.0], 'SiteHistory': ['Unknown'], 'TotalSysCpuTimeHistory': [0.0]}, '38': {'Retries': 0, 'WallDurations': [0], 'StartTimes': [], 'SubmitTimes': [1509523080.0], 'JobIds': ['14597226.0'], 'EndTimes': [], 'Restarts': 0, 'RecordedSite': False, 'State': 'idle', 'ResidentSetSize': [0], 'TotalUserCpuTimeHistory': [0.0], 'SiteHistory': ['Unknown'], 'TotalSysCpuTimeHistory': [0.0]}, '15': {'Retries': 0, 'WallDurations': [0], 'StartTimes': [], 'SubmitTimes': [1509523077.0], 'JobIds': ['14597202.0'], 'EndTimes': [], 'Restarts': 0, 'RecordedSite': False, 'State': 'idle', 'ResidentSetSize': [0], 'TotalUserCpuTimeHistory': [0.0], 'SiteHistory': ['Unknown'], 'TotalSysCpuTimeHistory': [0.0]}, '22': {'Retries': 0, 'WallDurations': [0], 'StartTimes': [], 'SubmitTimes': [1509523079.0], 'JobIds': ['14597212.0'], 'EndTimes': [], 'Restarts': 0, 'RecordedSite': False, 'State': 'idle', 'ResidentSetSize': [0], 'TotalUserCpuTimeHistory': [0.0], 'SiteHistory': ['Unknown'], 'TotalSysCpuTimeHistory': [0.0]}, '17': {'Retries': 0, 'WallDurations': [0], 'StartTimes': [], 'SubmitTimes': [1509523078.0], 'JobIds': ['14597208.0'], 'EndTimes': [], 'Restarts': 0, 'RecordedSite': False, 'State': 'idle', 'ResidentSetSize': [0], 'TotalUserCpuTimeHistory': [0.0], 'SiteHistory': ['Unknown'], 'TotalSysCpuTimeHistory': [0.0]}, '16': {'Retries': 0, 'WallDurations': [0], 'StartTimes': [], 'SubmitTimes': [1509523078.0], 'JobIds': ['14597205.0'], 'EndTimes': [], 'Restarts': 0, 'RecordedSite': False, 'State': 'idle', 'ResidentSetSize': [0], 'TotalUserCpuTimeHistory': [0.0], 'SiteHistory': ['Unknown'], 'TotalSysCpuTimeHistory': [0.0]}, '19': {'Retries': 0, 'WallDurations': [0], 'StartTimes': [], 'SubmitTimes': [1509523078.0], 'JobIds': ['14597209.0'], 'EndTimes': [], 'Restarts': 0, 'RecordedSite': False, 'State': 'idle', 'ResidentSetSize': [0], 'TotalUserCpuTimeHistory': [0.0], 'SiteHistory': ['Unknown'], 'TotalSysCpuTimeHistory': [0.0]}, '18': {'Retries': 0, 'WallDurations': [0], 'StartTimes': [], 'SubmitTimes': [1509523078.0], 'JobIds': ['14597206.0'], 'EndTimes': [], 'Restarts': 0, 'RecordedSite': False, 'State': 'idle', 'ResidentSetSize': [0], 'TotalUserCpuTimeHistory': [0.0], 'SiteHistory': ['Unknown'], 'TotalSysCpuTimeHistory': [0.0]}, '31': {'Retries': 0, 'WallDurations': [0], 'StartTimes': [], 'SubmitTimes': [1509523079.0], 'JobIds': ['14597220.0'], 'EndTimes': [], 'Restarts': 0, 'RecordedSite': False, 'State': 'idle', 'ResidentSetSize': [0], 'TotalUserCpuTimeHistory': [0.0], 'SiteHistory': ['Unknown'], 'TotalSysCpuTimeHistory': [0.0]}, '23': {'Retries': 0, 'WallDurations': [0], 'StartTimes': [], 'SubmitTimes': [1509523079.0], 'JobIds': ['14597213.0'], 'EndTimes': [], 'Restarts': 0, 'RecordedSite': False, 'State': 'idle', 'ResidentSetSize': [0], 'TotalUserCpuTimeHistory': [0.0], 'SiteHistory': ['Unknown'], 'TotalSysCpuTimeHistory': [0.0]}, '37': {'Retries': 0, 'WallDurations': [0], 'StartTimes': [], 'SubmitTimes': [1509523080.0], 'JobIds': ['14597227.0'], 'EndTimes': [], 'Restarts': 0, 'RecordedSite': False, 'State': 'idle', 'ResidentSetSize': [0], 'TotalUserCpuTimeHistory': [0.0], 'SiteHistory': ['Unknown'], 'TotalSysCpuTimeHistory': [0.0]}, '50': {'Retries': 0, 'WallDurations': [0], 'StartTimes': [], 'SubmitTimes': [1509523086.0], 'JobIds': ['14597234.0'], 'EndTimes': [], 'Restarts': 0, 'RecordedSite': False, 'State': 'idle', 'ResidentSetSize': [0], 'TotalUserCpuTimeHistory': [0.0], 'SiteHistory': ['Unknown'], 'TotalSysCpuTimeHistory': [0.0]}, '35': {'Retries': 0, 'WallDurations': [0], 'StartTimes': [], 'SubmitTimes': [1509523080.0], 'JobIds': ['14597222.0'], 'EndTimes': [], 'Restarts': 0, 'RecordedSite': False, 'State': 'idle', 'ResidentSetSize': [0], 'TotalUserCpuTimeHistory': [0.0], 'SiteHistory': ['Unknown'], 'TotalSysCpuTimeHistory': [0.0]}, '34': {'Retries': 0, 'WallDurations': [0], 'StartTimes': [], 'SubmitTimes': [1509523080.0], 'JobIds': ['14597228.0'], 'EndTimes': [], 'Restarts': 0, 'RecordedSite': False, 'State': 'idle', 'ResidentSetSize': [0], 'TotalUserCpuTimeHistory': [0.0], 'SiteHistory': ['Unknown'], 'TotalSysCpuTimeHistory': [0.0]}, '33': {'Retries': 0, 'WallDurations': [0], 'StartTimes': [], 'SubmitTimes': [1509523080.0], 'JobIds': ['14597224.0'], 'EndTimes': [], 'Restarts': 0, 'RecordedSite': False, 'State': 'idle', 'ResidentSetSize': [0], 'TotalUserCpuTimeHistory': [0.0], 'SiteHistory': ['Unknown'], 'TotalSysCpuTimeHistory': [0.0]}, '32': {'Retries': 0, 'WallDurations': [0], 'StartTimes': [], 'SubmitTimes': [1509523079.0], 'JobIds': ['14597221.0'], 'EndTimes': [], 'Restarts': 0, 'RecordedSite': False, 'State': 'idle', 'ResidentSetSize': [0], 'TotalUserCpuTimeHistory': [0.0], 'SiteHistory': ['Unknown'], 'TotalSysCpuTimeHistory': [0.0]}}
INFO 2017-11-01 09:00:23,401: 	 Status on the scheduler:	SUBMITTED
INFO 2017-11-01 09:00:23,401: 	 
Jobs status:                    idle          100.0% (50/50)
INFO 2017-11-01 09:00:23,402: 	 
No publication information (publication has been disabled in the CRAB configuration file)
INFO 2017-11-01 09:00:23,448: 	 Log file is /nfs/dust/cms/user/zoiirene/UpgradeStudiesGtoWW/framework93X/new932/CMSSW_9_3_2/src/UHH2/scripts/crab/crab_Graviton/crab_QCD_Flat_Pt-15to7000_TuneCUETP8M1_14TeV_PhaseIITDRFall17_PU200/crab.log
